mode: atomic
github.com/matiasleandrokruk/fenix/cmd/fenix/main.go:15.13,24.18 3 0
github.com/matiasleandrokruk/fenix/cmd/fenix/main.go:24.18,27.3 2 0
github.com/matiasleandrokruk/fenix/cmd/fenix/main.go:30.2,30.15 1 0
github.com/matiasleandrokruk/fenix/cmd/fenix/main.go:30.15,33.3 2 0
github.com/matiasleandrokruk/fenix/cmd/fenix/main.go:36.2,36.31 1 0
github.com/matiasleandrokruk/fenix/cmd/fenix/main.go:39.18,58.2 2 0
github.com/matiasleandrokruk/fenix/internal/api/ctxkeys/ctxkeys.go:24.76,26.2 1 0
github.com/matiasleandrokruk/fenix/internal/api/context.go:12.72,14.2 1 0
github.com/matiasleandrokruk/fenix/internal/api/context.go:17.58,19.23 2 0
github.com/matiasleandrokruk/fenix/internal/api/context.go:19.23,21.3 1 0
github.com/matiasleandrokruk/fenix/internal/api/context.go:22.2,22.18 1 0
github.com/matiasleandrokruk/fenix/internal/api/routes.go:26.37,39.64 7 0
github.com/matiasleandrokruk/fenix/internal/api/routes.go:39.64,43.3 3 0
github.com/matiasleandrokruk/fenix/internal/api/routes.go:46.2,47.38 2 0
github.com/matiasleandrokruk/fenix/internal/api/routes.go:47.38,50.3 2 0
github.com/matiasleandrokruk/fenix/internal/api/routes.go:56.2,56.40 1 0
github.com/matiasleandrokruk/fenix/internal/api/routes.go:56.40,63.43 5 0
github.com/matiasleandrokruk/fenix/internal/api/routes.go:63.43,70.4 6 0
github.com/matiasleandrokruk/fenix/internal/api/routes.go:72.3,72.43 1 0
github.com/matiasleandrokruk/fenix/internal/api/routes.go:72.43,78.4 5 0
github.com/matiasleandrokruk/fenix/internal/api/routes.go:81.3,89.40 9 0
github.com/matiasleandrokruk/fenix/internal/api/routes.go:89.40,95.4 5 0
github.com/matiasleandrokruk/fenix/internal/api/routes.go:97.3,97.40 1 0
github.com/matiasleandrokruk/fenix/internal/api/routes.go:97.40,103.4 5 0
github.com/matiasleandrokruk/fenix/internal/api/routes.go:105.3,105.40 1 0
github.com/matiasleandrokruk/fenix/internal/api/routes.go:105.40,111.4 5 0
github.com/matiasleandrokruk/fenix/internal/api/routes.go:113.3,113.44 1 0
github.com/matiasleandrokruk/fenix/internal/api/routes.go:113.44,123.4 9 0
github.com/matiasleandrokruk/fenix/internal/api/routes.go:125.3,125.45 1 0
github.com/matiasleandrokruk/fenix/internal/api/routes.go:125.45,131.4 5 0
github.com/matiasleandrokruk/fenix/internal/api/routes.go:133.3,133.40 1 0
github.com/matiasleandrokruk/fenix/internal/api/routes.go:133.40,139.4 5 0
github.com/matiasleandrokruk/fenix/internal/api/routes.go:141.3,141.46 1 0
github.com/matiasleandrokruk/fenix/internal/api/routes.go:141.46,146.4 4 0
github.com/matiasleandrokruk/fenix/internal/api/routes.go:148.3,148.43 1 0
github.com/matiasleandrokruk/fenix/internal/api/routes.go:148.43,151.4 2 0
github.com/matiasleandrokruk/fenix/internal/api/routes.go:155.3,165.44 8 0
github.com/matiasleandrokruk/fenix/internal/api/routes.go:165.44,167.4 1 0
github.com/matiasleandrokruk/fenix/internal/api/routes.go:170.2,170.10 1 0
github.com/matiasleandrokruk/fenix/internal/api/middleware/audit.go:32.74,33.46 1 0
github.com/matiasleandrokruk/fenix/internal/api/middleware/audit.go:33.46,34.72 1 0
github.com/matiasleandrokruk/fenix/internal/api/middleware/audit.go:34.72,35.21 1 0
github.com/matiasleandrokruk/fenix/internal/api/middleware/audit.go:35.21,38.5 2 0
github.com/matiasleandrokruk/fenix/internal/api/middleware/audit.go:40.4,41.11 2 0
github.com/matiasleandrokruk/fenix/internal/api/middleware/audit.go:41.11,44.5 2 0
github.com/matiasleandrokruk/fenix/internal/api/middleware/audit.go:46.4,47.11 2 0
github.com/matiasleandrokruk/fenix/internal/api/middleware/audit.go:47.11,50.5 2 0
github.com/matiasleandrokruk/fenix/internal/api/middleware/audit.go:52.4,72.5 5 0
github.com/matiasleandrokruk/fenix/internal/api/middleware/audit.go:82.54,85.2 2 0
github.com/matiasleandrokruk/fenix/internal/api/middleware/audit.go:87.76,89.20 2 0
github.com/matiasleandrokruk/fenix/internal/api/middleware/audit.go:89.20,91.3 1 0
github.com/matiasleandrokruk/fenix/internal/api/middleware/audit.go:92.2,92.16 1 0
github.com/matiasleandrokruk/fenix/internal/api/middleware/audit.go:95.60,96.9 1 0
github.com/matiasleandrokruk/fenix/internal/api/middleware/audit.go:97.45,98.36 1 0
github.com/matiasleandrokruk/fenix/internal/api/middleware/audit.go:99.83,100.35 1 0
github.com/matiasleandrokruk/fenix/internal/api/middleware/audit.go:101.10,102.34 1 0
github.com/matiasleandrokruk/fenix/internal/api/middleware/audit.go:106.72,108.70 2 0
github.com/matiasleandrokruk/fenix/internal/api/middleware/audit.go:108.70,111.3 2 0
github.com/matiasleandrokruk/fenix/internal/api/middleware/audit.go:113.2,114.22 2 0
github.com/matiasleandrokruk/fenix/internal/api/middleware/audit.go:114.22,117.3 2 0
github.com/matiasleandrokruk/fenix/internal/api/middleware/audit.go:119.2,119.24 1 0
github.com/matiasleandrokruk/fenix/internal/api/middleware/audit.go:119.24,122.3 2 0
github.com/matiasleandrokruk/fenix/internal/api/middleware/audit.go:124.2,126.53 3 0
github.com/matiasleandrokruk/fenix/internal/api/middleware/audit.go:129.43,143.40 2 0
github.com/matiasleandrokruk/fenix/internal/api/middleware/audit.go:143.40,145.3 1 0
github.com/matiasleandrokruk/fenix/internal/api/middleware/audit.go:146.2,146.11 1 0
github.com/matiasleandrokruk/fenix/internal/api/middleware/audit.go:149.56,150.31 1 0
github.com/matiasleandrokruk/fenix/internal/api/middleware/audit.go:150.31,152.3 1 0
github.com/matiasleandrokruk/fenix/internal/api/middleware/audit.go:153.2,153.30 1 0
github.com/matiasleandrokruk/fenix/internal/api/middleware/audit.go:153.30,155.3 1 0
github.com/matiasleandrokruk/fenix/internal/api/middleware/audit.go:156.2,156.47 1 0
github.com/matiasleandrokruk/fenix/internal/api/middleware/audit.go:159.52,160.30 1 0
github.com/matiasleandrokruk/fenix/internal/api/middleware/audit.go:160.30,162.3 1 0
github.com/matiasleandrokruk/fenix/internal/api/middleware/audit.go:163.2,163.60 1 0
github.com/matiasleandrokruk/fenix/internal/api/middleware/audit.go:163.60,165.3 1 0
github.com/matiasleandrokruk/fenix/internal/api/middleware/audit.go:166.2,166.33 1 0
github.com/matiasleandrokruk/fenix/internal/api/middleware/audit.go:166.33,168.3 1 0
github.com/matiasleandrokruk/fenix/internal/api/middleware/audit.go:169.2,169.31 1 0
github.com/matiasleandrokruk/fenix/internal/api/middleware/audit.go:169.31,171.3 1 0
github.com/matiasleandrokruk/fenix/internal/api/middleware/audit.go:172.2,172.47 1 0
github.com/matiasleandrokruk/fenix/internal/api/middleware/audit.go:175.31,177.2 1 0
github.com/matiasleandrokruk/fenix/internal/api/middleware/auth.go:23.53,24.71 1 11
github.com/matiasleandrokruk/fenix/internal/api/middleware/auth.go:24.71,26.24 2 11
github.com/matiasleandrokruk/fenix/internal/api/middleware/auth.go:26.24,29.4 2 4
github.com/matiasleandrokruk/fenix/internal/api/middleware/auth.go:31.3,32.17 2 7
github.com/matiasleandrokruk/fenix/internal/api/middleware/auth.go:32.17,35.4 2 3
github.com/matiasleandrokruk/fenix/internal/api/middleware/auth.go:38.3,42.40 4 4
github.com/matiasleandrokruk/fenix/internal/api/middleware/auth.go:49.49,51.18 2 11
github.com/matiasleandrokruk/fenix/internal/api/middleware/auth.go:51.18,53.3 1 2
github.com/matiasleandrokruk/fenix/internal/api/middleware/auth.go:56.2,57.40 2 9
github.com/matiasleandrokruk/fenix/internal/api/middleware/auth.go:57.40,59.3 1 1
github.com/matiasleandrokruk/fenix/internal/api/middleware/auth.go:61.2,63.14 3 8
github.com/matiasleandrokruk/fenix/internal/api/middleware/auth.go:68.63,72.2 3 7
github.com/matiasleandrokruk/fenix/internal/infra/sqlite/sqlcgen/account.sql.go:18.100,23.2 4 0
github.com/matiasleandrokruk/fenix/internal/infra/sqlite/sqlcgen/account.sql.go:48.85,63.2 2 0
github.com/matiasleandrokruk/fenix/internal/infra/sqlite/sqlcgen/account.sql.go:79.98,97.2 4 0
github.com/matiasleandrokruk/fenix/internal/infra/sqlite/sqlcgen/account.sql.go:113.110,115.16 2 0
github.com/matiasleandrokruk/fenix/internal/infra/sqlite/sqlcgen/account.sql.go:115.16,117.3 1 0
github.com/matiasleandrokruk/fenix/internal/infra/sqlite/sqlcgen/account.sql.go:118.2,120.18 3 0
github.com/matiasleandrokruk/fenix/internal/infra/sqlite/sqlcgen/account.sql.go:120.18,135.17 2 0
github.com/matiasleandrokruk/fenix/internal/infra/sqlite/sqlcgen/account.sql.go:135.17,137.4 1 0
github.com/matiasleandrokruk/fenix/internal/infra/sqlite/sqlcgen/account.sql.go:138.3,138.27 1 0
github.com/matiasleandrokruk/fenix/internal/infra/sqlite/sqlcgen/account.sql.go:140.2,140.37 1 0
github.com/matiasleandrokruk/fenix/internal/infra/sqlite/sqlcgen/account.sql.go:140.37,142.3 1 0
github.com/matiasleandrokruk/fenix/internal/infra/sqlite/sqlcgen/account.sql.go:143.2,143.35 1 0
github.com/matiasleandrokruk/fenix/internal/infra/sqlite/sqlcgen/account.sql.go:143.35,145.3 1 0
github.com/matiasleandrokruk/fenix/internal/infra/sqlite/sqlcgen/account.sql.go:146.2,146.19 1 0
github.com/matiasleandrokruk/fenix/internal/infra/sqlite/sqlcgen/account.sql.go:165.118,167.16 2 0
github.com/matiasleandrokruk/fenix/internal/infra/sqlite/sqlcgen/account.sql.go:167.16,169.3 1 0
github.com/matiasleandrokruk/fenix/internal/infra/sqlite/sqlcgen/account.sql.go:170.2,172.18 3 0
github.com/matiasleandrokruk/fenix/internal/infra/sqlite/sqlcgen/account.sql.go:172.18,187.17 2 0
github.com/matiasleandrokruk/fenix/internal/infra/sqlite/sqlcgen/account.sql.go:187.17,189.4 1 0
github.com/matiasleandrokruk/fenix/internal/infra/sqlite/sqlcgen/account.sql.go:190.3,190.27 1 0
github.com/matiasleandrokruk/fenix/internal/infra/sqlite/sqlcgen/account.sql.go:192.2,192.37 1 0
github.com/matiasleandrokruk/fenix/internal/infra/sqlite/sqlcgen/account.sql.go:192.37,194.3 1 0
github.com/matiasleandrokruk/fenix/internal/infra/sqlite/sqlcgen/account.sql.go:195.2,195.35 1 0
github.com/matiasleandrokruk/fenix/internal/infra/sqlite/sqlcgen/account.sql.go:195.35,197.3 1 0
github.com/matiasleandrokruk/fenix/internal/infra/sqlite/sqlcgen/account.sql.go:198.2,198.19 1 0
github.com/matiasleandrokruk/fenix/internal/infra/sqlite/sqlcgen/account.sql.go:217.93,225.2 2 0
github.com/matiasleandrokruk/fenix/internal/infra/sqlite/sqlcgen/account.sql.go:255.85,269.2 2 0
github.com/matiasleandrokruk/fenix/internal/infra/sqlite/sqlcgen/activity.sql.go:25.114,30.2 4 0
github.com/matiasleandrokruk/fenix/internal/infra/sqlite/sqlcgen/activity.sql.go:37.102,42.2 4 0
github.com/matiasleandrokruk/fenix/internal/infra/sqlite/sqlcgen/activity.sql.go:56.132,61.2 4 0
github.com/matiasleandrokruk/fenix/internal/infra/sqlite/sqlcgen/activity.sql.go:89.87,108.2 2 0
github.com/matiasleandrokruk/fenix/internal/infra/sqlite/sqlcgen/activity.sql.go:121.87,124.2 2 0
github.com/matiasleandrokruk/fenix/internal/infra/sqlite/sqlcgen/activity.sql.go:139.101,160.2 4 0
github.com/matiasleandrokruk/fenix/internal/infra/sqlite/sqlcgen/activity.sql.go:182.121,184.16 2 0
github.com/matiasleandrokruk/fenix/internal/infra/sqlite/sqlcgen/activity.sql.go:184.16,186.3 1 0
github.com/matiasleandrokruk/fenix/internal/infra/sqlite/sqlcgen/activity.sql.go:187.2,189.18 3 0
github.com/matiasleandrokruk/fenix/internal/infra/sqlite/sqlcgen/activity.sql.go:189.18,207.17 2 0
github.com/matiasleandrokruk/fenix/internal/infra/sqlite/sqlcgen/activity.sql.go:207.17,209.4 1 0
github.com/matiasleandrokruk/fenix/internal/infra/sqlite/sqlcgen/activity.sql.go:210.3,210.27 1 0
github.com/matiasleandrokruk/fenix/internal/infra/sqlite/sqlcgen/activity.sql.go:212.2,212.37 1 0
github.com/matiasleandrokruk/fenix/internal/infra/sqlite/sqlcgen/activity.sql.go:212.37,214.3 1 0
github.com/matiasleandrokruk/fenix/internal/infra/sqlite/sqlcgen/activity.sql.go:215.2,215.35 1 0
github.com/matiasleandrokruk/fenix/internal/infra/sqlite/sqlcgen/activity.sql.go:215.35,217.3 1 0
github.com/matiasleandrokruk/fenix/internal/infra/sqlite/sqlcgen/activity.sql.go:218.2,218.19 1 0
github.com/matiasleandrokruk/fenix/internal/infra/sqlite/sqlcgen/activity.sql.go:236.117,238.16 2 0
github.com/matiasleandrokruk/fenix/internal/infra/sqlite/sqlcgen/activity.sql.go:238.16,240.3 1 0
github.com/matiasleandrokruk/fenix/internal/infra/sqlite/sqlcgen/activity.sql.go:241.2,243.18 3 0
github.com/matiasleandrokruk/fenix/internal/infra/sqlite/sqlcgen/activity.sql.go:243.18,261.17 2 0
github.com/matiasleandrokruk/fenix/internal/infra/sqlite/sqlcgen/activity.sql.go:261.17,263.4 1 0
github.com/matiasleandrokruk/fenix/internal/infra/sqlite/sqlcgen/activity.sql.go:264.3,264.27 1 0
github.com/matiasleandrokruk/fenix/internal/infra/sqlite/sqlcgen/activity.sql.go:266.2,266.37 1 0
github.com/matiasleandrokruk/fenix/internal/infra/sqlite/sqlcgen/activity.sql.go:266.37,268.3 1 0
github.com/matiasleandrokruk/fenix/internal/infra/sqlite/sqlcgen/activity.sql.go:269.2,269.35 1 0
github.com/matiasleandrokruk/fenix/internal/infra/sqlite/sqlcgen/activity.sql.go:269.35,271.3 1 0
github.com/matiasleandrokruk/fenix/internal/infra/sqlite/sqlcgen/activity.sql.go:272.2,272.19 1 0
github.com/matiasleandrokruk/fenix/internal/infra/sqlite/sqlcgen/activity.sql.go:288.115,290.16 2 0
github.com/matiasleandrokruk/fenix/internal/infra/sqlite/sqlcgen/activity.sql.go:290.16,292.3 1 0
github.com/matiasleandrokruk/fenix/internal/infra/sqlite/sqlcgen/activity.sql.go:293.2,295.18 3 0
github.com/matiasleandrokruk/fenix/internal/infra/sqlite/sqlcgen/activity.sql.go:295.18,313.17 2 0
github.com/matiasleandrokruk/fenix/internal/infra/sqlite/sqlcgen/activity.sql.go:313.17,315.4 1 0
github.com/matiasleandrokruk/fenix/internal/infra/sqlite/sqlcgen/activity.sql.go:316.3,316.27 1 0
github.com/matiasleandrokruk/fenix/internal/infra/sqlite/sqlcgen/activity.sql.go:318.2,318.37 1 0
github.com/matiasleandrokruk/fenix/internal/infra/sqlite/sqlcgen/activity.sql.go:318.37,320.3 1 0
github.com/matiasleandrokruk/fenix/internal/infra/sqlite/sqlcgen/activity.sql.go:321.2,321.35 1 0
github.com/matiasleandrokruk/fenix/internal/infra/sqlite/sqlcgen/activity.sql.go:321.35,323.3 1 0
github.com/matiasleandrokruk/fenix/internal/infra/sqlite/sqlcgen/activity.sql.go:324.2,324.19 1 0
github.com/matiasleandrokruk/fenix/internal/infra/sqlite/sqlcgen/activity.sql.go:340.117,342.16 2 0
github.com/matiasleandrokruk/fenix/internal/infra/sqlite/sqlcgen/activity.sql.go:342.16,344.3 1 0
github.com/matiasleandrokruk/fenix/internal/infra/sqlite/sqlcgen/activity.sql.go:345.2,347.18 3 0
github.com/matiasleandrokruk/fenix/internal/infra/sqlite/sqlcgen/activity.sql.go:347.18,365.17 2 0
github.com/matiasleandrokruk/fenix/internal/infra/sqlite/sqlcgen/activity.sql.go:365.17,367.4 1 0
github.com/matiasleandrokruk/fenix/internal/infra/sqlite/sqlcgen/activity.sql.go:368.3,368.27 1 0
github.com/matiasleandrokruk/fenix/internal/infra/sqlite/sqlcgen/activity.sql.go:370.2,370.37 1 0
github.com/matiasleandrokruk/fenix/internal/infra/sqlite/sqlcgen/activity.sql.go:370.37,372.3 1 0
github.com/matiasleandrokruk/fenix/internal/infra/sqlite/sqlcgen/activity.sql.go:373.2,373.35 1 0
github.com/matiasleandrokruk/fenix/internal/infra/sqlite/sqlcgen/activity.sql.go:373.35,375.3 1 0
github.com/matiasleandrokruk/fenix/internal/infra/sqlite/sqlcgen/activity.sql.go:376.2,376.19 1 0
github.com/matiasleandrokruk/fenix/internal/infra/sqlite/sqlcgen/activity.sql.go:392.113,394.16 2 0
github.com/matiasleandrokruk/fenix/internal/infra/sqlite/sqlcgen/activity.sql.go:394.16,396.3 1 0
github.com/matiasleandrokruk/fenix/internal/infra/sqlite/sqlcgen/activity.sql.go:397.2,399.18 3 0
github.com/matiasleandrokruk/fenix/internal/infra/sqlite/sqlcgen/activity.sql.go:399.18,417.17 2 0
github.com/matiasleandrokruk/fenix/internal/infra/sqlite/sqlcgen/activity.sql.go:417.17,419.4 1 0
github.com/matiasleandrokruk/fenix/internal/infra/sqlite/sqlcgen/activity.sql.go:420.3,420.27 1 0
github.com/matiasleandrokruk/fenix/internal/infra/sqlite/sqlcgen/activity.sql.go:422.2,422.37 1 0
github.com/matiasleandrokruk/fenix/internal/infra/sqlite/sqlcgen/activity.sql.go:422.37,424.3 1 0
github.com/matiasleandrokruk/fenix/internal/infra/sqlite/sqlcgen/activity.sql.go:425.2,425.35 1 0
github.com/matiasleandrokruk/fenix/internal/infra/sqlite/sqlcgen/activity.sql.go:425.35,427.3 1 0
github.com/matiasleandrokruk/fenix/internal/infra/sqlite/sqlcgen/activity.sql.go:428.2,428.19 1 0
github.com/matiasleandrokruk/fenix/internal/infra/sqlite/sqlcgen/activity.sql.go:446.123,448.16 2 0
github.com/matiasleandrokruk/fenix/internal/infra/sqlite/sqlcgen/activity.sql.go:448.16,450.3 1 0
github.com/matiasleandrokruk/fenix/internal/infra/sqlite/sqlcgen/activity.sql.go:451.2,453.18 3 0
github.com/matiasleandrokruk/fenix/internal/infra/sqlite/sqlcgen/activity.sql.go:453.18,471.17 2 0
github.com/matiasleandrokruk/fenix/internal/infra/sqlite/sqlcgen/activity.sql.go:471.17,473.4 1 0
github.com/matiasleandrokruk/fenix/internal/infra/sqlite/sqlcgen/activity.sql.go:474.3,474.27 1 0
github.com/matiasleandrokruk/fenix/internal/infra/sqlite/sqlcgen/activity.sql.go:476.2,476.37 1 0
github.com/matiasleandrokruk/fenix/internal/infra/sqlite/sqlcgen/activity.sql.go:476.37,478.3 1 0
github.com/matiasleandrokruk/fenix/internal/infra/sqlite/sqlcgen/activity.sql.go:479.2,479.35 1 0
github.com/matiasleandrokruk/fenix/internal/infra/sqlite/sqlcgen/activity.sql.go:479.35,481.3 1 0
github.com/matiasleandrokruk/fenix/internal/infra/sqlite/sqlcgen/activity.sql.go:482.2,482.19 1 0
github.com/matiasleandrokruk/fenix/internal/infra/sqlite/sqlcgen/activity.sql.go:501.135,503.16 2 0
github.com/matiasleandrokruk/fenix/internal/infra/sqlite/sqlcgen/activity.sql.go:503.16,505.3 1 0
github.com/matiasleandrokruk/fenix/internal/infra/sqlite/sqlcgen/activity.sql.go:506.2,508.18 3 0
github.com/matiasleandrokruk/fenix/internal/infra/sqlite/sqlcgen/activity.sql.go:508.18,526.17 2 0
github.com/matiasleandrokruk/fenix/internal/infra/sqlite/sqlcgen/activity.sql.go:526.17,528.4 1 0
github.com/matiasleandrokruk/fenix/internal/infra/sqlite/sqlcgen/activity.sql.go:529.3,529.27 1 0
github.com/matiasleandrokruk/fenix/internal/infra/sqlite/sqlcgen/activity.sql.go:531.2,531.37 1 0
github.com/matiasleandrokruk/fenix/internal/infra/sqlite/sqlcgen/activity.sql.go:531.37,533.3 1 0
github.com/matiasleandrokruk/fenix/internal/infra/sqlite/sqlcgen/activity.sql.go:534.2,534.35 1 0
github.com/matiasleandrokruk/fenix/internal/infra/sqlite/sqlcgen/activity.sql.go:534.35,536.3 1 0
github.com/matiasleandrokruk/fenix/internal/infra/sqlite/sqlcgen/activity.sql.go:537.2,537.19 1 0
github.com/matiasleandrokruk/fenix/internal/infra/sqlite/sqlcgen/activity.sql.go:575.87,593.2 2 0
github.com/matiasleandrokruk/fenix/internal/infra/sqlite/sqlcgen/attachment.sql.go:25.116,30.2 4 0
github.com/matiasleandrokruk/fenix/internal/infra/sqlite/sqlcgen/attachment.sql.go:37.103,42.2 4 0
github.com/matiasleandrokruk/fenix/internal/infra/sqlite/sqlcgen/attachment.sql.go:67.91,83.2 2 0
github.com/matiasleandrokruk/fenix/internal/infra/sqlite/sqlcgen/attachment.sql.go:96.91,99.2 2 0
github.com/matiasleandrokruk/fenix/internal/infra/sqlite/sqlcgen/attachment.sql.go:114.107,132.2 4 0
github.com/matiasleandrokruk/fenix/internal/infra/sqlite/sqlcgen/attachment.sql.go:139.115,144.2 4 0
github.com/matiasleandrokruk/fenix/internal/infra/sqlite/sqlcgen/attachment.sql.go:161.121,163.16 2 0
github.com/matiasleandrokruk/fenix/internal/infra/sqlite/sqlcgen/attachment.sql.go:163.16,165.3 1 0
github.com/matiasleandrokruk/fenix/internal/infra/sqlite/sqlcgen/attachment.sql.go:166.2,168.18 3 0
github.com/matiasleandrokruk/fenix/internal/infra/sqlite/sqlcgen/attachment.sql.go:168.18,183.17 2 0
github.com/matiasleandrokruk/fenix/internal/infra/sqlite/sqlcgen/attachment.sql.go:183.17,185.4 1 0
github.com/matiasleandrokruk/fenix/internal/infra/sqlite/sqlcgen/attachment.sql.go:186.3,186.27 1 0
github.com/matiasleandrokruk/fenix/internal/infra/sqlite/sqlcgen/attachment.sql.go:188.2,188.37 1 0
github.com/matiasleandrokruk/fenix/internal/infra/sqlite/sqlcgen/attachment.sql.go:188.37,190.3 1 0
github.com/matiasleandrokruk/fenix/internal/infra/sqlite/sqlcgen/attachment.sql.go:191.2,191.35 1 0
github.com/matiasleandrokruk/fenix/internal/infra/sqlite/sqlcgen/attachment.sql.go:191.35,193.3 1 0
github.com/matiasleandrokruk/fenix/internal/infra/sqlite/sqlcgen/attachment.sql.go:194.2,194.19 1 0
github.com/matiasleandrokruk/fenix/internal/infra/sqlite/sqlcgen/attachment.sql.go:210.125,212.16 2 0
github.com/matiasleandrokruk/fenix/internal/infra/sqlite/sqlcgen/attachment.sql.go:212.16,214.3 1 0
github.com/matiasleandrokruk/fenix/internal/infra/sqlite/sqlcgen/attachment.sql.go:215.2,217.18 3 0
github.com/matiasleandrokruk/fenix/internal/infra/sqlite/sqlcgen/attachment.sql.go:217.18,232.17 2 0
github.com/matiasleandrokruk/fenix/internal/infra/sqlite/sqlcgen/attachment.sql.go:232.17,234.4 1 0
github.com/matiasleandrokruk/fenix/internal/infra/sqlite/sqlcgen/attachment.sql.go:235.3,235.27 1 0
github.com/matiasleandrokruk/fenix/internal/infra/sqlite/sqlcgen/attachment.sql.go:237.2,237.37 1 0
github.com/matiasleandrokruk/fenix/internal/infra/sqlite/sqlcgen/attachment.sql.go:237.37,239.3 1 0
github.com/matiasleandrokruk/fenix/internal/infra/sqlite/sqlcgen/attachment.sql.go:240.2,240.35 1 0
github.com/matiasleandrokruk/fenix/internal/infra/sqlite/sqlcgen/attachment.sql.go:240.35,242.3 1 0
github.com/matiasleandrokruk/fenix/internal/infra/sqlite/sqlcgen/attachment.sql.go:243.2,243.19 1 0
github.com/matiasleandrokruk/fenix/internal/infra/sqlite/sqlcgen/attachment.sql.go:261.127,263.16 2 0
github.com/matiasleandrokruk/fenix/internal/infra/sqlite/sqlcgen/attachment.sql.go:263.16,265.3 1 0
github.com/matiasleandrokruk/fenix/internal/infra/sqlite/sqlcgen/attachment.sql.go:266.2,268.18 3 0
github.com/matiasleandrokruk/fenix/internal/infra/sqlite/sqlcgen/attachment.sql.go:268.18,283.17 2 0
github.com/matiasleandrokruk/fenix/internal/infra/sqlite/sqlcgen/attachment.sql.go:283.17,285.4 1 0
github.com/matiasleandrokruk/fenix/internal/infra/sqlite/sqlcgen/attachment.sql.go:286.3,286.27 1 0
github.com/matiasleandrokruk/fenix/internal/infra/sqlite/sqlcgen/attachment.sql.go:288.2,288.37 1 0
github.com/matiasleandrokruk/fenix/internal/infra/sqlite/sqlcgen/attachment.sql.go:288.37,290.3 1 0
github.com/matiasleandrokruk/fenix/internal/infra/sqlite/sqlcgen/attachment.sql.go:291.2,291.35 1 0
github.com/matiasleandrokruk/fenix/internal/infra/sqlite/sqlcgen/attachment.sql.go:291.35,293.3 1 0
github.com/matiasleandrokruk/fenix/internal/infra/sqlite/sqlcgen/attachment.sql.go:294.2,294.19 1 0
github.com/matiasleandrokruk/fenix/internal/infra/sqlite/sqlcgen/audit.sql.go:19.103,24.2 4 0
github.com/matiasleandrokruk/fenix/internal/infra/sqlite/sqlcgen/audit.sql.go:55.91,73.2 2 0
github.com/matiasleandrokruk/fenix/internal/infra/sqlite/sqlcgen/audit.sql.go:80.89,100.2 4 0
github.com/matiasleandrokruk/fenix/internal/infra/sqlite/sqlcgen/audit.sql.go:117.121,124.16 2 0
github.com/matiasleandrokruk/fenix/internal/infra/sqlite/sqlcgen/audit.sql.go:124.16,126.3 1 0
github.com/matiasleandrokruk/fenix/internal/infra/sqlite/sqlcgen/audit.sql.go:127.2,129.18 3 0
github.com/matiasleandrokruk/fenix/internal/infra/sqlite/sqlcgen/audit.sql.go:129.18,146.17 2 0
github.com/matiasleandrokruk/fenix/internal/infra/sqlite/sqlcgen/audit.sql.go:146.17,148.4 1 0
github.com/matiasleandrokruk/fenix/internal/infra/sqlite/sqlcgen/audit.sql.go:149.3,149.27 1 0
github.com/matiasleandrokruk/fenix/internal/infra/sqlite/sqlcgen/audit.sql.go:151.2,151.37 1 0
github.com/matiasleandrokruk/fenix/internal/infra/sqlite/sqlcgen/audit.sql.go:151.37,153.3 1 0
github.com/matiasleandrokruk/fenix/internal/infra/sqlite/sqlcgen/audit.sql.go:154.2,154.35 1 0
github.com/matiasleandrokruk/fenix/internal/infra/sqlite/sqlcgen/audit.sql.go:154.35,156.3 1 0
github.com/matiasleandrokruk/fenix/internal/infra/sqlite/sqlcgen/audit.sql.go:157.2,157.19 1 0
github.com/matiasleandrokruk/fenix/internal/infra/sqlite/sqlcgen/audit.sql.go:173.119,175.16 2 0
github.com/matiasleandrokruk/fenix/internal/infra/sqlite/sqlcgen/audit.sql.go:175.16,177.3 1 0
github.com/matiasleandrokruk/fenix/internal/infra/sqlite/sqlcgen/audit.sql.go:178.2,180.18 3 0
github.com/matiasleandrokruk/fenix/internal/infra/sqlite/sqlcgen/audit.sql.go:180.18,197.17 2 0
github.com/matiasleandrokruk/fenix/internal/infra/sqlite/sqlcgen/audit.sql.go:197.17,199.4 1 0
github.com/matiasleandrokruk/fenix/internal/infra/sqlite/sqlcgen/audit.sql.go:200.3,200.27 1 0
github.com/matiasleandrokruk/fenix/internal/infra/sqlite/sqlcgen/audit.sql.go:202.2,202.37 1 0
github.com/matiasleandrokruk/fenix/internal/infra/sqlite/sqlcgen/audit.sql.go:202.37,204.3 1 0
github.com/matiasleandrokruk/fenix/internal/infra/sqlite/sqlcgen/audit.sql.go:205.2,205.35 1 0
github.com/matiasleandrokruk/fenix/internal/infra/sqlite/sqlcgen/audit.sql.go:205.35,207.3 1 0
github.com/matiasleandrokruk/fenix/internal/infra/sqlite/sqlcgen/audit.sql.go:208.2,208.19 1 0
github.com/matiasleandrokruk/fenix/internal/infra/sqlite/sqlcgen/audit.sql.go:225.121,227.16 2 0
github.com/matiasleandrokruk/fenix/internal/infra/sqlite/sqlcgen/audit.sql.go:227.16,229.3 1 0
github.com/matiasleandrokruk/fenix/internal/infra/sqlite/sqlcgen/audit.sql.go:230.2,232.18 3 0
github.com/matiasleandrokruk/fenix/internal/infra/sqlite/sqlcgen/audit.sql.go:232.18,249.17 2 0
github.com/matiasleandrokruk/fenix/internal/infra/sqlite/sqlcgen/audit.sql.go:249.17,251.4 1 0
github.com/matiasleandrokruk/fenix/internal/infra/sqlite/sqlcgen/audit.sql.go:252.3,252.27 1 0
github.com/matiasleandrokruk/fenix/internal/infra/sqlite/sqlcgen/audit.sql.go:254.2,254.37 1 0
github.com/matiasleandrokruk/fenix/internal/infra/sqlite/sqlcgen/audit.sql.go:254.37,256.3 1 0
github.com/matiasleandrokruk/fenix/internal/infra/sqlite/sqlcgen/audit.sql.go:257.2,257.35 1 0
github.com/matiasleandrokruk/fenix/internal/infra/sqlite/sqlcgen/audit.sql.go:257.35,259.3 1 0
github.com/matiasleandrokruk/fenix/internal/infra/sqlite/sqlcgen/audit.sql.go:260.2,260.19 1 0
github.com/matiasleandrokruk/fenix/internal/infra/sqlite/sqlcgen/audit.sql.go:278.123,285.16 2 0
github.com/matiasleandrokruk/fenix/internal/infra/sqlite/sqlcgen/audit.sql.go:285.16,287.3 1 0
github.com/matiasleandrokruk/fenix/internal/infra/sqlite/sqlcgen/audit.sql.go:288.2,290.18 3 0
github.com/matiasleandrokruk/fenix/internal/infra/sqlite/sqlcgen/audit.sql.go:290.18,307.17 2 0
github.com/matiasleandrokruk/fenix/internal/infra/sqlite/sqlcgen/audit.sql.go:307.17,309.4 1 0
github.com/matiasleandrokruk/fenix/internal/infra/sqlite/sqlcgen/audit.sql.go:310.3,310.27 1 0
github.com/matiasleandrokruk/fenix/internal/infra/sqlite/sqlcgen/audit.sql.go:312.2,312.37 1 0
github.com/matiasleandrokruk/fenix/internal/infra/sqlite/sqlcgen/audit.sql.go:312.37,314.3 1 0
github.com/matiasleandrokruk/fenix/internal/infra/sqlite/sqlcgen/audit.sql.go:315.2,315.35 1 0
github.com/matiasleandrokruk/fenix/internal/infra/sqlite/sqlcgen/audit.sql.go:315.35,317.3 1 0
github.com/matiasleandrokruk/fenix/internal/infra/sqlite/sqlcgen/audit.sql.go:318.2,318.19 1 0
github.com/matiasleandrokruk/fenix/internal/infra/sqlite/sqlcgen/audit.sql.go:335.127,337.16 2 0
github.com/matiasleandrokruk/fenix/internal/infra/sqlite/sqlcgen/audit.sql.go:337.16,339.3 1 0
github.com/matiasleandrokruk/fenix/internal/infra/sqlite/sqlcgen/audit.sql.go:340.2,342.18 3 0
github.com/matiasleandrokruk/fenix/internal/infra/sqlite/sqlcgen/audit.sql.go:342.18,359.17 2 0
github.com/matiasleandrokruk/fenix/internal/infra/sqlite/sqlcgen/audit.sql.go:359.17,361.4 1 0
github.com/matiasleandrokruk/fenix/internal/infra/sqlite/sqlcgen/audit.sql.go:362.3,362.27 1 0
github.com/matiasleandrokruk/fenix/internal/infra/sqlite/sqlcgen/audit.sql.go:364.2,364.37 1 0
github.com/matiasleandrokruk/fenix/internal/infra/sqlite/sqlcgen/audit.sql.go:364.37,366.3 1 0
github.com/matiasleandrokruk/fenix/internal/infra/sqlite/sqlcgen/audit.sql.go:367.2,367.35 1 0
github.com/matiasleandrokruk/fenix/internal/infra/sqlite/sqlcgen/audit.sql.go:367.35,369.3 1 0
github.com/matiasleandrokruk/fenix/internal/infra/sqlite/sqlcgen/audit.sql.go:370.2,370.19 1 0
github.com/matiasleandrokruk/fenix/internal/infra/sqlite/sqlcgen/audit.sql.go:388.127,390.16 2 0
github.com/matiasleandrokruk/fenix/internal/infra/sqlite/sqlcgen/audit.sql.go:390.16,392.3 1 0
github.com/matiasleandrokruk/fenix/internal/infra/sqlite/sqlcgen/audit.sql.go:393.2,395.18 3 0
github.com/matiasleandrokruk/fenix/internal/infra/sqlite/sqlcgen/audit.sql.go:395.18,412.17 2 0
github.com/matiasleandrokruk/fenix/internal/infra/sqlite/sqlcgen/audit.sql.go:412.17,414.4 1 0
github.com/matiasleandrokruk/fenix/internal/infra/sqlite/sqlcgen/audit.sql.go:415.3,415.27 1 0
github.com/matiasleandrokruk/fenix/internal/infra/sqlite/sqlcgen/audit.sql.go:417.2,417.37 1 0
github.com/matiasleandrokruk/fenix/internal/infra/sqlite/sqlcgen/audit.sql.go:417.37,419.3 1 0
github.com/matiasleandrokruk/fenix/internal/infra/sqlite/sqlcgen/audit.sql.go:420.2,420.35 1 0
github.com/matiasleandrokruk/fenix/internal/infra/sqlite/sqlcgen/audit.sql.go:420.35,422.3 1 0
github.com/matiasleandrokruk/fenix/internal/infra/sqlite/sqlcgen/audit.sql.go:423.2,423.19 1 0
github.com/matiasleandrokruk/fenix/internal/infra/sqlite/sqlcgen/case.sql.go:24.104,29.2 4 0
github.com/matiasleandrokruk/fenix/internal/infra/sqlite/sqlcgen/case.sql.go:37.97,42.2 4 0
github.com/matiasleandrokruk/fenix/internal/infra/sqlite/sqlcgen/case.sql.go:52.93,57.2 4 0
github.com/matiasleandrokruk/fenix/internal/infra/sqlite/sqlcgen/case.sql.go:88.79,110.2 2 0
github.com/matiasleandrokruk/fenix/internal/infra/sqlite/sqlcgen/case.sql.go:126.95,150.2 4 0
github.com/matiasleandrokruk/fenix/internal/infra/sqlite/sqlcgen/case.sql.go:166.111,168.16 2 0
github.com/matiasleandrokruk/fenix/internal/infra/sqlite/sqlcgen/case.sql.go:168.16,170.3 1 0
github.com/matiasleandrokruk/fenix/internal/infra/sqlite/sqlcgen/case.sql.go:171.2,173.18 3 0
github.com/matiasleandrokruk/fenix/internal/infra/sqlite/sqlcgen/case.sql.go:173.18,194.17 2 0
github.com/matiasleandrokruk/fenix/internal/infra/sqlite/sqlcgen/case.sql.go:194.17,196.4 1 0
github.com/matiasleandrokruk/fenix/internal/infra/sqlite/sqlcgen/case.sql.go:197.3,197.27 1 0
github.com/matiasleandrokruk/fenix/internal/infra/sqlite/sqlcgen/case.sql.go:199.2,199.37 1 0
github.com/matiasleandrokruk/fenix/internal/infra/sqlite/sqlcgen/case.sql.go:199.37,201.3 1 0
github.com/matiasleandrokruk/fenix/internal/infra/sqlite/sqlcgen/case.sql.go:202.2,202.35 1 0
github.com/matiasleandrokruk/fenix/internal/infra/sqlite/sqlcgen/case.sql.go:202.35,204.3 1 0
github.com/matiasleandrokruk/fenix/internal/infra/sqlite/sqlcgen/case.sql.go:205.2,205.19 1 0
github.com/matiasleandrokruk/fenix/internal/infra/sqlite/sqlcgen/case.sql.go:229.107,231.16 2 0
github.com/matiasleandrokruk/fenix/internal/infra/sqlite/sqlcgen/case.sql.go:231.16,233.3 1 0
github.com/matiasleandrokruk/fenix/internal/infra/sqlite/sqlcgen/case.sql.go:234.2,236.18 3 0
github.com/matiasleandrokruk/fenix/internal/infra/sqlite/sqlcgen/case.sql.go:236.18,257.17 2 0
github.com/matiasleandrokruk/fenix/internal/infra/sqlite/sqlcgen/case.sql.go:257.17,259.4 1 0
github.com/matiasleandrokruk/fenix/internal/infra/sqlite/sqlcgen/case.sql.go:260.3,260.27 1 0
github.com/matiasleandrokruk/fenix/internal/infra/sqlite/sqlcgen/case.sql.go:262.2,262.37 1 0
github.com/matiasleandrokruk/fenix/internal/infra/sqlite/sqlcgen/case.sql.go:262.37,264.3 1 0
github.com/matiasleandrokruk/fenix/internal/infra/sqlite/sqlcgen/case.sql.go:265.2,265.35 1 0
github.com/matiasleandrokruk/fenix/internal/infra/sqlite/sqlcgen/case.sql.go:265.35,267.3 1 0
github.com/matiasleandrokruk/fenix/internal/infra/sqlite/sqlcgen/case.sql.go:268.2,268.19 1 0
github.com/matiasleandrokruk/fenix/internal/infra/sqlite/sqlcgen/case.sql.go:287.119,289.16 2 0
github.com/matiasleandrokruk/fenix/internal/infra/sqlite/sqlcgen/case.sql.go:289.16,291.3 1 0
github.com/matiasleandrokruk/fenix/internal/infra/sqlite/sqlcgen/case.sql.go:292.2,294.18 3 0
github.com/matiasleandrokruk/fenix/internal/infra/sqlite/sqlcgen/case.sql.go:294.18,315.17 2 0
github.com/matiasleandrokruk/fenix/internal/infra/sqlite/sqlcgen/case.sql.go:315.17,317.4 1 0
github.com/matiasleandrokruk/fenix/internal/infra/sqlite/sqlcgen/case.sql.go:318.3,318.27 1 0
github.com/matiasleandrokruk/fenix/internal/infra/sqlite/sqlcgen/case.sql.go:320.2,320.37 1 0
github.com/matiasleandrokruk/fenix/internal/infra/sqlite/sqlcgen/case.sql.go:320.37,322.3 1 0
github.com/matiasleandrokruk/fenix/internal/infra/sqlite/sqlcgen/case.sql.go:323.2,323.35 1 0
github.com/matiasleandrokruk/fenix/internal/infra/sqlite/sqlcgen/case.sql.go:323.35,325.3 1 0
github.com/matiasleandrokruk/fenix/internal/infra/sqlite/sqlcgen/case.sql.go:326.2,326.19 1 0
github.com/matiasleandrokruk/fenix/internal/infra/sqlite/sqlcgen/case.sql.go:350.109,352.16 2 0
github.com/matiasleandrokruk/fenix/internal/infra/sqlite/sqlcgen/case.sql.go:352.16,354.3 1 0
github.com/matiasleandrokruk/fenix/internal/infra/sqlite/sqlcgen/case.sql.go:355.2,357.18 3 0
github.com/matiasleandrokruk/fenix/internal/infra/sqlite/sqlcgen/case.sql.go:357.18,378.17 2 0
github.com/matiasleandrokruk/fenix/internal/infra/sqlite/sqlcgen/case.sql.go:378.17,380.4 1 0
github.com/matiasleandrokruk/fenix/internal/infra/sqlite/sqlcgen/case.sql.go:381.3,381.27 1 0
github.com/matiasleandrokruk/fenix/internal/infra/sqlite/sqlcgen/case.sql.go:383.2,383.37 1 0
github.com/matiasleandrokruk/fenix/internal/infra/sqlite/sqlcgen/case.sql.go:383.37,385.3 1 0
github.com/matiasleandrokruk/fenix/internal/infra/sqlite/sqlcgen/case.sql.go:386.2,386.35 1 0
github.com/matiasleandrokruk/fenix/internal/infra/sqlite/sqlcgen/case.sql.go:386.35,388.3 1 0
github.com/matiasleandrokruk/fenix/internal/infra/sqlite/sqlcgen/case.sql.go:389.2,389.19 1 0
github.com/matiasleandrokruk/fenix/internal/infra/sqlite/sqlcgen/case.sql.go:408.115,410.16 2 0
github.com/matiasleandrokruk/fenix/internal/infra/sqlite/sqlcgen/case.sql.go:410.16,412.3 1 0
github.com/matiasleandrokruk/fenix/internal/infra/sqlite/sqlcgen/case.sql.go:413.2,415.18 3 0
github.com/matiasleandrokruk/fenix/internal/infra/sqlite/sqlcgen/case.sql.go:415.18,436.17 2 0
github.com/matiasleandrokruk/fenix/internal/infra/sqlite/sqlcgen/case.sql.go:436.17,438.4 1 0
github.com/matiasleandrokruk/fenix/internal/infra/sqlite/sqlcgen/case.sql.go:439.3,439.27 1 0
github.com/matiasleandrokruk/fenix/internal/infra/sqlite/sqlcgen/case.sql.go:441.2,441.37 1 0
github.com/matiasleandrokruk/fenix/internal/infra/sqlite/sqlcgen/case.sql.go:441.37,443.3 1 0
github.com/matiasleandrokruk/fenix/internal/infra/sqlite/sqlcgen/case.sql.go:444.2,444.35 1 0
github.com/matiasleandrokruk/fenix/internal/infra/sqlite/sqlcgen/case.sql.go:444.35,446.3 1 0
github.com/matiasleandrokruk/fenix/internal/infra/sqlite/sqlcgen/case.sql.go:447.2,447.19 1 0
github.com/matiasleandrokruk/fenix/internal/infra/sqlite/sqlcgen/case.sql.go:466.106,468.16 2 0
github.com/matiasleandrokruk/fenix/internal/infra/sqlite/sqlcgen/case.sql.go:468.16,470.3 1 0
github.com/matiasleandrokruk/fenix/internal/infra/sqlite/sqlcgen/case.sql.go:471.2,473.18 3 0
github.com/matiasleandrokruk/fenix/internal/infra/sqlite/sqlcgen/case.sql.go:473.18,494.17 2 0
github.com/matiasleandrokruk/fenix/internal/infra/sqlite/sqlcgen/case.sql.go:494.17,496.4 1 0
github.com/matiasleandrokruk/fenix/internal/infra/sqlite/sqlcgen/case.sql.go:497.3,497.27 1 0
github.com/matiasleandrokruk/fenix/internal/infra/sqlite/sqlcgen/case.sql.go:499.2,499.37 1 0
github.com/matiasleandrokruk/fenix/internal/infra/sqlite/sqlcgen/case.sql.go:499.37,501.3 1 0
github.com/matiasleandrokruk/fenix/internal/infra/sqlite/sqlcgen/case.sql.go:502.2,502.35 1 0
github.com/matiasleandrokruk/fenix/internal/infra/sqlite/sqlcgen/case.sql.go:502.35,504.3 1 0
github.com/matiasleandrokruk/fenix/internal/infra/sqlite/sqlcgen/case.sql.go:505.2,505.19 1 0
github.com/matiasleandrokruk/fenix/internal/infra/sqlite/sqlcgen/case.sql.go:524.87,532.2 2 0
github.com/matiasleandrokruk/fenix/internal/infra/sqlite/sqlcgen/case.sql.go:574.79,594.2 2 0
github.com/matiasleandrokruk/fenix/internal/infra/sqlite/sqlcgen/contact.sql.go:19.100,24.2 4 0
github.com/matiasleandrokruk/fenix/internal/infra/sqlite/sqlcgen/contact.sql.go:65.85,82.2 2 0
github.com/matiasleandrokruk/fenix/internal/infra/sqlite/sqlcgen/contact.sql.go:98.98,118.2 4 0
github.com/matiasleandrokruk/fenix/internal/infra/sqlite/sqlcgen/contact.sql.go:134.114,136.16 2 0
github.com/matiasleandrokruk/fenix/internal/infra/sqlite/sqlcgen/contact.sql.go:136.16,138.3 1 0
github.com/matiasleandrokruk/fenix/internal/infra/sqlite/sqlcgen/contact.sql.go:139.2,141.18 3 0
github.com/matiasleandrokruk/fenix/internal/infra/sqlite/sqlcgen/contact.sql.go:141.18,158.17 2 0
github.com/matiasleandrokruk/fenix/internal/infra/sqlite/sqlcgen/contact.sql.go:158.17,160.4 1 0
github.com/matiasleandrokruk/fenix/internal/infra/sqlite/sqlcgen/contact.sql.go:161.3,161.27 1 0
github.com/matiasleandrokruk/fenix/internal/infra/sqlite/sqlcgen/contact.sql.go:163.2,163.37 1 0
github.com/matiasleandrokruk/fenix/internal/infra/sqlite/sqlcgen/contact.sql.go:163.37,165.3 1 0
github.com/matiasleandrokruk/fenix/internal/infra/sqlite/sqlcgen/contact.sql.go:166.2,166.35 1 0
github.com/matiasleandrokruk/fenix/internal/infra/sqlite/sqlcgen/contact.sql.go:166.35,168.3 1 0
github.com/matiasleandrokruk/fenix/internal/infra/sqlite/sqlcgen/contact.sql.go:169.2,169.19 1 0
github.com/matiasleandrokruk/fenix/internal/infra/sqlite/sqlcgen/contact.sql.go:188.118,190.16 2 0
github.com/matiasleandrokruk/fenix/internal/infra/sqlite/sqlcgen/contact.sql.go:190.16,192.3 1 0
github.com/matiasleandrokruk/fenix/internal/infra/sqlite/sqlcgen/contact.sql.go:193.2,195.18 3 0
github.com/matiasleandrokruk/fenix/internal/infra/sqlite/sqlcgen/contact.sql.go:195.18,212.17 2 0
github.com/matiasleandrokruk/fenix/internal/infra/sqlite/sqlcgen/contact.sql.go:212.17,214.4 1 0
github.com/matiasleandrokruk/fenix/internal/infra/sqlite/sqlcgen/contact.sql.go:215.3,215.27 1 0
github.com/matiasleandrokruk/fenix/internal/infra/sqlite/sqlcgen/contact.sql.go:217.2,217.37 1 0
github.com/matiasleandrokruk/fenix/internal/infra/sqlite/sqlcgen/contact.sql.go:217.37,219.3 1 0
github.com/matiasleandrokruk/fenix/internal/infra/sqlite/sqlcgen/contact.sql.go:220.2,220.35 1 0
github.com/matiasleandrokruk/fenix/internal/infra/sqlite/sqlcgen/contact.sql.go:220.35,222.3 1 0
github.com/matiasleandrokruk/fenix/internal/infra/sqlite/sqlcgen/contact.sql.go:223.2,223.19 1 0
github.com/matiasleandrokruk/fenix/internal/infra/sqlite/sqlcgen/contact.sql.go:242.93,250.2 2 0
github.com/matiasleandrokruk/fenix/internal/infra/sqlite/sqlcgen/contact.sql.go:284.85,300.2 2 0
github.com/matiasleandrokruk/fenix/internal/infra/sqlite/sqlcgen/db.go:19.28,21.2 1 0
github.com/matiasleandrokruk/fenix/internal/infra/sqlite/sqlcgen/db.go:27.47,31.2 1 0
github.com/matiasleandrokruk/fenix/internal/infra/sqlite/sqlcgen/deal.sql.go:24.108,29.2 4 0
github.com/matiasleandrokruk/fenix/internal/infra/sqlite/sqlcgen/deal.sql.go:37.97,42.2 4 0
github.com/matiasleandrokruk/fenix/internal/infra/sqlite/sqlcgen/deal.sql.go:71.79,91.2 2 0
github.com/matiasleandrokruk/fenix/internal/infra/sqlite/sqlcgen/deal.sql.go:107.89,129.2 4 0
github.com/matiasleandrokruk/fenix/internal/infra/sqlite/sqlcgen/deal.sql.go:145.105,147.16 2 0
github.com/matiasleandrokruk/fenix/internal/infra/sqlite/sqlcgen/deal.sql.go:147.16,149.3 1 0
github.com/matiasleandrokruk/fenix/internal/infra/sqlite/sqlcgen/deal.sql.go:150.2,152.18 3 0
github.com/matiasleandrokruk/fenix/internal/infra/sqlite/sqlcgen/deal.sql.go:152.18,171.17 2 0
github.com/matiasleandrokruk/fenix/internal/infra/sqlite/sqlcgen/deal.sql.go:171.17,173.4 1 0
github.com/matiasleandrokruk/fenix/internal/infra/sqlite/sqlcgen/deal.sql.go:174.3,174.27 1 0
github.com/matiasleandrokruk/fenix/internal/infra/sqlite/sqlcgen/deal.sql.go:176.2,176.37 1 0
github.com/matiasleandrokruk/fenix/internal/infra/sqlite/sqlcgen/deal.sql.go:176.37,178.3 1 0
github.com/matiasleandrokruk/fenix/internal/infra/sqlite/sqlcgen/deal.sql.go:179.2,179.35 1 0
github.com/matiasleandrokruk/fenix/internal/infra/sqlite/sqlcgen/deal.sql.go:179.35,181.3 1 0
github.com/matiasleandrokruk/fenix/internal/infra/sqlite/sqlcgen/deal.sql.go:182.2,182.19 1 0
github.com/matiasleandrokruk/fenix/internal/infra/sqlite/sqlcgen/deal.sql.go:199.101,201.16 2 0
github.com/matiasleandrokruk/fenix/internal/infra/sqlite/sqlcgen/deal.sql.go:201.16,203.3 1 0
github.com/matiasleandrokruk/fenix/internal/infra/sqlite/sqlcgen/deal.sql.go:204.2,206.18 3 0
github.com/matiasleandrokruk/fenix/internal/infra/sqlite/sqlcgen/deal.sql.go:206.18,225.17 2 0
github.com/matiasleandrokruk/fenix/internal/infra/sqlite/sqlcgen/deal.sql.go:225.17,227.4 1 0
github.com/matiasleandrokruk/fenix/internal/infra/sqlite/sqlcgen/deal.sql.go:228.3,228.27 1 0
github.com/matiasleandrokruk/fenix/internal/infra/sqlite/sqlcgen/deal.sql.go:230.2,230.37 1 0
github.com/matiasleandrokruk/fenix/internal/infra/sqlite/sqlcgen/deal.sql.go:230.37,232.3 1 0
github.com/matiasleandrokruk/fenix/internal/infra/sqlite/sqlcgen/deal.sql.go:233.2,233.35 1 0
github.com/matiasleandrokruk/fenix/internal/infra/sqlite/sqlcgen/deal.sql.go:233.35,235.3 1 0
github.com/matiasleandrokruk/fenix/internal/infra/sqlite/sqlcgen/deal.sql.go:236.2,236.19 1 0
github.com/matiasleandrokruk/fenix/internal/infra/sqlite/sqlcgen/deal.sql.go:253.107,255.16 2 0
github.com/matiasleandrokruk/fenix/internal/infra/sqlite/sqlcgen/deal.sql.go:255.16,257.3 1 0
github.com/matiasleandrokruk/fenix/internal/infra/sqlite/sqlcgen/deal.sql.go:258.2,260.18 3 0
github.com/matiasleandrokruk/fenix/internal/infra/sqlite/sqlcgen/deal.sql.go:260.18,279.17 2 0
github.com/matiasleandrokruk/fenix/internal/infra/sqlite/sqlcgen/deal.sql.go:279.17,281.4 1 0
github.com/matiasleandrokruk/fenix/internal/infra/sqlite/sqlcgen/deal.sql.go:282.3,282.27 1 0
github.com/matiasleandrokruk/fenix/internal/infra/sqlite/sqlcgen/deal.sql.go:284.2,284.37 1 0
github.com/matiasleandrokruk/fenix/internal/infra/sqlite/sqlcgen/deal.sql.go:284.37,286.3 1 0
github.com/matiasleandrokruk/fenix/internal/infra/sqlite/sqlcgen/deal.sql.go:287.2,287.35 1 0
github.com/matiasleandrokruk/fenix/internal/infra/sqlite/sqlcgen/deal.sql.go:287.35,289.3 1 0
github.com/matiasleandrokruk/fenix/internal/infra/sqlite/sqlcgen/deal.sql.go:290.2,290.19 1 0
github.com/matiasleandrokruk/fenix/internal/infra/sqlite/sqlcgen/deal.sql.go:308.101,310.16 2 0
github.com/matiasleandrokruk/fenix/internal/infra/sqlite/sqlcgen/deal.sql.go:310.16,312.3 1 0
github.com/matiasleandrokruk/fenix/internal/infra/sqlite/sqlcgen/deal.sql.go:313.2,315.18 3 0
github.com/matiasleandrokruk/fenix/internal/infra/sqlite/sqlcgen/deal.sql.go:315.18,334.17 2 0
github.com/matiasleandrokruk/fenix/internal/infra/sqlite/sqlcgen/deal.sql.go:334.17,336.4 1 0
github.com/matiasleandrokruk/fenix/internal/infra/sqlite/sqlcgen/deal.sql.go:337.3,337.27 1 0
github.com/matiasleandrokruk/fenix/internal/infra/sqlite/sqlcgen/deal.sql.go:339.2,339.37 1 0
github.com/matiasleandrokruk/fenix/internal/infra/sqlite/sqlcgen/deal.sql.go:339.37,341.3 1 0
github.com/matiasleandrokruk/fenix/internal/infra/sqlite/sqlcgen/deal.sql.go:342.2,342.35 1 0
github.com/matiasleandrokruk/fenix/internal/infra/sqlite/sqlcgen/deal.sql.go:342.35,344.3 1 0
github.com/matiasleandrokruk/fenix/internal/infra/sqlite/sqlcgen/deal.sql.go:345.2,345.19 1 0
github.com/matiasleandrokruk/fenix/internal/infra/sqlite/sqlcgen/deal.sql.go:362.103,364.16 2 0
github.com/matiasleandrokruk/fenix/internal/infra/sqlite/sqlcgen/deal.sql.go:364.16,366.3 1 0
github.com/matiasleandrokruk/fenix/internal/infra/sqlite/sqlcgen/deal.sql.go:367.2,369.18 3 0
github.com/matiasleandrokruk/fenix/internal/infra/sqlite/sqlcgen/deal.sql.go:369.18,388.17 2 0
github.com/matiasleandrokruk/fenix/internal/infra/sqlite/sqlcgen/deal.sql.go:388.17,390.4 1 0
github.com/matiasleandrokruk/fenix/internal/infra/sqlite/sqlcgen/deal.sql.go:391.3,391.27 1 0
github.com/matiasleandrokruk/fenix/internal/infra/sqlite/sqlcgen/deal.sql.go:393.2,393.37 1 0
github.com/matiasleandrokruk/fenix/internal/infra/sqlite/sqlcgen/deal.sql.go:393.37,395.3 1 0
github.com/matiasleandrokruk/fenix/internal/infra/sqlite/sqlcgen/deal.sql.go:396.2,396.35 1 0
github.com/matiasleandrokruk/fenix/internal/infra/sqlite/sqlcgen/deal.sql.go:396.35,398.3 1 0
github.com/matiasleandrokruk/fenix/internal/infra/sqlite/sqlcgen/deal.sql.go:399.2,399.19 1 0
github.com/matiasleandrokruk/fenix/internal/infra/sqlite/sqlcgen/deal.sql.go:418.109,420.16 2 0
github.com/matiasleandrokruk/fenix/internal/infra/sqlite/sqlcgen/deal.sql.go:420.16,422.3 1 0
github.com/matiasleandrokruk/fenix/internal/infra/sqlite/sqlcgen/deal.sql.go:423.2,425.18 3 0
github.com/matiasleandrokruk/fenix/internal/infra/sqlite/sqlcgen/deal.sql.go:425.18,444.17 2 0
github.com/matiasleandrokruk/fenix/internal/infra/sqlite/sqlcgen/deal.sql.go:444.17,446.4 1 0
github.com/matiasleandrokruk/fenix/internal/infra/sqlite/sqlcgen/deal.sql.go:447.3,447.27 1 0
github.com/matiasleandrokruk/fenix/internal/infra/sqlite/sqlcgen/deal.sql.go:449.2,449.37 1 0
github.com/matiasleandrokruk/fenix/internal/infra/sqlite/sqlcgen/deal.sql.go:449.37,451.3 1 0
github.com/matiasleandrokruk/fenix/internal/infra/sqlite/sqlcgen/deal.sql.go:452.2,452.35 1 0
github.com/matiasleandrokruk/fenix/internal/infra/sqlite/sqlcgen/deal.sql.go:452.35,454.3 1 0
github.com/matiasleandrokruk/fenix/internal/infra/sqlite/sqlcgen/deal.sql.go:455.2,455.19 1 0
github.com/matiasleandrokruk/fenix/internal/infra/sqlite/sqlcgen/deal.sql.go:474.87,482.2 2 0
github.com/matiasleandrokruk/fenix/internal/infra/sqlite/sqlcgen/deal.sql.go:497.120,502.2 4 0
github.com/matiasleandrokruk/fenix/internal/infra/sqlite/sqlcgen/deal.sql.go:540.79,558.2 2 0
github.com/matiasleandrokruk/fenix/internal/infra/sqlite/sqlcgen/knowledge.sql.go:19.106,24.2 4 0
github.com/matiasleandrokruk/fenix/internal/infra/sqlite/sqlcgen/knowledge.sql.go:32.109,37.2 4 0
github.com/matiasleandrokruk/fenix/internal/infra/sqlite/sqlcgen/knowledge.sql.go:62.105,74.2 2 0
github.com/matiasleandrokruk/fenix/internal/infra/sqlite/sqlcgen/knowledge.sql.go:100.87,113.2 2 0
github.com/matiasleandrokruk/fenix/internal/infra/sqlite/sqlcgen/knowledge.sql.go:148.97,163.2 2 0
github.com/matiasleandrokruk/fenix/internal/infra/sqlite/sqlcgen/knowledge.sql.go:176.137,179.2 2 0
github.com/matiasleandrokruk/fenix/internal/infra/sqlite/sqlcgen/knowledge.sql.go:195.127,198.2 2 0
github.com/matiasleandrokruk/fenix/internal/infra/sqlite/sqlcgen/knowledge.sql.go:212.128,227.2 4 0
github.com/matiasleandrokruk/fenix/internal/infra/sqlite/sqlcgen/knowledge.sql.go:241.101,256.2 4 0
github.com/matiasleandrokruk/fenix/internal/infra/sqlite/sqlcgen/knowledge.sql.go:271.124,289.2 4 0
github.com/matiasleandrokruk/fenix/internal/infra/sqlite/sqlcgen/knowledge.sql.go:303.116,321.2 4 0
github.com/matiasleandrokruk/fenix/internal/infra/sqlite/sqlcgen/knowledge.sql.go:340.95,348.2 2 0
github.com/matiasleandrokruk/fenix/internal/infra/sqlite/sqlcgen/knowledge.sql.go:362.156,364.16 2 0
github.com/matiasleandrokruk/fenix/internal/infra/sqlite/sqlcgen/knowledge.sql.go:364.16,366.3 1 0
github.com/matiasleandrokruk/fenix/internal/infra/sqlite/sqlcgen/knowledge.sql.go:367.2,369.18 3 0
github.com/matiasleandrokruk/fenix/internal/infra/sqlite/sqlcgen/knowledge.sql.go:369.18,381.17 2 0
github.com/matiasleandrokruk/fenix/internal/infra/sqlite/sqlcgen/knowledge.sql.go:381.17,383.4 1 0
github.com/matiasleandrokruk/fenix/internal/infra/sqlite/sqlcgen/knowledge.sql.go:384.3,384.27 1 0
github.com/matiasleandrokruk/fenix/internal/infra/sqlite/sqlcgen/knowledge.sql.go:386.2,386.37 1 0
github.com/matiasleandrokruk/fenix/internal/infra/sqlite/sqlcgen/knowledge.sql.go:386.37,388.3 1 0
github.com/matiasleandrokruk/fenix/internal/infra/sqlite/sqlcgen/knowledge.sql.go:389.2,389.35 1 0
github.com/matiasleandrokruk/fenix/internal/infra/sqlite/sqlcgen/knowledge.sql.go:389.35,391.3 1 0
github.com/matiasleandrokruk/fenix/internal/infra/sqlite/sqlcgen/knowledge.sql.go:392.2,392.19 1 0
github.com/matiasleandrokruk/fenix/internal/infra/sqlite/sqlcgen/knowledge.sql.go:407.127,409.16 2 0
github.com/matiasleandrokruk/fenix/internal/infra/sqlite/sqlcgen/knowledge.sql.go:409.16,411.3 1 0
github.com/matiasleandrokruk/fenix/internal/infra/sqlite/sqlcgen/knowledge.sql.go:412.2,414.18 3 0
github.com/matiasleandrokruk/fenix/internal/infra/sqlite/sqlcgen/knowledge.sql.go:414.18,426.17 2 0
github.com/matiasleandrokruk/fenix/internal/infra/sqlite/sqlcgen/knowledge.sql.go:426.17,428.4 1 0
github.com/matiasleandrokruk/fenix/internal/infra/sqlite/sqlcgen/knowledge.sql.go:429.3,429.27 1 0
github.com/matiasleandrokruk/fenix/internal/infra/sqlite/sqlcgen/knowledge.sql.go:431.2,431.37 1 0
github.com/matiasleandrokruk/fenix/internal/infra/sqlite/sqlcgen/knowledge.sql.go:431.37,433.3 1 0
github.com/matiasleandrokruk/fenix/internal/infra/sqlite/sqlcgen/knowledge.sql.go:434.2,434.35 1 0
github.com/matiasleandrokruk/fenix/internal/infra/sqlite/sqlcgen/knowledge.sql.go:434.35,436.3 1 0
github.com/matiasleandrokruk/fenix/internal/infra/sqlite/sqlcgen/knowledge.sql.go:437.2,437.19 1 0
github.com/matiasleandrokruk/fenix/internal/infra/sqlite/sqlcgen/knowledge.sql.go:455.113,462.16 2 0
github.com/matiasleandrokruk/fenix/internal/infra/sqlite/sqlcgen/knowledge.sql.go:462.16,464.3 1 0
github.com/matiasleandrokruk/fenix/internal/infra/sqlite/sqlcgen/knowledge.sql.go:465.2,467.18 3 0
github.com/matiasleandrokruk/fenix/internal/infra/sqlite/sqlcgen/knowledge.sql.go:467.18,479.17 2 0
github.com/matiasleandrokruk/fenix/internal/infra/sqlite/sqlcgen/knowledge.sql.go:479.17,481.4 1 0
github.com/matiasleandrokruk/fenix/internal/infra/sqlite/sqlcgen/knowledge.sql.go:482.3,482.27 1 0
github.com/matiasleandrokruk/fenix/internal/infra/sqlite/sqlcgen/knowledge.sql.go:484.2,484.37 1 0
github.com/matiasleandrokruk/fenix/internal/infra/sqlite/sqlcgen/knowledge.sql.go:484.37,486.3 1 0
github.com/matiasleandrokruk/fenix/internal/infra/sqlite/sqlcgen/knowledge.sql.go:487.2,487.35 1 0
github.com/matiasleandrokruk/fenix/internal/infra/sqlite/sqlcgen/knowledge.sql.go:487.35,489.3 1 0
github.com/matiasleandrokruk/fenix/internal/infra/sqlite/sqlcgen/knowledge.sql.go:490.2,490.19 1 0
github.com/matiasleandrokruk/fenix/internal/infra/sqlite/sqlcgen/knowledge.sql.go:508.130,515.16 2 0
github.com/matiasleandrokruk/fenix/internal/infra/sqlite/sqlcgen/knowledge.sql.go:515.16,517.3 1 0
github.com/matiasleandrokruk/fenix/internal/infra/sqlite/sqlcgen/knowledge.sql.go:518.2,520.18 3 0
github.com/matiasleandrokruk/fenix/internal/infra/sqlite/sqlcgen/knowledge.sql.go:520.18,535.17 2 0
github.com/matiasleandrokruk/fenix/internal/infra/sqlite/sqlcgen/knowledge.sql.go:535.17,537.4 1 0
github.com/matiasleandrokruk/fenix/internal/infra/sqlite/sqlcgen/knowledge.sql.go:538.3,538.27 1 0
github.com/matiasleandrokruk/fenix/internal/infra/sqlite/sqlcgen/knowledge.sql.go:540.2,540.37 1 0
github.com/matiasleandrokruk/fenix/internal/infra/sqlite/sqlcgen/knowledge.sql.go:540.37,542.3 1 0
github.com/matiasleandrokruk/fenix/internal/infra/sqlite/sqlcgen/knowledge.sql.go:543.2,543.35 1 0
github.com/matiasleandrokruk/fenix/internal/infra/sqlite/sqlcgen/knowledge.sql.go:543.35,545.3 1 0
github.com/matiasleandrokruk/fenix/internal/infra/sqlite/sqlcgen/knowledge.sql.go:546.2,546.19 1 0
github.com/matiasleandrokruk/fenix/internal/infra/sqlite/sqlcgen/knowledge.sql.go:563.136,565.16 2 0
github.com/matiasleandrokruk/fenix/internal/infra/sqlite/sqlcgen/knowledge.sql.go:565.16,567.3 1 0
github.com/matiasleandrokruk/fenix/internal/infra/sqlite/sqlcgen/knowledge.sql.go:568.2,570.18 3 0
github.com/matiasleandrokruk/fenix/internal/infra/sqlite/sqlcgen/knowledge.sql.go:570.18,585.17 2 0
github.com/matiasleandrokruk/fenix/internal/infra/sqlite/sqlcgen/knowledge.sql.go:585.17,587.4 1 0
github.com/matiasleandrokruk/fenix/internal/infra/sqlite/sqlcgen/knowledge.sql.go:588.3,588.27 1 0
github.com/matiasleandrokruk/fenix/internal/infra/sqlite/sqlcgen/knowledge.sql.go:590.2,590.37 1 0
github.com/matiasleandrokruk/fenix/internal/infra/sqlite/sqlcgen/knowledge.sql.go:590.37,592.3 1 0
github.com/matiasleandrokruk/fenix/internal/infra/sqlite/sqlcgen/knowledge.sql.go:593.2,593.35 1 0
github.com/matiasleandrokruk/fenix/internal/infra/sqlite/sqlcgen/knowledge.sql.go:593.35,595.3 1 0
github.com/matiasleandrokruk/fenix/internal/infra/sqlite/sqlcgen/knowledge.sql.go:596.2,596.19 1 0
github.com/matiasleandrokruk/fenix/internal/infra/sqlite/sqlcgen/knowledge.sql.go:613.146,615.16 2 0
github.com/matiasleandrokruk/fenix/internal/infra/sqlite/sqlcgen/knowledge.sql.go:615.16,617.3 1 0
github.com/matiasleandrokruk/fenix/internal/infra/sqlite/sqlcgen/knowledge.sql.go:618.2,620.18 3 0
github.com/matiasleandrokruk/fenix/internal/infra/sqlite/sqlcgen/knowledge.sql.go:620.18,632.17 2 0
github.com/matiasleandrokruk/fenix/internal/infra/sqlite/sqlcgen/knowledge.sql.go:632.17,634.4 1 0
github.com/matiasleandrokruk/fenix/internal/infra/sqlite/sqlcgen/knowledge.sql.go:635.3,635.27 1 0
github.com/matiasleandrokruk/fenix/internal/infra/sqlite/sqlcgen/knowledge.sql.go:637.2,637.37 1 0
github.com/matiasleandrokruk/fenix/internal/infra/sqlite/sqlcgen/knowledge.sql.go:637.37,639.3 1 0
github.com/matiasleandrokruk/fenix/internal/infra/sqlite/sqlcgen/knowledge.sql.go:640.2,640.35 1 0
github.com/matiasleandrokruk/fenix/internal/infra/sqlite/sqlcgen/knowledge.sql.go:640.35,642.3 1 0
github.com/matiasleandrokruk/fenix/internal/infra/sqlite/sqlcgen/knowledge.sql.go:643.2,643.19 1 0
github.com/matiasleandrokruk/fenix/internal/infra/sqlite/sqlcgen/knowledge.sql.go:659.105,662.2 2 0
github.com/matiasleandrokruk/fenix/internal/infra/sqlite/sqlcgen/knowledge.sql.go:678.117,686.2 2 0
github.com/matiasleandrokruk/fenix/internal/infra/sqlite/sqlcgen/knowledge.sql.go:703.131,711.2 2 0
github.com/matiasleandrokruk/fenix/internal/infra/sqlite/sqlcgen/lead.sql.go:24.104,29.2 4 0
github.com/matiasleandrokruk/fenix/internal/infra/sqlite/sqlcgen/lead.sql.go:37.97,42.2 4 0
github.com/matiasleandrokruk/fenix/internal/infra/sqlite/sqlcgen/lead.sql.go:67.79,83.2 2 0
github.com/matiasleandrokruk/fenix/internal/infra/sqlite/sqlcgen/lead.sql.go:99.89,117.2 4 0
github.com/matiasleandrokruk/fenix/internal/infra/sqlite/sqlcgen/lead.sql.go:133.105,135.16 2 0
github.com/matiasleandrokruk/fenix/internal/infra/sqlite/sqlcgen/lead.sql.go:135.16,137.3 1 0
github.com/matiasleandrokruk/fenix/internal/infra/sqlite/sqlcgen/lead.sql.go:138.2,140.18 3 0
github.com/matiasleandrokruk/fenix/internal/infra/sqlite/sqlcgen/lead.sql.go:140.18,155.17 2 0
github.com/matiasleandrokruk/fenix/internal/infra/sqlite/sqlcgen/lead.sql.go:155.17,157.4 1 0
github.com/matiasleandrokruk/fenix/internal/infra/sqlite/sqlcgen/lead.sql.go:158.3,158.27 1 0
github.com/matiasleandrokruk/fenix/internal/infra/sqlite/sqlcgen/lead.sql.go:160.2,160.37 1 0
github.com/matiasleandrokruk/fenix/internal/infra/sqlite/sqlcgen/lead.sql.go:160.37,162.3 1 0
github.com/matiasleandrokruk/fenix/internal/infra/sqlite/sqlcgen/lead.sql.go:163.2,163.35 1 0
github.com/matiasleandrokruk/fenix/internal/infra/sqlite/sqlcgen/lead.sql.go:163.35,165.3 1 0
github.com/matiasleandrokruk/fenix/internal/infra/sqlite/sqlcgen/lead.sql.go:166.2,166.19 1 0
github.com/matiasleandrokruk/fenix/internal/infra/sqlite/sqlcgen/lead.sql.go:183.101,185.16 2 0
github.com/matiasleandrokruk/fenix/internal/infra/sqlite/sqlcgen/lead.sql.go:185.16,187.3 1 0
github.com/matiasleandrokruk/fenix/internal/infra/sqlite/sqlcgen/lead.sql.go:188.2,190.18 3 0
github.com/matiasleandrokruk/fenix/internal/infra/sqlite/sqlcgen/lead.sql.go:190.18,205.17 2 0
github.com/matiasleandrokruk/fenix/internal/infra/sqlite/sqlcgen/lead.sql.go:205.17,207.4 1 0
github.com/matiasleandrokruk/fenix/internal/infra/sqlite/sqlcgen/lead.sql.go:208.3,208.27 1 0
github.com/matiasleandrokruk/fenix/internal/infra/sqlite/sqlcgen/lead.sql.go:210.2,210.37 1 0
github.com/matiasleandrokruk/fenix/internal/infra/sqlite/sqlcgen/lead.sql.go:210.37,212.3 1 0
github.com/matiasleandrokruk/fenix/internal/infra/sqlite/sqlcgen/lead.sql.go:213.2,213.35 1 0
github.com/matiasleandrokruk/fenix/internal/infra/sqlite/sqlcgen/lead.sql.go:213.35,215.3 1 0
github.com/matiasleandrokruk/fenix/internal/infra/sqlite/sqlcgen/lead.sql.go:216.2,216.19 1 0
github.com/matiasleandrokruk/fenix/internal/infra/sqlite/sqlcgen/lead.sql.go:233.103,235.16 2 0
github.com/matiasleandrokruk/fenix/internal/infra/sqlite/sqlcgen/lead.sql.go:235.16,237.3 1 0
github.com/matiasleandrokruk/fenix/internal/infra/sqlite/sqlcgen/lead.sql.go:238.2,240.18 3 0
github.com/matiasleandrokruk/fenix/internal/infra/sqlite/sqlcgen/lead.sql.go:240.18,255.17 2 0
github.com/matiasleandrokruk/fenix/internal/infra/sqlite/sqlcgen/lead.sql.go:255.17,257.4 1 0
github.com/matiasleandrokruk/fenix/internal/infra/sqlite/sqlcgen/lead.sql.go:258.3,258.27 1 0
github.com/matiasleandrokruk/fenix/internal/infra/sqlite/sqlcgen/lead.sql.go:260.2,260.37 1 0
github.com/matiasleandrokruk/fenix/internal/infra/sqlite/sqlcgen/lead.sql.go:260.37,262.3 1 0
github.com/matiasleandrokruk/fenix/internal/infra/sqlite/sqlcgen/lead.sql.go:263.2,263.35 1 0
github.com/matiasleandrokruk/fenix/internal/infra/sqlite/sqlcgen/lead.sql.go:263.35,265.3 1 0
github.com/matiasleandrokruk/fenix/internal/infra/sqlite/sqlcgen/lead.sql.go:266.2,266.19 1 0
github.com/matiasleandrokruk/fenix/internal/infra/sqlite/sqlcgen/lead.sql.go:285.109,287.16 2 0
github.com/matiasleandrokruk/fenix/internal/infra/sqlite/sqlcgen/lead.sql.go:287.16,289.3 1 0
github.com/matiasleandrokruk/fenix/internal/infra/sqlite/sqlcgen/lead.sql.go:290.2,292.18 3 0
github.com/matiasleandrokruk/fenix/internal/infra/sqlite/sqlcgen/lead.sql.go:292.18,307.17 2 0
github.com/matiasleandrokruk/fenix/internal/infra/sqlite/sqlcgen/lead.sql.go:307.17,309.4 1 0
github.com/matiasleandrokruk/fenix/internal/infra/sqlite/sqlcgen/lead.sql.go:310.3,310.27 1 0
github.com/matiasleandrokruk/fenix/internal/infra/sqlite/sqlcgen/lead.sql.go:312.2,312.37 1 0
github.com/matiasleandrokruk/fenix/internal/infra/sqlite/sqlcgen/lead.sql.go:312.37,314.3 1 0
github.com/matiasleandrokruk/fenix/internal/infra/sqlite/sqlcgen/lead.sql.go:315.2,315.35 1 0
github.com/matiasleandrokruk/fenix/internal/infra/sqlite/sqlcgen/lead.sql.go:315.35,317.3 1 0
github.com/matiasleandrokruk/fenix/internal/infra/sqlite/sqlcgen/lead.sql.go:318.2,318.19 1 0
github.com/matiasleandrokruk/fenix/internal/infra/sqlite/sqlcgen/lead.sql.go:337.87,345.2 2 0
github.com/matiasleandrokruk/fenix/internal/infra/sqlite/sqlcgen/lead.sql.go:375.79,389.2 2 0
github.com/matiasleandrokruk/fenix/internal/infra/sqlite/sqlcgen/note.sql.go:25.104,30.2 4 0
github.com/matiasleandrokruk/fenix/internal/infra/sqlite/sqlcgen/note.sql.go:37.97,42.2 4 0
github.com/matiasleandrokruk/fenix/internal/infra/sqlite/sqlcgen/note.sql.go:65.79,79.2 2 0
github.com/matiasleandrokruk/fenix/internal/infra/sqlite/sqlcgen/note.sql.go:92.79,95.2 2 0
github.com/matiasleandrokruk/fenix/internal/infra/sqlite/sqlcgen/note.sql.go:110.89,126.2 4 0
github.com/matiasleandrokruk/fenix/internal/infra/sqlite/sqlcgen/note.sql.go:141.103,143.16 2 0
github.com/matiasleandrokruk/fenix/internal/infra/sqlite/sqlcgen/note.sql.go:143.16,145.3 1 0
github.com/matiasleandrokruk/fenix/internal/infra/sqlite/sqlcgen/note.sql.go:146.2,148.18 3 0
github.com/matiasleandrokruk/fenix/internal/infra/sqlite/sqlcgen/note.sql.go:148.18,161.17 2 0
github.com/matiasleandrokruk/fenix/internal/infra/sqlite/sqlcgen/note.sql.go:161.17,163.4 1 0
github.com/matiasleandrokruk/fenix/internal/infra/sqlite/sqlcgen/note.sql.go:164.3,164.27 1 0
github.com/matiasleandrokruk/fenix/internal/infra/sqlite/sqlcgen/note.sql.go:166.2,166.37 1 0
github.com/matiasleandrokruk/fenix/internal/infra/sqlite/sqlcgen/note.sql.go:166.37,168.3 1 0
github.com/matiasleandrokruk/fenix/internal/infra/sqlite/sqlcgen/note.sql.go:169.2,169.35 1 0
github.com/matiasleandrokruk/fenix/internal/infra/sqlite/sqlcgen/note.sql.go:169.35,171.3 1 0
github.com/matiasleandrokruk/fenix/internal/infra/sqlite/sqlcgen/note.sql.go:172.2,172.19 1 0
github.com/matiasleandrokruk/fenix/internal/infra/sqlite/sqlcgen/note.sql.go:190.103,192.16 2 0
github.com/matiasleandrokruk/fenix/internal/infra/sqlite/sqlcgen/note.sql.go:192.16,194.3 1 0
github.com/matiasleandrokruk/fenix/internal/infra/sqlite/sqlcgen/note.sql.go:195.2,197.18 3 0
github.com/matiasleandrokruk/fenix/internal/infra/sqlite/sqlcgen/note.sql.go:197.18,210.17 2 0
github.com/matiasleandrokruk/fenix/internal/infra/sqlite/sqlcgen/note.sql.go:210.17,212.4 1 0
github.com/matiasleandrokruk/fenix/internal/infra/sqlite/sqlcgen/note.sql.go:213.3,213.27 1 0
github.com/matiasleandrokruk/fenix/internal/infra/sqlite/sqlcgen/note.sql.go:215.2,215.37 1 0
github.com/matiasleandrokruk/fenix/internal/infra/sqlite/sqlcgen/note.sql.go:215.37,217.3 1 0
github.com/matiasleandrokruk/fenix/internal/infra/sqlite/sqlcgen/note.sql.go:218.2,218.35 1 0
github.com/matiasleandrokruk/fenix/internal/infra/sqlite/sqlcgen/note.sql.go:218.35,220.3 1 0
github.com/matiasleandrokruk/fenix/internal/infra/sqlite/sqlcgen/note.sql.go:221.2,221.19 1 0
github.com/matiasleandrokruk/fenix/internal/infra/sqlite/sqlcgen/note.sql.go:240.115,242.16 2 0
github.com/matiasleandrokruk/fenix/internal/infra/sqlite/sqlcgen/note.sql.go:242.16,244.3 1 0
github.com/matiasleandrokruk/fenix/internal/infra/sqlite/sqlcgen/note.sql.go:245.2,247.18 3 0
github.com/matiasleandrokruk/fenix/internal/infra/sqlite/sqlcgen/note.sql.go:247.18,260.17 2 0
github.com/matiasleandrokruk/fenix/internal/infra/sqlite/sqlcgen/note.sql.go:260.17,262.4 1 0
github.com/matiasleandrokruk/fenix/internal/infra/sqlite/sqlcgen/note.sql.go:263.3,263.27 1 0
github.com/matiasleandrokruk/fenix/internal/infra/sqlite/sqlcgen/note.sql.go:265.2,265.37 1 0
github.com/matiasleandrokruk/fenix/internal/infra/sqlite/sqlcgen/note.sql.go:265.37,267.3 1 0
github.com/matiasleandrokruk/fenix/internal/infra/sqlite/sqlcgen/note.sql.go:268.2,268.35 1 0
github.com/matiasleandrokruk/fenix/internal/infra/sqlite/sqlcgen/note.sql.go:268.35,270.3 1 0
github.com/matiasleandrokruk/fenix/internal/infra/sqlite/sqlcgen/note.sql.go:271.2,271.19 1 0
github.com/matiasleandrokruk/fenix/internal/infra/sqlite/sqlcgen/note.sql.go:289.109,291.16 2 0
github.com/matiasleandrokruk/fenix/internal/infra/sqlite/sqlcgen/note.sql.go:291.16,293.3 1 0
github.com/matiasleandrokruk/fenix/internal/infra/sqlite/sqlcgen/note.sql.go:294.2,296.18 3 0
github.com/matiasleandrokruk/fenix/internal/infra/sqlite/sqlcgen/note.sql.go:296.18,309.17 2 0
github.com/matiasleandrokruk/fenix/internal/infra/sqlite/sqlcgen/note.sql.go:309.17,311.4 1 0
github.com/matiasleandrokruk/fenix/internal/infra/sqlite/sqlcgen/note.sql.go:312.3,312.27 1 0
github.com/matiasleandrokruk/fenix/internal/infra/sqlite/sqlcgen/note.sql.go:314.2,314.37 1 0
github.com/matiasleandrokruk/fenix/internal/infra/sqlite/sqlcgen/note.sql.go:314.37,316.3 1 0
github.com/matiasleandrokruk/fenix/internal/infra/sqlite/sqlcgen/note.sql.go:317.2,317.35 1 0
github.com/matiasleandrokruk/fenix/internal/infra/sqlite/sqlcgen/note.sql.go:317.35,319.3 1 0
github.com/matiasleandrokruk/fenix/internal/infra/sqlite/sqlcgen/note.sql.go:320.2,320.19 1 0
github.com/matiasleandrokruk/fenix/internal/infra/sqlite/sqlcgen/note.sql.go:342.79,352.2 2 0
github.com/matiasleandrokruk/fenix/internal/infra/sqlite/sqlcgen/pipeline.sql.go:17.104,22.2 4 0
github.com/matiasleandrokruk/fenix/internal/infra/sqlite/sqlcgen/pipeline.sql.go:29.101,34.2 4 0
github.com/matiasleandrokruk/fenix/internal/infra/sqlite/sqlcgen/pipeline.sql.go:56.87,67.2 2 0
github.com/matiasleandrokruk/fenix/internal/infra/sqlite/sqlcgen/pipeline.sql.go:88.97,101.2 2 0
github.com/matiasleandrokruk/fenix/internal/infra/sqlite/sqlcgen/pipeline.sql.go:114.87,117.2 2 0
github.com/matiasleandrokruk/fenix/internal/infra/sqlite/sqlcgen/pipeline.sql.go:124.77,127.2 2 0
github.com/matiasleandrokruk/fenix/internal/infra/sqlite/sqlcgen/pipeline.sql.go:134.96,137.2 2 0
github.com/matiasleandrokruk/fenix/internal/infra/sqlite/sqlcgen/pipeline.sql.go:152.101,165.2 4 0
github.com/matiasleandrokruk/fenix/internal/infra/sqlite/sqlcgen/pipeline.sql.go:174.95,189.2 4 0
github.com/matiasleandrokruk/fenix/internal/infra/sqlite/sqlcgen/pipeline.sql.go:198.113,200.16 2 0
github.com/matiasleandrokruk/fenix/internal/infra/sqlite/sqlcgen/pipeline.sql.go:200.16,202.3 1 0
github.com/matiasleandrokruk/fenix/internal/infra/sqlite/sqlcgen/pipeline.sql.go:203.2,205.18 3 0
github.com/matiasleandrokruk/fenix/internal/infra/sqlite/sqlcgen/pipeline.sql.go:205.18,217.17 2 0
github.com/matiasleandrokruk/fenix/internal/infra/sqlite/sqlcgen/pipeline.sql.go:217.17,219.4 1 0
github.com/matiasleandrokruk/fenix/internal/infra/sqlite/sqlcgen/pipeline.sql.go:220.3,220.27 1 0
github.com/matiasleandrokruk/fenix/internal/infra/sqlite/sqlcgen/pipeline.sql.go:222.2,222.37 1 0
github.com/matiasleandrokruk/fenix/internal/infra/sqlite/sqlcgen/pipeline.sql.go:222.37,224.3 1 0
github.com/matiasleandrokruk/fenix/internal/infra/sqlite/sqlcgen/pipeline.sql.go:225.2,225.35 1 0
github.com/matiasleandrokruk/fenix/internal/infra/sqlite/sqlcgen/pipeline.sql.go:225.35,227.3 1 0
github.com/matiasleandrokruk/fenix/internal/infra/sqlite/sqlcgen/pipeline.sql.go:228.2,228.19 1 0
github.com/matiasleandrokruk/fenix/internal/infra/sqlite/sqlcgen/pipeline.sql.go:244.123,246.16 2 0
github.com/matiasleandrokruk/fenix/internal/infra/sqlite/sqlcgen/pipeline.sql.go:246.16,248.3 1 0
github.com/matiasleandrokruk/fenix/internal/infra/sqlite/sqlcgen/pipeline.sql.go:249.2,251.18 3 0
github.com/matiasleandrokruk/fenix/internal/infra/sqlite/sqlcgen/pipeline.sql.go:251.18,261.17 2 0
github.com/matiasleandrokruk/fenix/internal/infra/sqlite/sqlcgen/pipeline.sql.go:261.17,263.4 1 0
github.com/matiasleandrokruk/fenix/internal/infra/sqlite/sqlcgen/pipeline.sql.go:264.3,264.27 1 0
github.com/matiasleandrokruk/fenix/internal/infra/sqlite/sqlcgen/pipeline.sql.go:266.2,266.37 1 0
github.com/matiasleandrokruk/fenix/internal/infra/sqlite/sqlcgen/pipeline.sql.go:266.37,268.3 1 0
github.com/matiasleandrokruk/fenix/internal/infra/sqlite/sqlcgen/pipeline.sql.go:269.2,269.35 1 0
github.com/matiasleandrokruk/fenix/internal/infra/sqlite/sqlcgen/pipeline.sql.go:269.35,271.3 1 0
github.com/matiasleandrokruk/fenix/internal/infra/sqlite/sqlcgen/pipeline.sql.go:272.2,272.19 1 0
github.com/matiasleandrokruk/fenix/internal/infra/sqlite/sqlcgen/pipeline.sql.go:290.121,292.16 2 0
github.com/matiasleandrokruk/fenix/internal/infra/sqlite/sqlcgen/pipeline.sql.go:292.16,294.3 1 0
github.com/matiasleandrokruk/fenix/internal/infra/sqlite/sqlcgen/pipeline.sql.go:295.2,297.18 3 0
github.com/matiasleandrokruk/fenix/internal/infra/sqlite/sqlcgen/pipeline.sql.go:297.18,307.17 2 0
github.com/matiasleandrokruk/fenix/internal/infra/sqlite/sqlcgen/pipeline.sql.go:307.17,309.4 1 0
github.com/matiasleandrokruk/fenix/internal/infra/sqlite/sqlcgen/pipeline.sql.go:310.3,310.27 1 0
github.com/matiasleandrokruk/fenix/internal/infra/sqlite/sqlcgen/pipeline.sql.go:312.2,312.37 1 0
github.com/matiasleandrokruk/fenix/internal/infra/sqlite/sqlcgen/pipeline.sql.go:312.37,314.3 1 0
github.com/matiasleandrokruk/fenix/internal/infra/sqlite/sqlcgen/pipeline.sql.go:315.2,315.35 1 0
github.com/matiasleandrokruk/fenix/internal/infra/sqlite/sqlcgen/pipeline.sql.go:315.35,317.3 1 0
github.com/matiasleandrokruk/fenix/internal/infra/sqlite/sqlcgen/pipeline.sql.go:318.2,318.19 1 0
github.com/matiasleandrokruk/fenix/internal/infra/sqlite/sqlcgen/pipeline.sql.go:340.87,350.2 2 0
github.com/matiasleandrokruk/fenix/internal/infra/sqlite/sqlcgen/pipeline.sql.go:373.97,384.2 2 0
github.com/matiasleandrokruk/fenix/internal/infra/sqlite/sqlcgen/role.sql.go:28.79,36.2 2 0
github.com/matiasleandrokruk/fenix/internal/infra/sqlite/sqlcgen/role.sql.go:61.79,72.2 2 0
github.com/matiasleandrokruk/fenix/internal/infra/sqlite/sqlcgen/role.sql.go:85.79,88.2 2 0
github.com/matiasleandrokruk/fenix/internal/infra/sqlite/sqlcgen/role.sql.go:103.89,116.2 4 0
github.com/matiasleandrokruk/fenix/internal/infra/sqlite/sqlcgen/role.sql.go:131.93,144.2 4 0
github.com/matiasleandrokruk/fenix/internal/infra/sqlite/sqlcgen/role.sql.go:159.93,169.2 4 0
github.com/matiasleandrokruk/fenix/internal/infra/sqlite/sqlcgen/role.sql.go:185.99,187.16 2 0
github.com/matiasleandrokruk/fenix/internal/infra/sqlite/sqlcgen/role.sql.go:187.16,189.3 1 0
github.com/matiasleandrokruk/fenix/internal/infra/sqlite/sqlcgen/role.sql.go:190.2,192.18 3 0
github.com/matiasleandrokruk/fenix/internal/infra/sqlite/sqlcgen/role.sql.go:192.18,202.17 2 0
github.com/matiasleandrokruk/fenix/internal/infra/sqlite/sqlcgen/role.sql.go:202.17,204.4 1 0
github.com/matiasleandrokruk/fenix/internal/infra/sqlite/sqlcgen/role.sql.go:205.3,205.27 1 0
github.com/matiasleandrokruk/fenix/internal/infra/sqlite/sqlcgen/role.sql.go:207.2,207.37 1 0
github.com/matiasleandrokruk/fenix/internal/infra/sqlite/sqlcgen/role.sql.go:207.37,209.3 1 0
github.com/matiasleandrokruk/fenix/internal/infra/sqlite/sqlcgen/role.sql.go:210.2,210.35 1 0
github.com/matiasleandrokruk/fenix/internal/infra/sqlite/sqlcgen/role.sql.go:210.35,212.3 1 0
github.com/matiasleandrokruk/fenix/internal/infra/sqlite/sqlcgen/role.sql.go:213.2,213.19 1 0
github.com/matiasleandrokruk/fenix/internal/infra/sqlite/sqlcgen/role.sql.go:223.97,225.16 2 0
github.com/matiasleandrokruk/fenix/internal/infra/sqlite/sqlcgen/role.sql.go:225.16,227.3 1 0
github.com/matiasleandrokruk/fenix/internal/infra/sqlite/sqlcgen/role.sql.go:228.2,230.18 3 0
github.com/matiasleandrokruk/fenix/internal/infra/sqlite/sqlcgen/role.sql.go:230.18,240.17 2 0
github.com/matiasleandrokruk/fenix/internal/infra/sqlite/sqlcgen/role.sql.go:240.17,242.4 1 0
github.com/matiasleandrokruk/fenix/internal/infra/sqlite/sqlcgen/role.sql.go:243.3,243.27 1 0
github.com/matiasleandrokruk/fenix/internal/infra/sqlite/sqlcgen/role.sql.go:245.2,245.37 1 0
github.com/matiasleandrokruk/fenix/internal/infra/sqlite/sqlcgen/role.sql.go:245.37,247.3 1 0
github.com/matiasleandrokruk/fenix/internal/infra/sqlite/sqlcgen/role.sql.go:248.2,248.35 1 0
github.com/matiasleandrokruk/fenix/internal/infra/sqlite/sqlcgen/role.sql.go:248.35,250.3 1 0
github.com/matiasleandrokruk/fenix/internal/infra/sqlite/sqlcgen/role.sql.go:251.2,251.19 1 0
github.com/matiasleandrokruk/fenix/internal/infra/sqlite/sqlcgen/role.sql.go:268.106,270.16 2 0
github.com/matiasleandrokruk/fenix/internal/infra/sqlite/sqlcgen/role.sql.go:270.16,272.3 1 0
github.com/matiasleandrokruk/fenix/internal/infra/sqlite/sqlcgen/role.sql.go:273.2,275.18 3 0
github.com/matiasleandrokruk/fenix/internal/infra/sqlite/sqlcgen/role.sql.go:275.18,289.17 2 0
github.com/matiasleandrokruk/fenix/internal/infra/sqlite/sqlcgen/role.sql.go:289.17,291.4 1 0
github.com/matiasleandrokruk/fenix/internal/infra/sqlite/sqlcgen/role.sql.go:292.3,292.27 1 0
github.com/matiasleandrokruk/fenix/internal/infra/sqlite/sqlcgen/role.sql.go:294.2,294.37 1 0
github.com/matiasleandrokruk/fenix/internal/infra/sqlite/sqlcgen/role.sql.go:294.37,296.3 1 0
github.com/matiasleandrokruk/fenix/internal/infra/sqlite/sqlcgen/role.sql.go:297.2,297.35 1 0
github.com/matiasleandrokruk/fenix/internal/infra/sqlite/sqlcgen/role.sql.go:297.35,299.3 1 0
github.com/matiasleandrokruk/fenix/internal/infra/sqlite/sqlcgen/role.sql.go:300.2,300.19 1 0
github.com/matiasleandrokruk/fenix/internal/infra/sqlite/sqlcgen/role.sql.go:308.76,311.2 2 0
github.com/matiasleandrokruk/fenix/internal/infra/sqlite/sqlcgen/role.sql.go:324.79,327.2 2 0
github.com/matiasleandrokruk/fenix/internal/infra/sqlite/sqlcgen/role.sql.go:348.79,358.2 2 0
github.com/matiasleandrokruk/fenix/internal/infra/sqlite/sqlcgen/timeline.sql.go:25.122,30.2 4 0
github.com/matiasleandrokruk/fenix/internal/infra/sqlite/sqlcgen/timeline.sql.go:37.106,42.2 4 0
github.com/matiasleandrokruk/fenix/internal/infra/sqlite/sqlcgen/timeline.sql.go:65.97,79.2 2 0
github.com/matiasleandrokruk/fenix/internal/infra/sqlite/sqlcgen/timeline.sql.go:97.136,113.2 4 0
github.com/matiasleandrokruk/fenix/internal/infra/sqlite/sqlcgen/timeline.sql.go:128.116,144.2 4 0
github.com/matiasleandrokruk/fenix/internal/infra/sqlite/sqlcgen/timeline.sql.go:163.128,170.16 2 0
github.com/matiasleandrokruk/fenix/internal/infra/sqlite/sqlcgen/timeline.sql.go:170.16,172.3 1 0
github.com/matiasleandrokruk/fenix/internal/infra/sqlite/sqlcgen/timeline.sql.go:173.2,175.18 3 0
github.com/matiasleandrokruk/fenix/internal/infra/sqlite/sqlcgen/timeline.sql.go:175.18,188.17 2 0
github.com/matiasleandrokruk/fenix/internal/infra/sqlite/sqlcgen/timeline.sql.go:188.17,190.4 1 0
github.com/matiasleandrokruk/fenix/internal/infra/sqlite/sqlcgen/timeline.sql.go:191.3,191.27 1 0
github.com/matiasleandrokruk/fenix/internal/infra/sqlite/sqlcgen/timeline.sql.go:193.2,193.37 1 0
github.com/matiasleandrokruk/fenix/internal/infra/sqlite/sqlcgen/timeline.sql.go:193.37,195.3 1 0
github.com/matiasleandrokruk/fenix/internal/infra/sqlite/sqlcgen/timeline.sql.go:196.2,196.35 1 0
github.com/matiasleandrokruk/fenix/internal/infra/sqlite/sqlcgen/timeline.sql.go:196.35,198.3 1 0
github.com/matiasleandrokruk/fenix/internal/infra/sqlite/sqlcgen/timeline.sql.go:199.2,199.19 1 0
github.com/matiasleandrokruk/fenix/internal/infra/sqlite/sqlcgen/timeline.sql.go:221.130,229.16 2 0
github.com/matiasleandrokruk/fenix/internal/infra/sqlite/sqlcgen/timeline.sql.go:229.16,231.3 1 0
github.com/matiasleandrokruk/fenix/internal/infra/sqlite/sqlcgen/timeline.sql.go:232.2,234.18 3 0
github.com/matiasleandrokruk/fenix/internal/infra/sqlite/sqlcgen/timeline.sql.go:234.18,247.17 2 0
github.com/matiasleandrokruk/fenix/internal/infra/sqlite/sqlcgen/timeline.sql.go:247.17,249.4 1 0
github.com/matiasleandrokruk/fenix/internal/infra/sqlite/sqlcgen/timeline.sql.go:250.3,250.27 1 0
github.com/matiasleandrokruk/fenix/internal/infra/sqlite/sqlcgen/timeline.sql.go:252.2,252.37 1 0
github.com/matiasleandrokruk/fenix/internal/infra/sqlite/sqlcgen/timeline.sql.go:252.37,254.3 1 0
github.com/matiasleandrokruk/fenix/internal/infra/sqlite/sqlcgen/timeline.sql.go:255.2,255.35 1 0
github.com/matiasleandrokruk/fenix/internal/infra/sqlite/sqlcgen/timeline.sql.go:255.35,257.3 1 0
github.com/matiasleandrokruk/fenix/internal/infra/sqlite/sqlcgen/timeline.sql.go:258.2,258.19 1 0
github.com/matiasleandrokruk/fenix/internal/infra/sqlite/sqlcgen/timeline.sql.go:278.136,285.16 2 0
github.com/matiasleandrokruk/fenix/internal/infra/sqlite/sqlcgen/timeline.sql.go:285.16,287.3 1 0
github.com/matiasleandrokruk/fenix/internal/infra/sqlite/sqlcgen/timeline.sql.go:288.2,290.18 3 0
github.com/matiasleandrokruk/fenix/internal/infra/sqlite/sqlcgen/timeline.sql.go:290.18,303.17 2 0
github.com/matiasleandrokruk/fenix/internal/infra/sqlite/sqlcgen/timeline.sql.go:303.17,305.4 1 0
github.com/matiasleandrokruk/fenix/internal/infra/sqlite/sqlcgen/timeline.sql.go:306.3,306.27 1 0
github.com/matiasleandrokruk/fenix/internal/infra/sqlite/sqlcgen/timeline.sql.go:308.2,308.37 1 0
github.com/matiasleandrokruk/fenix/internal/infra/sqlite/sqlcgen/timeline.sql.go:308.37,310.3 1 0
github.com/matiasleandrokruk/fenix/internal/infra/sqlite/sqlcgen/timeline.sql.go:311.2,311.35 1 0
github.com/matiasleandrokruk/fenix/internal/infra/sqlite/sqlcgen/timeline.sql.go:311.35,313.3 1 0
github.com/matiasleandrokruk/fenix/internal/infra/sqlite/sqlcgen/timeline.sql.go:314.2,314.19 1 0
github.com/matiasleandrokruk/fenix/internal/infra/sqlite/sqlcgen/timeline.sql.go:332.136,334.16 2 0
github.com/matiasleandrokruk/fenix/internal/infra/sqlite/sqlcgen/timeline.sql.go:334.16,336.3 1 0
github.com/matiasleandrokruk/fenix/internal/infra/sqlite/sqlcgen/timeline.sql.go:337.2,339.18 3 0
github.com/matiasleandrokruk/fenix/internal/infra/sqlite/sqlcgen/timeline.sql.go:339.18,352.17 2 0
github.com/matiasleandrokruk/fenix/internal/infra/sqlite/sqlcgen/timeline.sql.go:352.17,354.4 1 0
github.com/matiasleandrokruk/fenix/internal/infra/sqlite/sqlcgen/timeline.sql.go:355.3,355.27 1 0
github.com/matiasleandrokruk/fenix/internal/infra/sqlite/sqlcgen/timeline.sql.go:357.2,357.37 1 0
github.com/matiasleandrokruk/fenix/internal/infra/sqlite/sqlcgen/timeline.sql.go:357.37,359.3 1 0
github.com/matiasleandrokruk/fenix/internal/infra/sqlite/sqlcgen/timeline.sql.go:360.2,360.35 1 0
github.com/matiasleandrokruk/fenix/internal/infra/sqlite/sqlcgen/timeline.sql.go:360.35,362.3 1 0
github.com/matiasleandrokruk/fenix/internal/infra/sqlite/sqlcgen/timeline.sql.go:363.2,363.19 1 0
github.com/matiasleandrokruk/fenix/internal/infra/sqlite/sqlcgen/user.sql.go:19.97,24.2 4 0
github.com/matiasleandrokruk/fenix/internal/infra/sqlite/sqlcgen/user.sql.go:50.79,65.2 2 0
github.com/matiasleandrokruk/fenix/internal/infra/sqlite/sqlcgen/user.sql.go:80.79,83.2 2 0
github.com/matiasleandrokruk/fenix/internal/infra/sqlite/sqlcgen/user.sql.go:94.90,111.2 4 0
github.com/matiasleandrokruk/fenix/internal/infra/sqlite/sqlcgen/user.sql.go:122.105,139.2 4 0
github.com/matiasleandrokruk/fenix/internal/infra/sqlite/sqlcgen/user.sql.go:156.96,173.2 4 0
github.com/matiasleandrokruk/fenix/internal/infra/sqlite/sqlcgen/user.sql.go:185.110,187.16 2 0
github.com/matiasleandrokruk/fenix/internal/infra/sqlite/sqlcgen/user.sql.go:187.16,189.3 1 0
github.com/matiasleandrokruk/fenix/internal/infra/sqlite/sqlcgen/user.sql.go:190.2,192.18 3 0
github.com/matiasleandrokruk/fenix/internal/infra/sqlite/sqlcgen/user.sql.go:192.18,206.17 2 0
github.com/matiasleandrokruk/fenix/internal/infra/sqlite/sqlcgen/user.sql.go:206.17,208.4 1 0
github.com/matiasleandrokruk/fenix/internal/infra/sqlite/sqlcgen/user.sql.go:209.3,209.27 1 0
github.com/matiasleandrokruk/fenix/internal/infra/sqlite/sqlcgen/user.sql.go:211.2,211.37 1 0
github.com/matiasleandrokruk/fenix/internal/infra/sqlite/sqlcgen/user.sql.go:211.37,213.3 1 0
github.com/matiasleandrokruk/fenix/internal/infra/sqlite/sqlcgen/user.sql.go:214.2,214.35 1 0
github.com/matiasleandrokruk/fenix/internal/infra/sqlite/sqlcgen/user.sql.go:214.35,216.3 1 0
github.com/matiasleandrokruk/fenix/internal/infra/sqlite/sqlcgen/user.sql.go:217.2,217.19 1 0
github.com/matiasleandrokruk/fenix/internal/infra/sqlite/sqlcgen/user.sql.go:229.104,231.16 2 0
github.com/matiasleandrokruk/fenix/internal/infra/sqlite/sqlcgen/user.sql.go:231.16,233.3 1 0
github.com/matiasleandrokruk/fenix/internal/infra/sqlite/sqlcgen/user.sql.go:234.2,236.18 3 0
github.com/matiasleandrokruk/fenix/internal/infra/sqlite/sqlcgen/user.sql.go:236.18,250.17 2 0
github.com/matiasleandrokruk/fenix/internal/infra/sqlite/sqlcgen/user.sql.go:250.17,252.4 1 0
github.com/matiasleandrokruk/fenix/internal/infra/sqlite/sqlcgen/user.sql.go:253.3,253.27 1 0
github.com/matiasleandrokruk/fenix/internal/infra/sqlite/sqlcgen/user.sql.go:255.2,255.37 1 0
github.com/matiasleandrokruk/fenix/internal/infra/sqlite/sqlcgen/user.sql.go:255.37,257.3 1 0
github.com/matiasleandrokruk/fenix/internal/infra/sqlite/sqlcgen/user.sql.go:258.2,258.35 1 0
github.com/matiasleandrokruk/fenix/internal/infra/sqlite/sqlcgen/user.sql.go:258.35,260.3 1 0
github.com/matiasleandrokruk/fenix/internal/infra/sqlite/sqlcgen/user.sql.go:261.2,261.19 1 0
github.com/matiasleandrokruk/fenix/internal/infra/sqlite/sqlcgen/user.sql.go:285.79,295.2 2 0
github.com/matiasleandrokruk/fenix/internal/infra/sqlite/sqlcgen/user.sql.go:314.103,322.2 2 0
github.com/matiasleandrokruk/fenix/internal/infra/sqlite/sqlcgen/user.sql.go:341.91,349.2 2 0
github.com/matiasleandrokruk/fenix/internal/infra/sqlite/sqlcgen/workspace.sql.go:30.89,40.2 2 0
github.com/matiasleandrokruk/fenix/internal/infra/sqlite/sqlcgen/workspace.sql.go:49.73,52.2 2 0
github.com/matiasleandrokruk/fenix/internal/infra/sqlite/sqlcgen/workspace.sql.go:63.87,75.2 4 0
github.com/matiasleandrokruk/fenix/internal/infra/sqlite/sqlcgen/workspace.sql.go:86.91,98.2 4 0
github.com/matiasleandrokruk/fenix/internal/infra/sqlite/sqlcgen/workspace.sql.go:108.76,110.16 2 0
github.com/matiasleandrokruk/fenix/internal/infra/sqlite/sqlcgen/workspace.sql.go:110.16,112.3 1 0
github.com/matiasleandrokruk/fenix/internal/infra/sqlite/sqlcgen/workspace.sql.go:113.2,115.18 3 0
github.com/matiasleandrokruk/fenix/internal/infra/sqlite/sqlcgen/workspace.sql.go:115.18,124.17 2 0
github.com/matiasleandrokruk/fenix/internal/infra/sqlite/sqlcgen/workspace.sql.go:124.17,126.4 1 0
github.com/matiasleandrokruk/fenix/internal/infra/sqlite/sqlcgen/workspace.sql.go:127.3,127.27 1 0
github.com/matiasleandrokruk/fenix/internal/infra/sqlite/sqlcgen/workspace.sql.go:129.2,129.37 1 0
github.com/matiasleandrokruk/fenix/internal/infra/sqlite/sqlcgen/workspace.sql.go:129.37,131.3 1 0
[...]
github.com/matiasleandrokruk/fenix/internal/api/handlers/knowledge_ingest.go:96.53,97.21 1 4
github.com/matiasleandrokruk/fenix/internal/api/handlers/knowledge_ingest.go:97.21,99.3 1 1
github.com/matiasleandrokruk/fenix/internal/api/handlers/knowledge_ingest.go:100.2,100.26 1 3
github.com/matiasleandrokruk/fenix/internal/api/handlers/knowledge_ingest.go:100.26,102.3 1 1
github.com/matiasleandrokruk/fenix/internal/api/handlers/knowledge_ingest.go:103.2,103.40 1 2
github.com/matiasleandrokruk/fenix/internal/api/handlers/knowledge_ingest.go:103.40,105.3 1 1
github.com/matiasleandrokruk/fenix/internal/api/handlers/knowledge_ingest.go:106.2,106.12 1 1
github.com/matiasleandrokruk/fenix/internal/api/handlers/knowledge_ingest.go:110.39,111.33 1 2
github.com/matiasleandrokruk/fenix/internal/api/handlers/knowledge_ingest.go:120.29,121.14 1 1
github.com/matiasleandrokruk/fenix/internal/api/handlers/knowledge_ingest.go:123.2,123.14 1 1
github.com/matiasleandrokruk/fenix/internal/api/handlers/knowledge_ingest.go:127.31,129.2 1 3
github.com/matiasleandrokruk/fenix/internal/api/handlers/knowledge_ingest.go:133.48,133.64 1 3
github.com/matiasleandrokruk/fenix/internal/api/handlers/lead.go:21.64,25.2 1 7
github.com/matiasleandrokruk/fenix/internal/api/handlers/lead.go:73.74,76.16 3 1
github.com/matiasleandrokruk/fenix/internal/api/handlers/lead.go:76.16,79.3 2 0
github.com/matiasleandrokruk/fenix/internal/api/handlers/lead.go:81.2,82.61 2 1
github.com/matiasleandrokruk/fenix/internal/api/handlers/lead.go:82.61,85.3 2 0
github.com/matiasleandrokruk/fenix/internal/api/handlers/lead.go:88.2,88.23 1 1
github.com/matiasleandrokruk/fenix/internal/api/handlers/lead.go:88.23,91.3 2 0
github.com/matiasleandrokruk/fenix/internal/api/handlers/lead.go:94.2,104.16 2 1
github.com/matiasleandrokruk/fenix/internal/api/handlers/lead.go:104.16,107.3 2 0
github.com/matiasleandrokruk/fenix/internal/api/handlers/lead.go:110.2,112.72 3 1
github.com/matiasleandrokruk/fenix/internal/api/handlers/lead.go:112.72,115.3 2 0
github.com/matiasleandrokruk/fenix/internal/api/handlers/lead.go:120.71,123.16 3 2
github.com/matiasleandrokruk/fenix/internal/api/handlers/lead.go:123.16,126.3 2 0
github.com/matiasleandrokruk/fenix/internal/api/handlers/lead.go:128.2,129.18 2 2
github.com/matiasleandrokruk/fenix/internal/api/handlers/lead.go:129.18,132.3 2 0
github.com/matiasleandrokruk/fenix/internal/api/handlers/lead.go:135.2,136.35 2 2
github.com/matiasleandrokruk/fenix/internal/api/handlers/lead.go:136.35,139.3 2 1
github.com/matiasleandrokruk/fenix/internal/api/handlers/lead.go:140.2,140.16 1 1
github.com/matiasleandrokruk/fenix/internal/api/handlers/lead.go:140.16,143.3 2 0
github.com/matiasleandrokruk/fenix/internal/api/handlers/lead.go:146.2,148.72 3 1
github.com/matiasleandrokruk/fenix/internal/api/handlers/lead.go:148.72,151.3 2 0
github.com/matiasleandrokruk/fenix/internal/api/handlers/lead.go:156.73,159.16 3 2
github.com/matiasleandrokruk/fenix/internal/api/handlers/lead.go:159.16,162.3 2 0
github.com/matiasleandrokruk/fenix/internal/api/handlers/lead.go:165.2,173.19 5 2
github.com/matiasleandrokruk/fenix/internal/api/handlers/lead.go:173.19,176.17 2 1
github.com/matiasleandrokruk/fenix/internal/api/handlers/lead.go:176.17,179.4 2 0
github.com/matiasleandrokruk/fenix/internal/api/handlers/lead.go:180.3,182.58 2 1
github.com/matiasleandrokruk/fenix/internal/api/handlers/lead.go:183.8,189.17 2 1
github.com/matiasleandrokruk/fenix/internal/api/handlers/lead.go:189.17,192.4 2 0
github.com/matiasleandrokruk/fenix/internal/api/handlers/lead.go:196.2,197.29 2 2
github.com/matiasleandrokruk/fenix/internal/api/handlers/lead.go:197.29,199.3 1 4
github.com/matiasleandrokruk/fenix/internal/api/handlers/lead.go:201.2,208.56 4 2
github.com/matiasleandrokruk/fenix/internal/api/handlers/lead.go:208.56,211.3 2 0
github.com/matiasleandrokruk/fenix/internal/api/handlers/lead.go:216.74,219.16 3 1
github.com/matiasleandrokruk/fenix/internal/api/handlers/lead.go:219.16,222.3 2 0
github.com/matiasleandrokruk/fenix/internal/api/handlers/lead.go:224.2,225.9 2 1
github.com/matiasleandrokruk/fenix/internal/api/handlers/lead.go:225.9,227.3 1 0
github.com/matiasleandrokruk/fenix/internal/api/handlers/lead.go:229.2,230.61 2 1
github.com/matiasleandrokruk/fenix/internal/api/handlers/lead.go:230.61,233.3 2 0
github.com/matiasleandrokruk/fenix/internal/api/handlers/lead.go:236.2,240.16 3 1
github.com/matiasleandrokruk/fenix/internal/api/handlers/lead.go:240.16,243.3 2 0
github.com/matiasleandrokruk/fenix/internal/api/handlers/lead.go:246.2,248.75 3 1
github.com/matiasleandrokruk/fenix/internal/api/handlers/lead.go:248.75,251.3 2 0
github.com/matiasleandrokruk/fenix/internal/api/handlers/lead.go:254.119,257.18 3 1
github.com/matiasleandrokruk/fenix/internal/api/handlers/lead.go:257.18,260.3 2 0
github.com/matiasleandrokruk/fenix/internal/api/handlers/lead.go:262.2,263.35 2 1
github.com/matiasleandrokruk/fenix/internal/api/handlers/lead.go:263.35,266.3 2 0
github.com/matiasleandrokruk/fenix/internal/api/handlers/lead.go:267.2,267.16 1 1
github.com/matiasleandrokruk/fenix/internal/api/handlers/lead.go:267.16,270.3 2 0
github.com/matiasleandrokruk/fenix/internal/api/handlers/lead.go:272.2,272.31 1 1
github.com/matiasleandrokruk/fenix/internal/api/handlers/lead.go:277.74,280.16 3 1
github.com/matiasleandrokruk/fenix/internal/api/handlers/lead.go:280.16,283.3 2 0
github.com/matiasleandrokruk/fenix/internal/api/handlers/lead.go:285.2,286.18 2 1
github.com/matiasleandrokruk/fenix/internal/api/handlers/lead.go:286.18,289.3 2 0
github.com/matiasleandrokruk/fenix/internal/api/handlers/lead.go:292.2,293.35 2 1
github.com/matiasleandrokruk/fenix/internal/api/handlers/lead.go:293.35,296.3 2 0
github.com/matiasleandrokruk/fenix/internal/api/handlers/lead.go:297.2,297.16 1 1
github.com/matiasleandrokruk/fenix/internal/api/handlers/lead.go:297.16,300.3 2 0
github.com/matiasleandrokruk/fenix/internal/api/handlers/lead.go:303.2,303.64 1 1
github.com/matiasleandrokruk/fenix/internal/api/handlers/lead.go:303.64,306.3 2 0
github.com/matiasleandrokruk/fenix/internal/api/handlers/lead.go:309.2,309.37 1 1
github.com/matiasleandrokruk/fenix/internal/api/handlers/lead.go:315.50,330.2 1 7
github.com/matiasleandrokruk/fenix/internal/api/handlers/lead.go:333.90,345.24 2 1
github.com/matiasleandrokruk/fenix/internal/api/handlers/lead.go:345.24,347.3 1 0
github.com/matiasleandrokruk/fenix/internal/api/handlers/lead.go:348.2,348.25 1 1
github.com/matiasleandrokruk/fenix/internal/api/handlers/lead.go:348.25,350.3 1 0
github.com/matiasleandrokruk/fenix/internal/api/handlers/lead.go:352.2,352.14 1 1
github.com/matiasleandrokruk/fenix/internal/api/handlers/lead.go:356.72,357.26 1 1
github.com/matiasleandrokruk/fenix/internal/api/handlers/lead.go:357.26,359.3 1 0
github.com/matiasleandrokruk/fenix/internal/api/handlers/lead.go:360.2,361.22 2 1
github.com/matiasleandrokruk/fenix/internal/api/handlers/lead.go:361.22,363.3 1 1
github.com/matiasleandrokruk/fenix/internal/api/handlers/lead.go:364.2,364.26 1 1
github.com/matiasleandrokruk/fenix/internal/api/handlers/note.go:16.60,16.101 1 0
github.com/matiasleandrokruk/fenix/internal/api/handlers/note.go:33.74,35.16 2 0
github.com/matiasleandrokruk/fenix/internal/api/handlers/note.go:35.16,38.3 2 0
github.com/matiasleandrokruk/fenix/internal/api/handlers/note.go:39.2,40.61 2 0
github.com/matiasleandrokruk/fenix/internal/api/handlers/note.go:40.61,43.3 2 0
github.com/matiasleandrokruk/fenix/internal/api/handlers/note.go:44.2,44.30 1 0
github.com/matiasleandrokruk/fenix/internal/api/handlers/note.go:44.30,47.3 2 0
github.com/matiasleandrokruk/fenix/internal/api/handlers/note.go:48.2,57.16 2 0
github.com/matiasleandrokruk/fenix/internal/api/handlers/note.go:57.16,60.3 2 0
github.com/matiasleandrokruk/fenix/internal/api/handlers/note.go:61.2,62.55 2 0
github.com/matiasleandrokruk/fenix/internal/api/handlers/note.go:62.55,65.3 2 0
github.com/matiasleandrokruk/fenix/internal/api/handlers/note.go:68.71,70.16 2 0
github.com/matiasleandrokruk/fenix/internal/api/handlers/note.go:70.16,73.3 2 0
github.com/matiasleandrokruk/fenix/internal/api/handlers/note.go:74.2,76.35 3 0
github.com/matiasleandrokruk/fenix/internal/api/handlers/note.go:76.35,79.3 2 0
github.com/matiasleandrokruk/fenix/internal/api/handlers/note.go:80.2,80.16 1 0
github.com/matiasleandrokruk/fenix/internal/api/handlers/note.go:80.16,83.3 2 0
github.com/matiasleandrokruk/fenix/internal/api/handlers/note.go:84.2,84.55 1 0
github.com/matiasleandrokruk/fenix/internal/api/handlers/note.go:84.55,87.3 2 0
github.com/matiasleandrokruk/fenix/internal/api/handlers/note.go:90.73,92.16 2 0
github.com/matiasleandrokruk/fenix/internal/api/handlers/note.go:92.16,95.3 2 0
github.com/matiasleandrokruk/fenix/internal/api/handlers/note.go:96.2,98.16 3 0
github.com/matiasleandrokruk/fenix/internal/api/handlers/note.go:98.16,101.3 2 0
github.com/matiasleandrokruk/fenix/internal/api/handlers/note.go:102.2,102.149 1 0
github.com/matiasleandrokruk/fenix/internal/api/handlers/note.go:102.149,105.3 2 0
github.com/matiasleandrokruk/fenix/internal/api/handlers/note.go:108.74,110.16 2 0
github.com/matiasleandrokruk/fenix/internal/api/handlers/note.go:110.16,113.3 2 0
github.com/matiasleandrokruk/fenix/internal/api/handlers/note.go:114.2,115.83 2 0
github.com/matiasleandrokruk/fenix/internal/api/handlers/note.go:115.83,118.3 2 0
github.com/matiasleandrokruk/fenix/internal/api/handlers/note.go:119.2,120.61 2 0
github.com/matiasleandrokruk/fenix/internal/api/handlers/note.go:120.61,123.3 2 0
github.com/matiasleandrokruk/fenix/internal/api/handlers/note.go:124.2,125.16 2 0
github.com/matiasleandrokruk/fenix/internal/api/handlers/note.go:125.16,128.3 2 0
github.com/matiasleandrokruk/fenix/internal/api/handlers/note.go:129.2,129.55 1 0
github.com/matiasleandrokruk/fenix/internal/api/handlers/note.go:129.55,132.3 2 0
github.com/matiasleandrokruk/fenix/internal/api/handlers/note.go:135.74,137.16 2 0
github.com/matiasleandrokruk/fenix/internal/api/handlers/note.go:137.16,140.3 2 0
github.com/matiasleandrokruk/fenix/internal/api/handlers/note.go:141.2,142.64 2 0
github.com/matiasleandrokruk/fenix/internal/api/handlers/note.go:142.64,145.3 2 0
github.com/matiasleandrokruk/fenix/internal/api/handlers/note.go:146.2,146.37 1 0
github.com/matiasleandrokruk/fenix/internal/api/handlers/note.go:151.53,153.2 1 0
github.com/matiasleandrokruk/fenix/internal/api/handlers/pipeline.go:16.72,18.2 1 0
github.com/matiasleandrokruk/fenix/internal/api/handlers/pipeline.go:38.82,40.16 2 0
github.com/matiasleandrokruk/fenix/internal/api/handlers/pipeline.go:40.16,43.3 2 0
github.com/matiasleandrokruk/fenix/internal/api/handlers/pipeline.go:44.2,45.61 2 0
github.com/matiasleandrokruk/fenix/internal/api/handlers/pipeline.go:45.61,48.3 2 0
github.com/matiasleandrokruk/fenix/internal/api/handlers/pipeline.go:49.2,49.44 1 0
github.com/matiasleandrokruk/fenix/internal/api/handlers/pipeline.go:49.44,52.3 2 0
github.com/matiasleandrokruk/fenix/internal/api/handlers/pipeline.go:53.2,54.16 2 0
github.com/matiasleandrokruk/fenix/internal/api/handlers/pipeline.go:54.16,57.3 2 0
github.com/matiasleandrokruk/fenix/internal/api/handlers/pipeline.go:58.2,59.55 2 0
github.com/matiasleandrokruk/fenix/internal/api/handlers/pipeline.go:59.55,62.3 2 0
github.com/matiasleandrokruk/fenix/internal/api/handlers/pipeline.go:65.81,67.16 2 0
github.com/matiasleandrokruk/fenix/internal/api/handlers/pipeline.go:67.16,70.3 2 0
github.com/matiasleandrokruk/fenix/internal/api/handlers/pipeline.go:71.2,73.16 3 0
github.com/matiasleandrokruk/fenix/internal/api/handlers/pipeline.go:73.16,76.3 2 0
github.com/matiasleandrokruk/fenix/internal/api/handlers/pipeline.go:77.2,77.149 1 0
github.com/matiasleandrokruk/fenix/internal/api/handlers/pipeline.go:77.149,80.3 2 0
github.com/matiasleandrokruk/fenix/internal/api/handlers/pipeline.go:83.79,85.16 2 0
github.com/matiasleandrokruk/fenix/internal/api/handlers/pipeline.go:85.16,88.3 2 0
github.com/matiasleandrokruk/fenix/internal/api/handlers/pipeline.go:89.2,91.35 3 0
github.com/matiasleandrokruk/fenix/internal/api/handlers/pipeline.go:91.35,94.3 2 0
github.com/matiasleandrokruk/fenix/internal/api/handlers/pipeline.go:95.2,95.16 1 0
github.com/matiasleandrokruk/fenix/internal/api/handlers/pipeline.go:95.16,98.3 2 0
github.com/matiasleandrokruk/fenix/internal/api/handlers/pipeline.go:99.2,99.55 1 0
github.com/matiasleandrokruk/fenix/internal/api/handlers/pipeline.go:99.55,102.3 2 0
github.com/matiasleandrokruk/fenix/internal/api/handlers/pipeline.go:105.82,107.16 2 0
github.com/matiasleandrokruk/fenix/internal/api/handlers/pipeline.go:107.16,110.3 2 0
github.com/matiasleandrokruk/fenix/internal/api/handlers/pipeline.go:111.2,113.35 3 0
github.com/matiasleandrokruk/fenix/internal/api/handlers/pipeline.go:113.35,116.3 2 0
github.com/matiasleandrokruk/fenix/internal/api/handlers/pipeline.go:117.2,117.16 1 0
github.com/matiasleandrokruk/fenix/internal/api/handlers/pipeline.go:117.16,120.3 2 0
github.com/matiasleandrokruk/fenix/internal/api/handlers/pipeline.go:121.2,122.61 2 0
github.com/matiasleandrokruk/fenix/internal/api/handlers/pipeline.go:122.61,125.3 2 0
github.com/matiasleandrokruk/fenix/internal/api/handlers/pipeline.go:126.2,131.16 2 0
github.com/matiasleandrokruk/fenix/internal/api/handlers/pipeline.go:131.16,134.3 2 0
github.com/matiasleandrokruk/fenix/internal/api/handlers/pipeline.go:135.2,135.32 1 0
github.com/matiasleandrokruk/fenix/internal/api/handlers/pipeline.go:138.82,140.16 2 0
github.com/matiasleandrokruk/fenix/internal/api/handlers/pipeline.go:140.16,143.3 2 0
github.com/matiasleandrokruk/fenix/internal/api/handlers/pipeline.go:144.2,145.64 2 0
github.com/matiasleandrokruk/fenix/internal/api/handlers/pipeline.go:145.64,148.3 2 0
github.com/matiasleandrokruk/fenix/internal/api/handlers/pipeline.go:149.2,149.37 1 0
github.com/matiasleandrokruk/fenix/internal/api/handlers/pipeline.go:152.79,155.61 3 0
github.com/matiasleandrokruk/fenix/internal/api/handlers/pipeline.go:155.61,158.3 2 0
github.com/matiasleandrokruk/fenix/internal/api/handlers/pipeline.go:159.2,159.20 1 0
github.com/matiasleandrokruk/fenix/internal/api/handlers/pipeline.go:159.20,162.3 2 0
github.com/matiasleandrokruk/fenix/internal/api/handlers/pipeline.go:163.2,163.23 1 0
github.com/matiasleandrokruk/fenix/internal/api/handlers/pipeline.go:163.23,165.3 1 0
github.com/matiasleandrokruk/fenix/internal/api/handlers/pipeline.go:166.2,174.16 2 0
github.com/matiasleandrokruk/fenix/internal/api/handlers/pipeline.go:174.16,177.3 2 0
github.com/matiasleandrokruk/fenix/internal/api/handlers/pipeline.go:178.2,179.55 2 0
github.com/matiasleandrokruk/fenix/internal/api/handlers/pipeline.go:179.55,182.3 2 0
github.com/matiasleandrokruk/fenix/internal/api/handlers/pipeline.go:185.78,188.16 3 0
github.com/matiasleandrokruk/fenix/internal/api/handlers/pipeline.go:188.16,191.3 2 0
github.com/matiasleandrokruk/fenix/internal/api/handlers/pipeline.go:192.2,192.144 1 0
github.com/matiasleandrokruk/fenix/internal/api/handlers/pipeline.go:192.144,195.3 2 0
github.com/matiasleandrokruk/fenix/internal/api/handlers/pipeline.go:198.79,200.9 2 0
github.com/matiasleandrokruk/fenix/internal/api/handlers/pipeline.go:200.9,202.3 1 0
github.com/matiasleandrokruk/fenix/internal/api/handlers/pipeline.go:203.2,204.61 2 0
github.com/matiasleandrokruk/fenix/internal/api/handlers/pipeline.go:204.61,207.3 2 0
github.com/matiasleandrokruk/fenix/internal/api/handlers/pipeline.go:208.2,216.16 3 0
github.com/matiasleandrokruk/fenix/internal/api/handlers/pipeline.go:216.16,219.3 2 0
github.com/matiasleandrokruk/fenix/internal/api/handlers/pipeline.go:220.2,220.55 1 0
github.com/matiasleandrokruk/fenix/internal/api/handlers/pipeline.go:220.55,223.3 2 0
github.com/matiasleandrokruk/fenix/internal/api/handlers/pipeline.go:226.120,229.35 3 0
github.com/matiasleandrokruk/fenix/internal/api/handlers/pipeline.go:229.35,232.3 2 0
github.com/matiasleandrokruk/fenix/internal/api/handlers/pipeline.go:233.2,233.16 1 0
github.com/matiasleandrokruk/fenix/internal/api/handlers/pipeline.go:233.16,236.3 2 0
github.com/matiasleandrokruk/fenix/internal/api/handlers/pipeline.go:237.2,237.32 1 0
github.com/matiasleandrokruk/fenix/internal/api/handlers/pipeline.go:240.112,241.20 1 0
github.com/matiasleandrokruk/fenix/internal/api/handlers/pipeline.go:241.20,243.3 1 0
github.com/matiasleandrokruk/fenix/internal/api/handlers/pipeline.go:244.2,244.23 1 0
github.com/matiasleandrokruk/fenix/internal/api/handlers/pipeline.go:244.23,246.3 1 0
github.com/matiasleandrokruk/fenix/internal/api/handlers/pipeline.go:247.2,247.12 1 0
github.com/matiasleandrokruk/fenix/internal/api/handlers/pipeline.go:250.79,252.19 2 0
github.com/matiasleandrokruk/fenix/internal/api/handlers/pipeline.go:252.19,254.3 1 0
github.com/matiasleandrokruk/fenix/internal/api/handlers/pipeline.go:255.2,255.68 1 0
github.com/matiasleandrokruk/fenix/internal/api/handlers/pipeline.go:255.68,258.3 2 0
github.com/matiasleandrokruk/fenix/internal/api/handlers/pipeline.go:259.2,259.37 1 0
github.com/matiasleandrokruk/fenix/internal/api/handlers/timeline.go:14.72,16.2 1 0
github.com/matiasleandrokruk/fenix/internal/api/handlers/timeline.go:18.80,20.16 2 0
github.com/matiasleandrokruk/fenix/internal/api/handlers/timeline.go:20.16,23.3 2 0
github.com/matiasleandrokruk/fenix/internal/api/handlers/timeline.go:24.2,26.16 3 0
github.com/matiasleandrokruk/fenix/internal/api/handlers/timeline.go:26.16,29.3 2 0
github.com/matiasleandrokruk/fenix/internal/api/handlers/timeline.go:30.2,30.149 1 0
github.com/matiasleandrokruk/fenix/internal/api/handlers/timeline.go:30.149,33.3 2 0
github.com/matiasleandrokruk/fenix/internal/api/handlers/timeline.go:36.88,38.16 2 0
github.com/matiasleandrokruk/fenix/internal/api/handlers/timeline.go:38.16,41.3 2 0
github.com/matiasleandrokruk/fenix/internal/api/handlers/timeline.go:42.2,46.16 5 0
github.com/matiasleandrokruk/fenix/internal/api/handlers/timeline.go:46.16,49.3 2 0
github.com/matiasleandrokruk/fenix/internal/api/handlers/timeline.go:50.2,50.154 1 0
github.com/matiasleandrokruk/fenix/internal/api/handlers/timeline.go:50.154,53.3 2 0
github.com/matiasleandrokruk/fenix/pkg/auth/auth.go:27.28,29.18 2 9
github.com/matiasleandrokruk/fenix/pkg/auth/auth.go:29.18,30.78 1 0
github.com/matiasleandrokruk/fenix/pkg/auth/auth.go:32.2,32.23 1 9
github.com/matiasleandrokruk/fenix/pkg/auth/auth.go:38.53,39.21 1 10
github.com/matiasleandrokruk/fenix/pkg/auth/auth.go:39.21,41.3 1 5
github.com/matiasleandrokruk/fenix/pkg/auth/auth.go:43.2,44.16 2 5
github.com/matiasleandrokruk/fenix/pkg/auth/auth.go:44.16,46.3 1 1
github.com/matiasleandrokruk/fenix/pkg/auth/auth.go:48.2,48.41 1 4
github.com/matiasleandrokruk/fenix/pkg/auth/auth.go:52.35,54.2 1 5
github.com/matiasleandrokruk/fenix/pkg/auth/auth.go:61.52,63.16 2 7
github.com/matiasleandrokruk/fenix/pkg/auth/auth.go:63.16,65.3 1 0
github.com/matiasleandrokruk/fenix/pkg/auth/auth.go:66.2,66.26 1 7
github.com/matiasleandrokruk/fenix/pkg/auth/auth.go:72.49,75.2 2 6
github.com/matiasleandrokruk/fenix/pkg/auth/auth.go:91.62,107.16 6 5
github.com/matiasleandrokruk/fenix/pkg/auth/auth.go:107.16,109.3 1 0
github.com/matiasleandrokruk/fenix/pkg/auth/auth.go:111.2,111.25 1 5
github.com/matiasleandrokruk/fenix/pkg/auth/auth.go:117.52,118.23 1 7
github.com/matiasleandrokruk/fenix/pkg/auth/auth.go:118.23,120.3 1 1
github.com/matiasleandrokruk/fenix/pkg/auth/auth.go:122.2,122.104 1 6
github.com/matiasleandrokruk/fenix/pkg/auth/auth.go:122.104,124.58 1 4
github.com/matiasleandrokruk/fenix/pkg/auth/auth.go:124.58,126.4 1 0
github.com/matiasleandrokruk/fenix/pkg/auth/auth.go:127.3,127.29 1 4
github.com/matiasleandrokruk/fenix/pkg/auth/auth.go:130.2,130.16 1 6
github.com/matiasleandrokruk/fenix/pkg/auth/auth.go:130.16,132.3 1 2
github.com/matiasleandrokruk/fenix/pkg/auth/auth.go:134.2,135.25 2 4
github.com/matiasleandrokruk/fenix/pkg/auth/auth.go:135.25,137.3 1 0
github.com/matiasleandrokruk/fenix/pkg/auth/auth.go:139.2,139.20 1 4
