mode: atomic
github.com/matiasleandrokruk/fenix/cmd/frtrace/main.go:93.13,99.16 5 0
github.com/matiasleandrokruk/fenix/cmd/frtrace/main.go:99.16,102.3 2 0
github.com/matiasleandrokruk/fenix/cmd/frtrace/main.go:103.2,104.16 2 0
github.com/matiasleandrokruk/fenix/cmd/frtrace/main.go:104.16,107.3 2 0
github.com/matiasleandrokruk/fenix/cmd/frtrace/main.go:108.2,109.16 2 0
github.com/matiasleandrokruk/fenix/cmd/frtrace/main.go:109.16,112.3 2 0
github.com/matiasleandrokruk/fenix/cmd/frtrace/main.go:113.2,114.16 2 0
github.com/matiasleandrokruk/fenix/cmd/frtrace/main.go:114.16,117.3 2 0
github.com/matiasleandrokruk/fenix/cmd/frtrace/main.go:119.2,121.63 3 0
github.com/matiasleandrokruk/fenix/cmd/frtrace/main.go:124.74,126.27 2 0
github.com/matiasleandrokruk/fenix/cmd/frtrace/main.go:126.27,128.62 2 0
github.com/matiasleandrokruk/fenix/cmd/frtrace/main.go:128.62,130.12 2 0
github.com/matiasleandrokruk/fenix/cmd/frtrace/main.go:132.3,133.21 2 0
github.com/matiasleandrokruk/fenix/cmd/frtrace/main.go:133.21,135.12 2 0
github.com/matiasleandrokruk/fenix/cmd/frtrace/main.go:137.3,137.31 1 0
github.com/matiasleandrokruk/fenix/cmd/frtrace/main.go:139.2,139.19 1 0
github.com/matiasleandrokruk/fenix/cmd/frtrace/main.go:142.169,150.31 8 0
github.com/matiasleandrokruk/fenix/cmd/frtrace/main.go:150.31,152.3 1 0
github.com/matiasleandrokruk/fenix/cmd/frtrace/main.go:153.2,153.25 1 0
github.com/matiasleandrokruk/fenix/cmd/frtrace/main.go:153.25,156.3 2 0
github.com/matiasleandrokruk/fenix/cmd/frtrace/main.go:157.2,157.59 1 0
github.com/matiasleandrokruk/fenix/cmd/frtrace/main.go:160.54,162.2 1 20
github.com/matiasleandrokruk/fenix/cmd/frtrace/main.go:164.61,167.16 3 1
github.com/matiasleandrokruk/fenix/cmd/frtrace/main.go:167.16,169.3 1 0
github.com/matiasleandrokruk/fenix/cmd/frtrace/main.go:170.2,170.32 1 1
github.com/matiasleandrokruk/fenix/cmd/frtrace/main.go:170.32,171.37 1 2
github.com/matiasleandrokruk/fenix/cmd/frtrace/main.go:171.37,172.12 1 0
github.com/matiasleandrokruk/fenix/cmd/frtrace/main.go:174.3,175.21 2 2
github.com/matiasleandrokruk/fenix/cmd/frtrace/main.go:175.21,177.4 1 0
github.com/matiasleandrokruk/fenix/cmd/frtrace/main.go:178.3,179.61 2 2
github.com/matiasleandrokruk/fenix/cmd/frtrace/main.go:179.61,181.4 1 0
github.com/matiasleandrokruk/fenix/cmd/frtrace/main.go:182.3,183.15 2 2
github.com/matiasleandrokruk/fenix/cmd/frtrace/main.go:185.2,185.17 1 1
github.com/matiasleandrokruk/fenix/cmd/frtrace/main.go:188.61,191.16 3 1
github.com/matiasleandrokruk/fenix/cmd/frtrace/main.go:191.16,193.3 1 0
github.com/matiasleandrokruk/fenix/cmd/frtrace/main.go:194.2,194.32 1 1
github.com/matiasleandrokruk/fenix/cmd/frtrace/main.go:194.32,195.37 1 17
github.com/matiasleandrokruk/fenix/cmd/frtrace/main.go:195.37,196.12 1 1
github.com/matiasleandrokruk/fenix/cmd/frtrace/main.go:198.3,199.21 2 16
github.com/matiasleandrokruk/fenix/cmd/frtrace/main.go:199.21,201.4 1 0
github.com/matiasleandrokruk/fenix/cmd/frtrace/main.go:202.3,203.62 2 16
github.com/matiasleandrokruk/fenix/cmd/frtrace/main.go:203.62,205.4 1 0
github.com/matiasleandrokruk/fenix/cmd/frtrace/main.go:206.3,211.4 2 16
github.com/matiasleandrokruk/fenix/cmd/frtrace/main.go:213.2,213.17 1 1
github.com/matiasleandrokruk/fenix/cmd/frtrace/main.go:216.54,219.16 3 1
github.com/matiasleandrokruk/fenix/cmd/frtrace/main.go:219.16,221.3 1 0
github.com/matiasleandrokruk/fenix/cmd/frtrace/main.go:222.2,222.32 1 1
github.com/matiasleandrokruk/fenix/cmd/frtrace/main.go:222.32,223.37 1 1
github.com/matiasleandrokruk/fenix/cmd/frtrace/main.go:223.37,224.12 1 0
github.com/matiasleandrokruk/fenix/cmd/frtrace/main.go:226.3,227.21 2 1
github.com/matiasleandrokruk/fenix/cmd/frtrace/main.go:227.21,229.4 1 0
github.com/matiasleandrokruk/fenix/cmd/frtrace/main.go:230.3,231.62 2 1
github.com/matiasleandrokruk/fenix/cmd/frtrace/main.go:231.62,233.4 1 0
github.com/matiasleandrokruk/fenix/cmd/frtrace/main.go:234.3,243.5 2 1
github.com/matiasleandrokruk/fenix/cmd/frtrace/main.go:245.2,245.18 1 1
github.com/matiasleandrokruk/fenix/cmd/frtrace/main.go:248.83,250.49 2 1
github.com/matiasleandrokruk/fenix/cmd/frtrace/main.go:250.49,251.37 1 0
github.com/matiasleandrokruk/fenix/cmd/frtrace/main.go:251.37,253.4 1 0
github.com/matiasleandrokruk/fenix/cmd/frtrace/main.go:254.3,254.18 1 0
github.com/matiasleandrokruk/fenix/cmd/frtrace/main.go:256.2,256.89 1 1
github.com/matiasleandrokruk/fenix/cmd/frtrace/main.go:256.89,258.17 2 2
github.com/matiasleandrokruk/fenix/cmd/frtrace/main.go:258.17,260.4 1 0
github.com/matiasleandrokruk/fenix/cmd/frtrace/main.go:261.3,261.18 1 2
github.com/matiasleandrokruk/fenix/cmd/frtrace/main.go:261.18,263.4 1 1
github.com/matiasleandrokruk/fenix/cmd/frtrace/main.go:264.3,265.13 2 1
github.com/matiasleandrokruk/fenix/cmd/frtrace/main.go:267.2,267.20 1 1
github.com/matiasleandrokruk/fenix/cmd/frtrace/main.go:267.20,269.3 1 0
github.com/matiasleandrokruk/fenix/cmd/frtrace/main.go:270.2,270.22 1 1
github.com/matiasleandrokruk/fenix/cmd/frtrace/main.go:273.44,275.24 2 1
github.com/matiasleandrokruk/fenix/cmd/frtrace/main.go:275.24,277.3 1 0
github.com/matiasleandrokruk/fenix/cmd/frtrace/main.go:278.2,278.16 1 1
github.com/matiasleandrokruk/fenix/cmd/frtrace/main.go:278.16,280.3 1 0
github.com/matiasleandrokruk/fenix/cmd/frtrace/main.go:281.2,281.19 1 1
github.com/matiasleandrokruk/fenix/cmd/frtrace/main.go:281.19,283.3 1 0
github.com/matiasleandrokruk/fenix/cmd/frtrace/main.go:284.2,284.12 1 1
github.com/matiasleandrokruk/fenix/cmd/frtrace/main.go:287.103,288.20 1 2
github.com/matiasleandrokruk/fenix/cmd/frtrace/main.go:288.20,290.3 1 0
github.com/matiasleandrokruk/fenix/cmd/frtrace/main.go:291.2,291.55 1 2
github.com/matiasleandrokruk/fenix/cmd/frtrace/main.go:291.55,293.3 1 1
github.com/matiasleandrokruk/fenix/cmd/frtrace/main.go:294.2,295.16 2 1
github.com/matiasleandrokruk/fenix/cmd/frtrace/main.go:295.16,297.3 1 0
github.com/matiasleandrokruk/fenix/cmd/frtrace/main.go:298.2,298.19 1 1
github.com/matiasleandrokruk/fenix/cmd/frtrace/main.go:301.73,303.16 2 1
github.com/matiasleandrokruk/fenix/cmd/frtrace/main.go:303.16,305.3 1 0
github.com/matiasleandrokruk/fenix/cmd/frtrace/main.go:306.2,307.16 2 1
github.com/matiasleandrokruk/fenix/cmd/frtrace/main.go:307.16,309.3 1 0
github.com/matiasleandrokruk/fenix/cmd/frtrace/main.go:310.2,310.58 1 1
github.com/matiasleandrokruk/fenix/cmd/frtrace/main.go:313.71,315.16 2 1
github.com/matiasleandrokruk/fenix/cmd/frtrace/main.go:315.16,317.3 1 0
github.com/matiasleandrokruk/fenix/cmd/frtrace/main.go:318.2,321.8 1 1
github.com/matiasleandrokruk/fenix/cmd/frtrace/main.go:324.77,327.55 3 1
github.com/matiasleandrokruk/fenix/cmd/frtrace/main.go:327.55,329.17 2 9
github.com/matiasleandrokruk/fenix/cmd/frtrace/main.go:329.17,330.12 1 2
github.com/matiasleandrokruk/fenix/cmd/frtrace/main.go:332.3,332.10 1 7
github.com/matiasleandrokruk/fenix/cmd/frtrace/main.go:333.37,334.62 1 2
github.com/matiasleandrokruk/fenix/cmd/frtrace/main.go:335.44,336.62 1 1
github.com/matiasleandrokruk/fenix/cmd/frtrace/main.go:337.45,339.21 2 1
github.com/matiasleandrokruk/fenix/cmd/frtrace/main.go:340.11,341.21 1 3
github.com/matiasleandrokruk/fenix/cmd/frtrace/main.go:344.2,344.13 1 1
github.com/matiasleandrokruk/fenix/cmd/frtrace/main.go:347.68,349.2 1 1
github.com/matiasleandrokruk/fenix/cmd/frtrace/main.go:351.101,359.2 3 1
github.com/matiasleandrokruk/fenix/cmd/frtrace/main.go:361.44,362.27 1 1
github.com/matiasleandrokruk/fenix/cmd/frtrace/main.go:362.27,363.14 1 2
github.com/matiasleandrokruk/fenix/cmd/frtrace/main.go:364.20,365.15 1 0
github.com/matiasleandrokruk/fenix/cmd/frtrace/main.go:366.21,367.16 1 0
github.com/matiasleandrokruk/fenix/cmd/frtrace/main.go:368.24,369.19 1 1
github.com/matiasleandrokruk/fenix/cmd/frtrace/main.go:372.2,372.11 1 0
github.com/matiasleandrokruk/fenix/cmd/frtrace/main.go:375.49,378.9 3 17
github.com/matiasleandrokruk/fenix/cmd/frtrace/main.go:378.9,380.3 1 0
github.com/matiasleandrokruk/fenix/cmd/frtrace/main.go:381.2,381.33 1 17
github.com/matiasleandrokruk/fenix/cmd/frtrace/main.go:381.33,382.27 1 17
github.com/matiasleandrokruk/fenix/cmd/frtrace/main.go:383.15,384.55 1 16
github.com/matiasleandrokruk/fenix/cmd/frtrace/main.go:385.31,386.23 1 1
github.com/matiasleandrokruk/fenix/cmd/frtrace/main.go:386.23,388.5 1 1
github.com/matiasleandrokruk/fenix/cmd/frtrace/main.go:391.2,391.15 1 17
github.com/matiasleandrokruk/fenix/cmd/frtrace/main.go:394.48,395.31 1 17
github.com/matiasleandrokruk/fenix/cmd/frtrace/main.go:395.31,397.3 1 17
github.com/matiasleandrokruk/fenix/cmd/frtrace/main.go:398.2,399.23 2 0
github.com/matiasleandrokruk/fenix/cmd/frtrace/main.go:399.23,401.3 1 0
github.com/matiasleandrokruk/fenix/cmd/frtrace/main.go:402.2,402.38 1 0
github.com/matiasleandrokruk/fenix/cmd/frtrace/main.go:407.52,409.16 2 1
github.com/matiasleandrokruk/fenix/cmd/frtrace/main.go:409.16,411.3 1 0
github.com/matiasleandrokruk/fenix/cmd/frtrace/main.go:412.2,415.21 4 1
github.com/matiasleandrokruk/fenix/cmd/frtrace/main.go:415.21,418.3 2 2
github.com/matiasleandrokruk/fenix/cmd/frtrace/main.go:419.2,419.30 1 1
github.com/matiasleandrokruk/fenix/cmd/frtrace/main.go:423.51,425.22 2 2
github.com/matiasleandrokruk/fenix/cmd/frtrace/main.go:425.22,427.3 1 1
github.com/matiasleandrokruk/fenix/cmd/frtrace/main.go:428.2,429.51 2 1
github.com/matiasleandrokruk/fenix/cmd/frtrace/main.go:429.51,431.14 2 1
github.com/matiasleandrokruk/fenix/cmd/frtrace/main.go:431.14,433.4 1 1
github.com/matiasleandrokruk/fenix/cmd/frtrace/main.go:435.2,435.15 1 1
github.com/matiasleandrokruk/fenix/cmd/frtrace/main.go:438.49,438.100 1 10
github.com/matiasleandrokruk/fenix/cmd/frtrace/main.go:439.49,439.92 1 5
github.com/matiasleandrokruk/fenix/cmd/frtrace/main.go:441.170,444.27 3 13
github.com/matiasleandrokruk/fenix/cmd/frtrace/main.go:444.27,445.36 1 11
github.com/matiasleandrokruk/fenix/cmd/frtrace/main.go:445.36,447.4 1 11
github.com/matiasleandrokruk/fenix/cmd/frtrace/main.go:451.2,451.26 1 13
github.com/matiasleandrokruk/fenix/cmd/frtrace/main.go:451.26,452.35 1 15
github.com/matiasleandrokruk/fenix/cmd/frtrace/main.go:452.35,458.4 1 2
github.com/matiasleandrokruk/fenix/cmd/frtrace/main.go:461.2,472.19 7 13
github.com/matiasleandrokruk/fenix/cmd/frtrace/main.go:475.138,478.27 3 13
github.com/matiasleandrokruk/fenix/cmd/frtrace/main.go:478.27,480.3 1 11
github.com/matiasleandrokruk/fenix/cmd/frtrace/main.go:481.2,481.35 1 13
github.com/matiasleandrokruk/fenix/cmd/frtrace/main.go:481.35,482.46 1 7
github.com/matiasleandrokruk/fenix/cmd/frtrace/main.go:482.46,486.4 3 7
github.com/matiasleandrokruk/fenix/cmd/frtrace/main.go:488.2,488.19 1 13
github.com/matiasleandrokruk/fenix/cmd/frtrace/main.go:491.84,493.27 2 13
github.com/matiasleandrokruk/fenix/cmd/frtrace/main.go:493.27,495.3 1 11
github.com/matiasleandrokruk/fenix/cmd/frtrace/main.go:496.2,496.19 1 13
github.com/matiasleandrokruk/fenix/cmd/frtrace/main.go:499.83,500.25 1 11
github.com/matiasleandrokruk/fenix/cmd/frtrace/main.go:500.25,502.3 1 6
github.com/matiasleandrokruk/fenix/cmd/frtrace/main.go:503.2,503.54 1 5
github.com/matiasleandrokruk/fenix/cmd/frtrace/main.go:503.54,505.3 1 0
github.com/matiasleandrokruk/fenix/cmd/frtrace/main.go:506.2,506.46 1 5
github.com/matiasleandrokruk/fenix/cmd/frtrace/main.go:509.87,511.69 2 5
github.com/matiasleandrokruk/fenix/cmd/frtrace/main.go:511.69,513.3 1 0
github.com/matiasleandrokruk/fenix/cmd/frtrace/main.go:514.2,515.70 2 5
github.com/matiasleandrokruk/fenix/cmd/frtrace/main.go:515.70,517.3 1 1
github.com/matiasleandrokruk/fenix/cmd/frtrace/main.go:518.2,518.47 1 4
github.com/matiasleandrokruk/fenix/cmd/frtrace/main.go:521.110,524.31 3 7
github.com/matiasleandrokruk/fenix/cmd/frtrace/main.go:524.31,526.3 1 6
github.com/matiasleandrokruk/fenix/cmd/frtrace/main.go:527.2,527.19 1 7
github.com/matiasleandrokruk/fenix/cmd/frtrace/main.go:530.108,531.22 1 7
github.com/matiasleandrokruk/fenix/cmd/frtrace/main.go:531.22,533.3 1 6
github.com/matiasleandrokruk/fenix/cmd/frtrace/main.go:534.2,538.4 1 1
github.com/matiasleandrokruk/fenix/cmd/frtrace/main.go:541.128,544.9 3 6
github.com/matiasleandrokruk/fenix/cmd/frtrace/main.go:544.9,550.3 1 1
github.com/matiasleandrokruk/fenix/cmd/frtrace/main.go:551.2,551.29 1 5
github.com/matiasleandrokruk/fenix/cmd/frtrace/main.go:551.29,553.3 1 3
github.com/matiasleandrokruk/fenix/cmd/frtrace/main.go:554.2,554.86 1 2
github.com/matiasleandrokruk/fenix/cmd/frtrace/main.go:557.122,559.28 2 2
github.com/matiasleandrokruk/fenix/cmd/frtrace/main.go:559.28,565.3 1 0
github.com/matiasleandrokruk/fenix/cmd/frtrace/main.go:566.2,566.52 1 2
github.com/matiasleandrokruk/fenix/cmd/frtrace/main.go:566.52,568.3 1 1
github.com/matiasleandrokruk/fenix/cmd/frtrace/main.go:569.2,573.4 1 1
github.com/matiasleandrokruk/fenix/cmd/frtrace/main.go:576.110,578.66 2 7
github.com/matiasleandrokruk/fenix/cmd/frtrace/main.go:578.66,580.29 2 6
github.com/matiasleandrokruk/fenix/cmd/frtrace/main.go:580.29,581.12 1 5
github.com/matiasleandrokruk/fenix/cmd/frtrace/main.go:583.3,587.5 1 1
github.com/matiasleandrokruk/fenix/cmd/frtrace/main.go:589.2,589.19 1 7
github.com/matiasleandrokruk/fenix/cmd/frtrace/main.go:592.116,594.68 2 7
github.com/matiasleandrokruk/fenix/cmd/frtrace/main.go:594.68,595.53 1 7
github.com/matiasleandrokruk/fenix/cmd/frtrace/main.go:595.53,596.12 1 5
github.com/matiasleandrokruk/fenix/cmd/frtrace/main.go:598.3,602.5 1 2
github.com/matiasleandrokruk/fenix/cmd/frtrace/main.go:604.2,604.19 1 7
github.com/matiasleandrokruk/fenix/cmd/frtrace/main.go:607.38,609.2 1 11
github.com/matiasleandrokruk/fenix/cmd/frtrace/main.go:611.60,612.73 1 5
github.com/matiasleandrokruk/fenix/cmd/frtrace/main.go:612.73,614.3 1 5
github.com/matiasleandrokruk/fenix/cmd/frtrace/main.go:615.2,619.9 1 0
github.com/matiasleandrokruk/fenix/cmd/frtrace/main.go:622.73,623.11 1 5
github.com/matiasleandrokruk/fenix/cmd/frtrace/main.go:623.11,625.3 1 5
github.com/matiasleandrokruk/fenix/cmd/frtrace/main.go:626.2,631.9 1 0
github.com/matiasleandrokruk/fenix/cmd/frtrace/main.go:634.74,635.11 1 5
github.com/matiasleandrokruk/fenix/cmd/frtrace/main.go:635.11,637.3 1 4
github.com/matiasleandrokruk/fenix/cmd/frtrace/main.go:638.2,643.9 1 1
github.com/matiasleandrokruk/fenix/cmd/frtrace/main.go:646.81,653.2 6 4
github.com/matiasleandrokruk/fenix/cmd/frtrace/main.go:655.80,656.36 1 4
github.com/matiasleandrokruk/fenix/cmd/frtrace/main.go:656.36,658.3 1 4
github.com/matiasleandrokruk/fenix/cmd/frtrace/main.go:659.2,664.4 1 0
github.com/matiasleandrokruk/fenix/cmd/frtrace/main.go:667.81,668.53 1 4
github.com/matiasleandrokruk/fenix/cmd/frtrace/main.go:668.53,670.3 1 3
github.com/matiasleandrokruk/fenix/cmd/frtrace/main.go:671.2,676.4 1 1
github.com/matiasleandrokruk/fenix/cmd/frtrace/main.go:679.83,680.90 1 4
github.com/matiasleandrokruk/fenix/cmd/frtrace/main.go:680.90,682.3 1 3
github.com/matiasleandrokruk/fenix/cmd/frtrace/main.go:683.2,688.4 1 1
github.com/matiasleandrokruk/fenix/cmd/frtrace/main.go:691.81,692.121 1 4
github.com/matiasleandrokruk/fenix/cmd/frtrace/main.go:692.121,694.3 1 3
github.com/matiasleandrokruk/fenix/cmd/frtrace/main.go:695.2,700.4 1 1
github.com/matiasleandrokruk/fenix/cmd/frtrace/main.go:703.60,707.2 3 2
github.com/matiasleandrokruk/fenix/cmd/frtrace/main.go:709.53,711.55 2 2
github.com/matiasleandrokruk/fenix/cmd/frtrace/main.go:711.55,713.3 1 2
github.com/matiasleandrokruk/fenix/cmd/frtrace/main.go:714.2,714.12 1 2
github.com/matiasleandrokruk/fenix/cmd/frtrace/main.go:717.56,718.29 1 2
github.com/matiasleandrokruk/fenix/cmd/frtrace/main.go:718.29,720.3 1 0
github.com/matiasleandrokruk/fenix/cmd/frtrace/main.go:721.2,722.28 2 2
github.com/matiasleandrokruk/fenix/cmd/frtrace/main.go:722.28,724.3 1 2
github.com/matiasleandrokruk/fenix/cmd/frtrace/main.go:725.2,725.29 1 2
github.com/matiasleandrokruk/fenix/cmd/frtrace/main.go:725.29,727.23 2 2
github.com/matiasleandrokruk/fenix/cmd/frtrace/main.go:727.23,729.4 1 1
github.com/matiasleandrokruk/fenix/cmd/frtrace/main.go:731.2,731.31 1 1
github.com/matiasleandrokruk/fenix/cmd/frtrace/main.go:731.31,732.17 1 1
github.com/matiasleandrokruk/fenix/cmd/frtrace/main.go:732.17,734.4 1 0
github.com/matiasleandrokruk/fenix/cmd/frtrace/main.go:736.2,736.13 1 1
github.com/matiasleandrokruk/fenix/cmd/frtrace/main.go:739.65,741.43 2 13
github.com/matiasleandrokruk/fenix/cmd/frtrace/main.go:741.43,742.36 1 208
github.com/matiasleandrokruk/fenix/cmd/frtrace/main.go:742.36,747.4 1 0
github.com/matiasleandrokruk/fenix/cmd/frtrace/main.go:749.2,749.19 1 13
github.com/matiasleandrokruk/fenix/cmd/frtrace/main.go:752.77,754.28 2 13
github.com/matiasleandrokruk/fenix/cmd/frtrace/main.go:754.28,755.17 1 208
github.com/matiasleandrokruk/fenix/cmd/frtrace/main.go:755.17,756.12 1 0
github.com/matiasleandrokruk/fenix/cmd/frtrace/main.go:758.3,758.27 1 208
github.com/matiasleandrokruk/fenix/cmd/frtrace/main.go:758.27,760.12 2 0
github.com/matiasleandrokruk/fenix/cmd/frtrace/main.go:762.3,762.80 1 208
github.com/matiasleandrokruk/fenix/cmd/frtrace/main.go:764.2,764.19 1 13
github.com/matiasleandrokruk/fenix/cmd/frtrace/main.go:767.91,769.31 2 208
github.com/matiasleandrokruk/fenix/cmd/frtrace/main.go:769.31,770.29 1 208
github.com/matiasleandrokruk/fenix/cmd/frtrace/main.go:770.29,771.12 1 207
github.com/matiasleandrokruk/fenix/cmd/frtrace/main.go:773.3,777.5 1 1
github.com/matiasleandrokruk/fenix/cmd/frtrace/main.go:779.2,779.19 1 208
github.com/matiasleandrokruk/fenix/cmd/frtrace/main.go:782.53,787.2 1 0
github.com/matiasleandrokruk/fenix/cmd/frtrace/main.go:790.106,792.27 2 13
github.com/matiasleandrokruk/fenix/cmd/frtrace/main.go:792.27,793.28 1 11
github.com/matiasleandrokruk/fenix/cmd/frtrace/main.go:793.28,794.12 1 5
github.com/matiasleandrokruk/fenix/cmd/frtrace/main.go:796.3,796.75 1 6
github.com/matiasleandrokruk/fenix/cmd/frtrace/main.go:796.75,798.12 2 1
github.com/matiasleandrokruk/fenix/cmd/frtrace/main.go:800.3,800.87 1 5
github.com/matiasleandrokruk/fenix/cmd/frtrace/main.go:802.2,802.19 1 13
github.com/matiasleandrokruk/fenix/cmd/frtrace/main.go:805.41,807.2 1 11
github.com/matiasleandrokruk/fenix/cmd/frtrace/main.go:809.77,811.54 2 6
github.com/matiasleandrokruk/fenix/cmd/frtrace/main.go:811.54,813.3 1 5
github.com/matiasleandrokruk/fenix/cmd/frtrace/main.go:814.2,819.9 1 1
github.com/matiasleandrokruk/fenix/cmd/frtrace/main.go:822.71,824.37 2 5
github.com/matiasleandrokruk/fenix/cmd/frtrace/main.go:824.37,826.38 2 5
github.com/matiasleandrokruk/fenix/cmd/frtrace/main.go:826.38,827.12 1 4
github.com/matiasleandrokruk/fenix/cmd/frtrace/main.go:829.3,835.5 1 1
github.com/matiasleandrokruk/fenix/cmd/frtrace/main.go:837.2,837.19 1 5
github.com/matiasleandrokruk/fenix/cmd/frtrace/main.go:841.96,843.39 2 13
github.com/matiasleandrokruk/fenix/cmd/frtrace/main.go:843.39,844.28 1 10
github.com/matiasleandrokruk/fenix/cmd/frtrace/main.go:844.28,846.31 2 10
github.com/matiasleandrokruk/fenix/cmd/frtrace/main.go:846.31,853.5 1 1
github.com/matiasleandrokruk/fenix/cmd/frtrace/main.go:856.2,856.19 1 13
github.com/matiasleandrokruk/fenix/cmd/frtrace/main.go:860.59,861.27 1 5
github.com/matiasleandrokruk/fenix/cmd/frtrace/main.go:861.27,862.20 1 4
github.com/matiasleandrokruk/fenix/cmd/frtrace/main.go:862.20,864.4 1 4
github.com/matiasleandrokruk/fenix/cmd/frtrace/main.go:866.2,866.14 1 1
github.com/matiasleandrokruk/fenix/cmd/frtrace/main.go:869.60,870.31 1 2
github.com/matiasleandrokruk/fenix/cmd/frtrace/main.go:870.31,871.24 1 10
github.com/matiasleandrokruk/fenix/cmd/frtrace/main.go:871.24,873.4 1 1
github.com/matiasleandrokruk/fenix/cmd/frtrace/main.go:875.2,875.14 1 1
github.com/matiasleandrokruk/fenix/cmd/frtrace/main.go:878.65,880.27 2 4
github.com/matiasleandrokruk/fenix/cmd/frtrace/main.go:880.27,881.73 1 13
github.com/matiasleandrokruk/fenix/cmd/frtrace/main.go:881.73,883.4 1 3
github.com/matiasleandrokruk/fenix/cmd/frtrace/main.go:885.2,885.14 1 1
github.com/matiasleandrokruk/fenix/cmd/frtrace/main.go:888.64,890.27 2 25
github.com/matiasleandrokruk/fenix/cmd/frtrace/main.go:890.27,891.37 1 104
github.com/matiasleandrokruk/fenix/cmd/frtrace/main.go:891.37,893.4 1 23
github.com/matiasleandrokruk/fenix/cmd/frtrace/main.go:895.2,895.17 1 25
github.com/matiasleandrokruk/fenix/cmd/frtrace/main.go:898.41,900.2 1 14
github.com/matiasleandrokruk/fenix/cmd/frtrace/main.go:902.45,907.2 4 26
github.com/matiasleandrokruk/fenix/cmd/frtrace/main.go:909.45,911.25 2 0
github.com/matiasleandrokruk/fenix/cmd/frtrace/main.go:911.25,912.16 1 0
github.com/matiasleandrokruk/fenix/cmd/frtrace/main.go:912.16,914.4 1 0
github.com/matiasleandrokruk/fenix/cmd/frtrace/main.go:916.2,916.10 1 0
github.com/matiasleandrokruk/fenix/cmd/frtrace/main.go:919.48,921.25 2 0
github.com/matiasleandrokruk/fenix/cmd/frtrace/main.go:921.25,922.16 1 0
github.com/matiasleandrokruk/fenix/cmd/frtrace/main.go:922.16,924.4 1 0
github.com/matiasleandrokruk/fenix/cmd/frtrace/main.go:926.2,926.10 1 0
github.com/matiasleandrokruk/fenix/cmd/fenix/main.go:20.13,22.2 1 0
github.com/matiasleandrokruk/fenix/cmd/fenix/main.go:24.44,25.41 1 3
github.com/matiasleandrokruk/fenix/cmd/fenix/main.go:25.41,27.3 1 0
github.com/matiasleandrokruk/fenix/cmd/fenix/main.go:29.2,35.39 5 3
github.com/matiasleandrokruk/fenix/cmd/fenix/main.go:35.39,37.3 1 1
github.com/matiasleandrokruk/fenix/cmd/fenix/main.go:39.2,39.18 1 2
github.com/matiasleandrokruk/fenix/cmd/fenix/main.go:39.18,42.3 2 0
github.com/matiasleandrokruk/fenix/cmd/fenix/main.go:44.2,44.15 1 2
github.com/matiasleandrokruk/fenix/cmd/fenix/main.go:44.15,47.3 2 1
github.com/matiasleandrokruk/fenix/cmd/fenix/main.go:50.2,51.10 2 1
github.com/matiasleandrokruk/fenix/cmd/fenix/main.go:54.31,55.37 1 0
github.com/matiasleandrokruk/fenix/cmd/fenix/main.go:55.37,56.44 1 0
github.com/matiasleandrokruk/fenix/cmd/fenix/main.go:56.44,58.4 1 0
github.com/matiasleandrokruk/fenix/cmd/fenix/main.go:60.2,60.13 1 0
github.com/matiasleandrokruk/fenix/cmd/fenix/main.go:63.49,68.39 4 0
github.com/matiasleandrokruk/fenix/cmd/fenix/main.go:68.39,70.3 1 0
github.com/matiasleandrokruk/fenix/cmd/fenix/main.go:72.2,73.18 2 0
github.com/matiasleandrokruk/fenix/cmd/fenix/main.go:73.18,75.3 1 0
github.com/matiasleandrokruk/fenix/cmd/fenix/main.go:77.2,78.16 2 0
github.com/matiasleandrokruk/fenix/cmd/fenix/main.go:78.16,81.3 2 0
github.com/matiasleandrokruk/fenix/cmd/fenix/main.go:82.2,82.59 1 0
github.com/matiasleandrokruk/fenix/cmd/fenix/main.go:82.59,86.3 3 0
github.com/matiasleandrokruk/fenix/cmd/fenix/main.go:88.2,92.66 4 0
github.com/matiasleandrokruk/fenix/cmd/fenix/main.go:92.66,96.3 3 0
github.com/matiasleandrokruk/fenix/cmd/fenix/main.go:98.2,98.10 1 0
github.com/matiasleandrokruk/fenix/cmd/fenix/main.go:101.31,120.2 2 1
github.com/matiasleandrokruk/fenix/internal/api/ctxkeys/ctxkeys.go:27.76,29.2 1 1
github.com/matiasleandrokruk/fenix/internal/api/middleware/audit.go:32.74,33.46 1 4
github.com/matiasleandrokruk/fenix/internal/api/middleware/audit.go:33.46,34.72 1 4
github.com/matiasleandrokruk/fenix/internal/api/middleware/audit.go:34.72,36.11 2 4
github.com/matiasleandrokruk/fenix/internal/api/middleware/audit.go:36.11,39.5 2 3
github.com/matiasleandrokruk/fenix/internal/api/middleware/audit.go:41.4,45.66 4 1
github.com/matiasleandrokruk/fenix/internal/api/middleware/audit.go:50.101,51.19 1 4
github.com/matiasleandrokruk/fenix/internal/api/middleware/audit.go:51.19,53.3 1 1
github.com/matiasleandrokruk/fenix/internal/api/middleware/audit.go:54.2,55.9 2 3
github.com/matiasleandrokruk/fenix/internal/api/middleware/audit.go:55.9,57.3 1 1
github.com/matiasleandrokruk/fenix/internal/api/middleware/audit.go:58.2,59.32 2 2
github.com/matiasleandrokruk/fenix/internal/api/middleware/audit.go:62.128,80.2 2 1
github.com/matiasleandrokruk/fenix/internal/api/middleware/audit.go:87.54,90.2 2 2
github.com/matiasleandrokruk/fenix/internal/api/middleware/audit.go:93.34,94.51 1 2
github.com/matiasleandrokruk/fenix/internal/api/middleware/audit.go:94.51,96.3 1 2
github.com/matiasleandrokruk/fenix/internal/api/middleware/audit.go:99.76,101.20 2 9
github.com/matiasleandrokruk/fenix/internal/api/middleware/audit.go:101.20,103.3 1 5
github.com/matiasleandrokruk/fenix/internal/api/middleware/audit.go:104.2,104.16 1 4
github.com/matiasleandrokruk/fenix/internal/api/middleware/audit.go:107.60,108.9 1 7
github.com/matiasleandrokruk/fenix/internal/api/middleware/audit.go:109.45,110.36 1 3
github.com/matiasleandrokruk/fenix/internal/api/middleware/audit.go:111.83,112.35 1 2
github.com/matiasleandrokruk/fenix/internal/api/middleware/audit.go:113.10,114.34 1 2
github.com/matiasleandrokruk/fenix/internal/api/middleware/audit.go:118.72,120.70 2 9
github.com/matiasleandrokruk/fenix/internal/api/middleware/audit.go:120.70,123.3 2 1
github.com/matiasleandrokruk/fenix/internal/api/middleware/audit.go:125.2,126.22 2 8
github.com/matiasleandrokruk/fenix/internal/api/middleware/audit.go:126.22,129.3 2 1
github.com/matiasleandrokruk/fenix/internal/api/middleware/audit.go:131.2,131.24 1 7
github.com/matiasleandrokruk/fenix/internal/api/middleware/audit.go:131.24,134.3 2 3
github.com/matiasleandrokruk/fenix/internal/api/middleware/audit.go:136.2,138.53 3 4
github.com/matiasleandrokruk/fenix/internal/api/middleware/audit.go:141.43,155.40 2 10
github.com/matiasleandrokruk/fenix/internal/api/middleware/audit.go:155.40,157.3 1 8
github.com/matiasleandrokruk/fenix/internal/api/middleware/audit.go:158.2,158.11 1 2
github.com/matiasleandrokruk/fenix/internal/api/middleware/audit.go:161.56,162.31 1 6
github.com/matiasleandrokruk/fenix/internal/api/middleware/audit.go:162.31,164.3 1 3
github.com/matiasleandrokruk/fenix/internal/api/middleware/audit.go:165.2,165.30 1 3
github.com/matiasleandrokruk/fenix/internal/api/middleware/audit.go:165.30,167.3 1 2
github.com/matiasleandrokruk/fenix/internal/api/middleware/audit.go:168.2,168.47 1 1
github.com/matiasleandrokruk/fenix/internal/api/middleware/audit.go:171.52,172.30 1 10
github.com/matiasleandrokruk/fenix/internal/api/middleware/audit.go:172.30,174.3 1 2
github.com/matiasleandrokruk/fenix/internal/api/middleware/audit.go:175.2,175.60 1 8
github.com/matiasleandrokruk/fenix/internal/api/middleware/audit.go:175.60,177.3 1 4
github.com/matiasleandrokruk/fenix/internal/api/middleware/audit.go:178.2,178.33 1 4
github.com/matiasleandrokruk/fenix/internal/api/middleware/audit.go:178.33,180.3 1 2
github.com/matiasleandrokruk/fenix/internal/api/middleware/audit.go:181.2,181.31 1 2
github.com/matiasleandrokruk/fenix/internal/api/middleware/audit.go:181.31,183.3 1 1
github.com/matiasleandrokruk/fenix/internal/api/middleware/audit.go:184.2,184.47 1 1
github.com/matiasleandrokruk/fenix/internal/api/middleware/audit.go:187.31,189.2 1 22
github.com/matiasleandrokruk/fenix/internal/api/middleware/auth.go:23.53,24.71 1 11
github.com/matiasleandrokruk/fenix/internal/api/middleware/auth.go:24.71,26.24 2 11
github.com/matiasleandrokruk/fenix/internal/api/middleware/auth.go:26.24,29.4 2 4
github.com/matiasleandrokruk/fenix/internal/api/middleware/auth.go:31.3,32.17 2 7
github.com/matiasleandrokruk/fenix/internal/api/middleware/auth.go:32.17,35.4 2 3
github.com/matiasleandrokruk/fenix/internal/api/middleware/auth.go:38.3,42.40 4 4
github.com/matiasleandrokruk/fenix/internal/api/middleware/auth.go:49.49,51.18 2 11
github.com/matiasleandrokruk/fenix/internal/api/middleware/auth.go:51.18,53.3 1 2
github.com/matiasleandrokruk/fenix/internal/api/middleware/auth.go:56.2,57.40 2 9
github.com/matiasleandrokruk/fenix/internal/api/middleware/auth.go:57.40,59.3 1 1
github.com/matiasleandrokruk/fenix/internal/api/middleware/auth.go:61.2,63.14 3 8
github.com/matiasleandrokruk/fenix/internal/api/middleware/auth.go:68.63,72.2 3 7
github.com/matiasleandrokruk/fenix/internal/api/middleware/cors.go:23.75,24.46 1 8
github.com/matiasleandrokruk/fenix/internal/api/middleware/cors.go:24.46,25.72 1 8
github.com/matiasleandrokruk/fenix/internal/api/middleware/cors.go:25.72,27.31 2 8
github.com/matiasleandrokruk/fenix/internal/api/middleware/cors.go:27.31,33.5 5 4
github.com/matiasleandrokruk/fenix/internal/api/middleware/cors.go:36.4,36.38 1 8
github.com/matiasleandrokruk/fenix/internal/api/middleware/cors.go:36.38,39.5 2 3
github.com/matiasleandrokruk/fenix/internal/api/middleware/cors.go:41.4,41.24 1 5
github.com/matiasleandrokruk/fenix/internal/api/middleware/ratelimit.go:29.63,35.2 1 5
github.com/matiasleandrokruk/fenix/internal/api/middleware/ratelimit.go:38.43,41.9 3 12
github.com/matiasleandrokruk/fenix/internal/api/middleware/ratelimit.go:41.9,44.3 2 6
github.com/matiasleandrokruk/fenix/internal/api/middleware/ratelimit.go:45.2,51.28 5 12
github.com/matiasleandrokruk/fenix/internal/api/middleware/ratelimit.go:51.28,55.3 2 7
github.com/matiasleandrokruk/fenix/internal/api/middleware/ratelimit.go:57.2,57.24 1 12
github.com/matiasleandrokruk/fenix/internal/api/middleware/ratelimit.go:57.24,59.3 1 2
github.com/matiasleandrokruk/fenix/internal/api/middleware/ratelimit.go:60.2,61.13 2 10
github.com/matiasleandrokruk/fenix/internal/api/middleware/ratelimit.go:65.39,66.49 1 12
github.com/matiasleandrokruk/fenix/internal/api/middleware/ratelimit.go:66.49,68.3 1 2
github.com/matiasleandrokruk/fenix/internal/api/middleware/ratelimit.go:69.2,70.16 2 10
github.com/matiasleandrokruk/fenix/internal/api/middleware/ratelimit.go:70.16,72.3 1 0
github.com/matiasleandrokruk/fenix/internal/api/middleware/ratelimit.go:73.2,73.13 1 10
github.com/matiasleandrokruk/fenix/internal/api/middleware/ratelimit.go:81.91,83.46 2 5
github.com/matiasleandrokruk/fenix/internal/api/middleware/ratelimit.go:83.46,84.72 1 5
github.com/matiasleandrokruk/fenix/internal/api/middleware/ratelimit.go:84.72,86.26 2 12
github.com/matiasleandrokruk/fenix/internal/api/middleware/ratelimit.go:86.26,89.5 2 2
github.com/matiasleandrokruk/fenix/internal/api/middleware/ratelimit.go:90.4,90.24 1 10
github.com/matiasleandrokruk/fenix/internal/domain/copilot/chat.go:80.109,82.2 1 4
github.com/matiasleandrokruk/fenix/internal/domain/copilot/chat.go:84.135,86.2 1 5
github.com/matiasleandrokruk/fenix/internal/domain/copilot/chat.go:88.91,91.16 3 5
github.com/matiasleandrokruk/fenix/internal/domain/copilot/chat.go:91.16,93.3 1 0
github.com/matiasleandrokruk/fenix/internal/domain/copilot/chat.go:95.2,96.16 2 5
github.com/matiasleandrokruk/fenix/internal/domain/copilot/chat.go:96.16,98.3 1 1
github.com/matiasleandrokruk/fenix/internal/domain/copilot/chat.go:100.2,102.38 3 4
github.com/matiasleandrokruk/fenix/internal/domain/copilot/chat.go:105.125,107.16 2 5
github.com/matiasleandrokruk/fenix/internal/domain/copilot/chat.go:107.16,109.3 1 0
github.com/matiasleandrokruk/fenix/internal/domain/copilot/chat.go:111.2,116.16 2 5
github.com/matiasleandrokruk/fenix/internal/domain/copilot/chat.go:116.16,118.3 1 0
github.com/matiasleandrokruk/fenix/internal/domain/copilot/chat.go:120.2,121.16 2 5
github.com/matiasleandrokruk/fenix/internal/domain/copilot/chat.go:121.16,123.3 1 0
github.com/matiasleandrokruk/fenix/internal/domain/copilot/chat.go:124.2,126.26 2 5
github.com/matiasleandrokruk/fenix/internal/domain/copilot/chat.go:136.141,137.62 1 5
github.com/matiasleandrokruk/fenix/internal/domain/copilot/chat.go:137.62,139.3 1 2
github.com/matiasleandrokruk/fenix/internal/domain/copilot/chat.go:141.2,149.16 2 3
github.com/matiasleandrokruk/fenix/internal/domain/copilot/chat.go:149.16,151.3 1 1
github.com/matiasleandrokruk/fenix/internal/domain/copilot/chat.go:153.2,159.21 3 2
github.com/matiasleandrokruk/fenix/internal/domain/copilot/chat.go:159.21,161.3 1 2
github.com/matiasleandrokruk/fenix/internal/domain/copilot/chat.go:163.2,167.16 1 2
github.com/matiasleandrokruk/fenix/internal/domain/copilot/chat.go:170.92,177.2 1 2
github.com/matiasleandrokruk/fenix/internal/domain/copilot/chat.go:179.56,180.16 1 2
github.com/matiasleandrokruk/fenix/internal/domain/copilot/chat.go:181.42,182.129 1 1
github.com/matiasleandrokruk/fenix/internal/domain/copilot/chat.go:183.10,184.123 1 1
github.com/matiasleandrokruk/fenix/internal/domain/copilot/chat.go:188.87,189.33 1 5
github.com/matiasleandrokruk/fenix/internal/domain/copilot/chat.go:189.33,192.3 2 1
github.com/matiasleandrokruk/fenix/internal/domain/copilot/chat.go:193.2,193.47 1 4
github.com/matiasleandrokruk/fenix/internal/domain/copilot/chat.go:193.47,196.3 2 1
github.com/matiasleandrokruk/fenix/internal/domain/copilot/chat.go:197.2,197.12 1 3
github.com/matiasleandrokruk/fenix/internal/domain/copilot/chat.go:200.62,201.63 1 5
github.com/matiasleandrokruk/fenix/internal/domain/copilot/chat.go:201.63,203.3 1 1
github.com/matiasleandrokruk/fenix/internal/domain/copilot/chat.go:204.2,204.38 1 4
github.com/matiasleandrokruk/fenix/internal/domain/copilot/chat.go:204.38,205.91 1 4
github.com/matiasleandrokruk/fenix/internal/domain/copilot/chat.go:205.91,207.4 1 4
github.com/matiasleandrokruk/fenix/internal/domain/copilot/chat.go:209.2,209.14 1 0
github.com/matiasleandrokruk/fenix/internal/domain/copilot/chat.go:212.75,214.26 2 4
github.com/matiasleandrokruk/fenix/internal/domain/copilot/chat.go:214.26,216.3 1 0
github.com/matiasleandrokruk/fenix/internal/domain/copilot/chat.go:217.2,217.33 1 4
github.com/matiasleandrokruk/fenix/internal/domain/copilot/chat.go:217.33,218.28 1 4
github.com/matiasleandrokruk/fenix/internal/domain/copilot/chat.go:218.28,219.12 1 0
github.com/matiasleandrokruk/fenix/internal/domain/copilot/chat.go:221.3,221.71 1 4
github.com/matiasleandrokruk/fenix/internal/domain/copilot/chat.go:221.71,223.4 1 3
github.com/matiasleandrokruk/fenix/internal/domain/copilot/chat.go:225.2,225.14 1 1
github.com/matiasleandrokruk/fenix/internal/domain/copilot/chat.go:228.64,229.27 1 4
github.com/matiasleandrokruk/fenix/internal/domain/copilot/chat.go:229.27,231.3 1 0
github.com/matiasleandrokruk/fenix/internal/domain/copilot/chat.go:232.2,233.35 2 4
github.com/matiasleandrokruk/fenix/internal/domain/copilot/chat.go:233.35,235.3 1 19
github.com/matiasleandrokruk/fenix/internal/domain/copilot/chat.go:236.2,236.34 1 4
github.com/matiasleandrokruk/fenix/internal/domain/copilot/chat.go:236.34,237.35 1 6
github.com/matiasleandrokruk/fenix/internal/domain/copilot/chat.go:237.35,239.4 1 3
github.com/matiasleandrokruk/fenix/internal/domain/copilot/chat.go:241.2,241.14 1 1
github.com/matiasleandrokruk/fenix/internal/domain/copilot/chat.go:244.44,247.27 3 8
github.com/matiasleandrokruk/fenix/internal/domain/copilot/chat.go:247.27,248.42 1 40
github.com/matiasleandrokruk/fenix/internal/domain/copilot/chat.go:248.42,249.12 1 9
github.com/matiasleandrokruk/fenix/internal/domain/copilot/chat.go:251.3,251.30 1 31
github.com/matiasleandrokruk/fenix/internal/domain/copilot/chat.go:253.2,253.14 1 8
github.com/matiasleandrokruk/fenix/internal/domain/copilot/chat.go:256.139,265.36 2 4
github.com/matiasleandrokruk/fenix/internal/domain/copilot/chat.go:265.36,267.3 1 2
github.com/matiasleandrokruk/fenix/internal/domain/copilot/chat.go:269.2,271.26 1 4
github.com/matiasleandrokruk/fenix/internal/domain/copilot/chat.go:274.117,275.20 1 4
github.com/matiasleandrokruk/fenix/internal/domain/copilot/chat.go:275.20,277.3 1 3
github.com/matiasleandrokruk/fenix/internal/domain/copilot/chat.go:279.2,289.4 2 1
github.com/matiasleandrokruk/fenix/internal/domain/copilot/chat.go:292.61,294.12 2 4
github.com/matiasleandrokruk/fenix/internal/domain/copilot/chat.go:294.12,297.53 3 4
github.com/matiasleandrokruk/fenix/internal/domain/copilot/chat.go:297.53,299.4 1 38
github.com/matiasleandrokruk/fenix/internal/domain/copilot/chat.go:300.3,300.70 1 4
github.com/matiasleandrokruk/fenix/internal/domain/copilot/chat.go:303.2,303.11 1 4
github.com/matiasleandrokruk/fenix/internal/domain/copilot/chat.go:306.64,309.33 3 4
github.com/matiasleandrokruk/fenix/internal/domain/copilot/chat.go:309.33,310.39 1 4
github.com/matiasleandrokruk/fenix/internal/domain/copilot/chat.go:310.39,311.12 1 0
github.com/matiasleandrokruk/fenix/internal/domain/copilot/chat.go:313.3,314.51 2 4
github.com/matiasleandrokruk/fenix/internal/domain/copilot/chat.go:317.2,322.3 1 4
github.com/matiasleandrokruk/fenix/internal/domain/copilot/chat.go:325.49,331.36 2 4
github.com/matiasleandrokruk/fenix/internal/domain/copilot/chat.go:331.36,333.3 1 2
github.com/matiasleandrokruk/fenix/internal/domain/copilot/chat.go:334.2,334.13 1 4
github.com/matiasleandrokruk/fenix/internal/domain/copilot/chat.go:337.55,339.33 2 4
github.com/matiasleandrokruk/fenix/internal/domain/copilot/chat.go:339.33,340.22 1 4
github.com/matiasleandrokruk/fenix/internal/domain/copilot/chat.go:340.22,342.4 1 4
github.com/matiasleandrokruk/fenix/internal/domain/copilot/chat.go:344.2,344.12 1 4
github.com/matiasleandrokruk/fenix/internal/domain/copilot/chat.go:347.69,352.28 5 3
github.com/matiasleandrokruk/fenix/internal/domain/copilot/chat.go:352.28,353.23 1 3
github.com/matiasleandrokruk/fenix/internal/domain/copilot/chat.go:353.23,354.12 1 0
github.com/matiasleandrokruk/fenix/internal/domain/copilot/chat.go:356.3,360.22 5 3
github.com/matiasleandrokruk/fenix/internal/domain/copilot/chat.go:362.2,362.19 1 3
github.com/matiasleandrokruk/fenix/internal/domain/copilot/chat.go:373.45,375.2 1 3
github.com/matiasleandrokruk/fenix/internal/domain/copilot/suggest_actions.go:83.113,85.2 1 7
github.com/matiasleandrokruk/fenix/internal/domain/copilot/suggest_actions.go:87.112,88.72 1 5
github.com/matiasleandrokruk/fenix/internal/domain/copilot/suggest_actions.go:88.72,90.3 1 0
github.com/matiasleandrokruk/fenix/internal/domain/copilot/suggest_actions.go:92.2,93.16 2 5
github.com/matiasleandrokruk/fenix/internal/domain/copilot/suggest_actions.go:93.16,95.3 1 0
github.com/matiasleandrokruk/fenix/internal/domain/copilot/suggest_actions.go:97.2,98.16 2 5
github.com/matiasleandrokruk/fenix/internal/domain/copilot/suggest_actions.go:98.16,100.3 1 1
github.com/matiasleandrokruk/fenix/internal/domain/copilot/suggest_actions.go:102.2,103.21 2 4
github.com/matiasleandrokruk/fenix/internal/domain/copilot/suggest_actions.go:106.131,108.16 2 5
github.com/matiasleandrokruk/fenix/internal/domain/copilot/suggest_actions.go:108.16,110.3 1 0
github.com/matiasleandrokruk/fenix/internal/domain/copilot/suggest_actions.go:112.2,117.16 2 5
github.com/matiasleandrokruk/fenix/internal/domain/copilot/suggest_actions.go:117.16,119.3 1 0
github.com/matiasleandrokruk/fenix/internal/domain/copilot/suggest_actions.go:121.2,122.16 2 5
github.com/matiasleandrokruk/fenix/internal/domain/copilot/suggest_actions.go:122.16,124.3 1 0
github.com/matiasleandrokruk/fenix/internal/domain/copilot/suggest_actions.go:126.2,130.8 1 5
github.com/matiasleandrokruk/fenix/internal/domain/copilot/suggest_actions.go:138.53,148.16 3 5
github.com/matiasleandrokruk/fenix/internal/domain/copilot/suggest_actions.go:148.16,150.3 1 0
github.com/matiasleandrokruk/fenix/internal/domain/copilot/suggest_actions.go:152.2,153.16 2 5
github.com/matiasleandrokruk/fenix/internal/domain/copilot/suggest_actions.go:153.16,155.3 1 1
github.com/matiasleandrokruk/fenix/internal/domain/copilot/suggest_actions.go:157.2,158.23 2 4
github.com/matiasleandrokruk/fenix/internal/domain/copilot/suggest_actions.go:158.23,160.3 1 0
github.com/matiasleandrokruk/fenix/internal/domain/copilot/suggest_actions.go:162.2,163.31 2 4
github.com/matiasleandrokruk/fenix/internal/domain/copilot/suggest_actions.go:171.3,186.2 3 4
github.com/matiasleandrokruk/fenix/internal/domain/copilot/suggest_actions.go:188.91,189.72 1 2
github.com/matiasleandrokruk/fenix/internal/domain/copilot/suggest_actions.go:189.72,191.3 1 1
github.com/matiasleandrokruk/fenix/internal/domain/copilot/suggest_actions.go:193.2,194.16 2 1
github.com/matiasleandrokruk/fenix/internal/domain/copilot/suggest_actions.go:194.16,196.3 1 0
github.com/matiasleandrokruk/fenix/internal/domain/copilot/suggest_actions.go:198.2,203.16 2 1
github.com/matiasleandrokruk/fenix/internal/domain/copilot/suggest_actions.go:203.16,205.3 1 0
github.com/matiasleandrokruk/fenix/internal/domain/copilot/suggest_actions.go:207.2,208.16 2 1
github.com/matiasleandrokruk/fenix/internal/domain/copilot/suggest_actions.go:208.16,210.3 1 0
github.com/matiasleandrokruk/fenix/internal/domain/copilot/suggest_actions.go:212.2,221.16 3 1
github.com/matiasleandrokruk/fenix/internal/domain/copilot/suggest_actions.go:221.16,223.3 1 0
github.com/matiasleandrokruk/fenix/internal/domain/copilot/suggest_actions.go:225.2,226.19 2 1
github.com/matiasleandrokruk/fenix/internal/domain/copilot/suggest_actions.go:226.19,228.3 1 0
github.com/matiasleandrokruk/fenix/internal/domain/copilot/suggest_actions.go:230.2,240.21 4 1
github.com/matiasleandrokruk/fenix/internal/domain/copilot/suggest_actions.go:243.61,244.78 1 7
github.com/matiasleandrokruk/fenix/internal/domain/copilot/suggest_actions.go:244.78,246.3 1 1
github.com/matiasleandrokruk/fenix/internal/domain/copilot/suggest_actions.go:247.2,247.12 1 6
github.com/matiasleandrokruk/fenix/internal/domain/copilot/suggest_actions.go:250.67,252.2 1 5
github.com/matiasleandrokruk/fenix/internal/domain/copilot/suggest_actions.go:254.66,256.2 1 1
github.com/matiasleandrokruk/fenix/internal/domain/copilot/suggest_actions.go:258.98,270.2 11 5
github.com/matiasleandrokruk/fenix/internal/domain/copilot/suggest_actions.go:272.93,283.2 10 1
github.com/matiasleandrokruk/fenix/internal/domain/copilot/suggest_actions.go:285.67,287.30 2 6
github.com/matiasleandrokruk/fenix/internal/domain/copilot/suggest_actions.go:287.30,288.25 1 5
github.com/matiasleandrokruk/fenix/internal/domain/copilot/suggest_actions.go:288.25,289.12 1 0
github.com/matiasleandrokruk/fenix/internal/domain/copilot/suggest_actions.go:291.3,295.22 5 5
github.com/matiasleandrokruk/fenix/internal/domain/copilot/suggest_actions.go:297.2,297.19 1 6
github.com/matiasleandrokruk/fenix/internal/domain/copilot/suggest_actions.go:300.67,302.39 2 5
github.com/matiasleandrokruk/fenix/internal/domain/copilot/suggest_actions.go:302.39,304.37 2 6
github.com/matiasleandrokruk/fenix/internal/domain/copilot/suggest_actions.go:304.37,306.4 1 4
github.com/matiasleandrokruk/fenix/internal/domain/copilot/suggest_actions.go:308.2,308.42 1 1
github.com/matiasleandrokruk/fenix/internal/domain/copilot/suggest_actions.go:311.49,319.2 7 5
github.com/matiasleandrokruk/fenix/internal/domain/copilot/suggest_actions.go:321.76,323.17 2 14
github.com/matiasleandrokruk/fenix/internal/domain/copilot/suggest_actions.go:323.17,325.3 1 0
github.com/matiasleandrokruk/fenix/internal/domain/copilot/suggest_actions.go:326.2,326.34 1 14
github.com/matiasleandrokruk/fenix/internal/domain/copilot/suggest_actions.go:329.53,331.23 2 5
github.com/matiasleandrokruk/fenix/internal/domain/copilot/suggest_actions.go:331.23,333.3 1 4
github.com/matiasleandrokruk/fenix/internal/domain/copilot/suggest_actions.go:334.2,335.32 2 1
github.com/matiasleandrokruk/fenix/internal/domain/copilot/suggest_actions.go:335.32,336.21 1 1
github.com/matiasleandrokruk/fenix/internal/domain/copilot/suggest_actions.go:336.21,337.12 1 0
github.com/matiasleandrokruk/fenix/internal/domain/copilot/suggest_actions.go:339.3,339.49 1 1
github.com/matiasleandrokruk/fenix/internal/domain/copilot/suggest_actions.go:341.2,341.12 1 1
github.com/matiasleandrokruk/fenix/internal/domain/copilot/suggest_actions.go:344.89,346.31 2 10
github.com/matiasleandrokruk/fenix/internal/domain/copilot/suggest_actions.go:346.31,348.3 1 2
github.com/matiasleandrokruk/fenix/internal/domain/copilot/suggest_actions.go:349.2,349.66 1 8
github.com/matiasleandrokruk/fenix/internal/domain/copilot/suggest_actions.go:352.74,354.65 2 6
github.com/matiasleandrokruk/fenix/internal/domain/copilot/suggest_actions.go:354.65,356.3 1 0
github.com/matiasleandrokruk/fenix/internal/domain/copilot/suggest_actions.go:358.2,364.69 2 6
github.com/matiasleandrokruk/fenix/internal/domain/copilot/suggest_actions.go:364.69,366.3 1 2
github.com/matiasleandrokruk/fenix/internal/domain/copilot/suggest_actions.go:367.2,367.31 1 4
github.com/matiasleandrokruk/fenix/internal/domain/copilot/suggest_actions.go:367.31,369.3 1 4
github.com/matiasleandrokruk/fenix/internal/domain/copilot/suggest_actions.go:370.2,370.61 1 0
github.com/matiasleandrokruk/fenix/internal/domain/copilot/suggest_actions.go:373.76,375.33 2 4
github.com/matiasleandrokruk/fenix/internal/domain/copilot/suggest_actions.go:375.33,379.83 4 7
github.com/matiasleandrokruk/fenix/internal/domain/copilot/suggest_actions.go:379.83,380.12 1 0
github.com/matiasleandrokruk/fenix/internal/domain/copilot/suggest_actions.go:382.3,382.27 1 7
github.com/matiasleandrokruk/fenix/internal/domain/copilot/suggest_actions.go:382.27,384.4 1 0
github.com/matiasleandrokruk/fenix/internal/domain/copilot/suggest_actions.go:385.3,385.32 1 7
github.com/matiasleandrokruk/fenix/internal/domain/copilot/suggest_actions.go:387.2,387.14 1 4
github.com/matiasleandrokruk/fenix/internal/domain/copilot/suggest_actions.go:390.79,391.16 1 4
github.com/matiasleandrokruk/fenix/internal/domain/copilot/suggest_actions.go:391.16,393.3 1 0
github.com/matiasleandrokruk/fenix/internal/domain/copilot/suggest_actions.go:394.2,396.33 3 4
github.com/matiasleandrokruk/fenix/internal/domain/copilot/suggest_actions.go:396.33,397.24 1 7
github.com/matiasleandrokruk/fenix/internal/domain/copilot/suggest_actions.go:397.24,398.9 1 0
github.com/matiasleandrokruk/fenix/internal/domain/copilot/suggest_actions.go:400.3,401.29 2 7
github.com/matiasleandrokruk/fenix/internal/domain/copilot/suggest_actions.go:401.29,402.12 1 0
github.com/matiasleandrokruk/fenix/internal/domain/copilot/suggest_actions.go:404.3,405.28 2 7
github.com/matiasleandrokruk/fenix/internal/domain/copilot/suggest_actions.go:407.2,407.12 1 4
github.com/matiasleandrokruk/fenix/internal/domain/copilot/suggest_actions.go:414.46,421.33 3 4
github.com/matiasleandrokruk/fenix/internal/domain/copilot/suggest_actions.go:421.33,423.19 2 7
github.com/matiasleandrokruk/fenix/internal/domain/copilot/suggest_actions.go:423.19,425.12 2 2
github.com/matiasleandrokruk/fenix/internal/domain/copilot/suggest_actions.go:427.3,429.38 3 5
github.com/matiasleandrokruk/fenix/internal/domain/copilot/suggest_actions.go:432.2,433.26 2 4
github.com/matiasleandrokruk/fenix/internal/domain/copilot/suggest_actions.go:436.91,437.21 1 7
github.com/matiasleandrokruk/fenix/internal/domain/copilot/suggest_actions.go:438.30,439.76 1 3
github.com/matiasleandrokruk/fenix/internal/domain/copilot/suggest_actions.go:440.30,441.76 1 2
github.com/matiasleandrokruk/fenix/internal/domain/copilot/suggest_actions.go:442.29,443.75 1 2
github.com/matiasleandrokruk/fenix/internal/domain/copilot/suggest_actions.go:444.10,445.28 1 0
github.com/matiasleandrokruk/fenix/internal/domain/copilot/suggest_actions.go:449.95,450.66 1 3
github.com/matiasleandrokruk/fenix/internal/domain/copilot/suggest_actions.go:450.66,452.3 1 0
github.com/matiasleandrokruk/fenix/internal/domain/copilot/suggest_actions.go:453.2,453.60 1 3
github.com/matiasleandrokruk/fenix/internal/domain/copilot/suggest_actions.go:453.60,455.3 1 0
github.com/matiasleandrokruk/fenix/internal/domain/copilot/suggest_actions.go:456.2,456.56 1 3
github.com/matiasleandrokruk/fenix/internal/domain/copilot/suggest_actions.go:456.56,458.3 1 0
github.com/matiasleandrokruk/fenix/internal/domain/copilot/suggest_actions.go:459.2,459.11 1 3
github.com/matiasleandrokruk/fenix/internal/domain/copilot/suggest_actions.go:462.95,463.34 1 2
github.com/matiasleandrokruk/fenix/internal/domain/copilot/suggest_actions.go:463.34,465.3 1 1
github.com/matiasleandrokruk/fenix/internal/domain/copilot/suggest_actions.go:466.2,466.54 1 1
github.com/matiasleandrokruk/fenix/internal/domain/copilot/suggest_actions.go:466.54,468.3 1 0
github.com/matiasleandrokruk/fenix/internal/domain/copilot/suggest_actions.go:469.2,469.11 1 1
github.com/matiasleandrokruk/fenix/internal/domain/copilot/suggest_actions.go:472.94,473.34 1 2
github.com/matiasleandrokruk/fenix/internal/domain/copilot/suggest_actions.go:473.34,475.3 1 0
github.com/matiasleandrokruk/fenix/internal/domain/copilot/suggest_actions.go:476.2,476.54 1 2
github.com/matiasleandrokruk/fenix/internal/domain/copilot/suggest_actions.go:476.54,478.3 1 0
github.com/matiasleandrokruk/fenix/internal/domain/copilot/suggest_actions.go:479.2,479.45 1 2
github.com/matiasleandrokruk/fenix/internal/domain/copilot/suggest_actions.go:479.45,481.3 1 1
github.com/matiasleandrokruk/fenix/internal/domain/copilot/suggest_actions.go:482.2,482.11 1 1
github.com/matiasleandrokruk/fenix/internal/domain/copilot/suggest_actions.go:485.75,487.9 2 9
github.com/matiasleandrokruk/fenix/internal/domain/copilot/suggest_actions.go:487.9,489.3 1 0
github.com/matiasleandrokruk/fenix/internal/domain/copilot/suggest_actions.go:490.2,491.54 2 9
github.com/matiasleandrokruk/fenix/internal/domain/copilot/suggest_actions.go:494.69,496.9 2 2
github.com/matiasleandrokruk/fenix/internal/domain/copilot/suggest_actions.go:496.9,498.3 1 1
github.com/matiasleandrokruk/fenix/internal/domain/copilot/suggest_actions.go:499.2,500.48 2 1
github.com/matiasleandrokruk/fenix/internal/domain/copilot/suggest_actions.go:503.89,505.38 2 5
github.com/matiasleandrokruk/fenix/internal/domain/copilot/suggest_actions.go:505.38,507.3 1 5
github.com/matiasleandrokruk/fenix/internal/domain/copilot/suggest_actions.go:508.2,508.28 1 5
github.com/matiasleandrokruk/fenix/internal/domain/copilot/suggest_actions.go:508.28,510.3 1 5
github.com/matiasleandrokruk/fenix/internal/domain/copilot/suggest_actions.go:511.2,511.30 1 5
github.com/matiasleandrokruk/fenix/internal/domain/copilot/suggest_actions.go:511.30,513.3 1 5
github.com/matiasleandrokruk/fenix/internal/domain/copilot/suggest_actions.go:514.2,514.15 1 5
github.com/matiasleandrokruk/fenix/internal/domain/copilot/suggest_actions.go:514.15,516.3 1 3
github.com/matiasleandrokruk/fenix/internal/domain/copilot/suggest_actions.go:517.2,517.14 1 2
github.com/matiasleandrokruk/fenix/internal/domain/copilot/suggest_actions.go:520.68,521.17 1 5
github.com/matiasleandrokruk/fenix/internal/domain/copilot/suggest_actions.go:521.17,523.3 1 0
github.com/matiasleandrokruk/fenix/internal/domain/copilot/suggest_actions.go:524.2,524.25 1 5
github.com/matiasleandrokruk/fenix/internal/domain/copilot/suggest_actions.go:525.32,526.14 1 3
github.com/matiasleandrokruk/fenix/internal/domain/copilot/suggest_actions.go:527.34,528.14 1 2
github.com/matiasleandrokruk/fenix/internal/domain/copilot/suggest_actions.go:529.10,530.14 1 0
github.com/matiasleandrokruk/fenix/internal/domain/copilot/suggest_actions.go:534.68,535.17 1 5
github.com/matiasleandrokruk/fenix/internal/domain/copilot/suggest_actions.go:535.17,537.3 1 0
github.com/matiasleandrokruk/fenix/internal/domain/copilot/suggest_actions.go:538.2,538.38 1 5
github.com/matiasleandrokruk/fenix/internal/domain/copilot/suggest_actions.go:538.38,539.93 1 5
github.com/matiasleandrokruk/fenix/internal/domain/copilot/suggest_actions.go:539.93,541.4 1 5
github.com/matiasleandrokruk/fenix/internal/domain/copilot/suggest_actions.go:543.2,543.14 1 0
github.com/matiasleandrokruk/fenix/internal/domain/copilot/suggest_actions.go:546.60,547.9 1 5
github.com/matiasleandrokruk/fenix/internal/domain/copilot/suggest_actions.go:548.21,549.29 1 5
github.com/matiasleandrokruk/fenix/internal/domain/copilot/suggest_actions.go:550.20,551.31 1 0
github.com/matiasleandrokruk/fenix/internal/domain/copilot/suggest_actions.go:552.10,553.28 1 0
github.com/matiasleandrokruk/fenix/internal/domain/copilot/suggest_actions.go:557.46,560.31 3 5
github.com/matiasleandrokruk/fenix/internal/domain/copilot/suggest_actions.go:560.31,562.18 2 14
github.com/matiasleandrokruk/fenix/internal/domain/copilot/suggest_actions.go:562.18,563.12 1 0
github.com/matiasleandrokruk/fenix/internal/domain/copilot/suggest_actions.go:565.3,565.31 1 14
github.com/matiasleandrokruk/fenix/internal/domain/copilot/suggest_actions.go:565.31,566.12 1 4
github.com/matiasleandrokruk/fenix/internal/domain/copilot/suggest_actions.go:568.3,569.27 2 10
github.com/matiasleandrokruk/fenix/internal/domain/copilot/suggest_actions.go:571.2,571.12 1 5
github.com/matiasleandrokruk/fenix/internal/domain/copilot/suggest_actions.go:574.44,577.2 2 7
github.com/matiasleandrokruk/fenix/internal/domain/eval/runner.go:63.50,68.2 1 4
github.com/matiasleandrokruk/fenix/internal/domain/eval/runner.go:72.77,74.16 2 6
github.com/matiasleandrokruk/fenix/internal/domain/eval/runner.go:74.16,76.3 1 0
github.com/matiasleandrokruk/fenix/internal/domain/eval/runner.go:78.2,86.16 3 6
github.com/matiasleandrokruk/fenix/internal/domain/eval/runner.go:86.16,88.3 1 0
github.com/matiasleandrokruk/fenix/internal/domain/eval/runner.go:90.2,94.16 4 6
github.com/matiasleandrokruk/fenix/internal/domain/eval/runner.go:94.16,96.3 1 0
github.com/matiasleandrokruk/fenix/internal/domain/eval/runner.go:97.2,98.16 2 6
github.com/matiasleandrokruk/fenix/internal/domain/eval/runner.go:98.16,100.3 1 0
github.com/matiasleandrokruk/fenix/internal/domain/eval/runner.go:101.2,107.23 1 6
github.com/matiasleandrokruk/fenix/internal/domain/eval/runner.go:107.23,109.3 1 0
github.com/matiasleandrokruk/fenix/internal/domain/eval/runner.go:111.2,111.47 1 6
github.com/matiasleandrokruk/fenix/internal/domain/eval/runner.go:116.91,120.16 2 1
github.com/matiasleandrokruk/fenix/internal/domain/eval/runner.go:120.16,122.3 1 0
github.com/matiasleandrokruk/fenix/internal/domain/eval/runner.go:123.2,123.22 1 1
github.com/matiasleandrokruk/fenix/internal/domain/eval/runner.go:128.110,134.16 2 1
github.com/matiasleandrokruk/fenix/internal/domain/eval/runner.go:134.16,136.3 1 0
github.com/matiasleandrokruk/fenix/internal/domain/eval/runner.go:137.2,138.27 2 1
github.com/matiasleandrokruk/fenix/internal/domain/eval/runner.go:138.27,140.22 2 2
github.com/matiasleandrokruk/fenix/internal/domain/eval/runner.go:140.22,142.4 1 0
github.com/matiasleandrokruk/fenix/internal/domain/eval/runner.go:143.3,143.27 1 2
github.com/matiasleandrokruk/fenix/internal/domain/eval/runner.go:145.2,145.18 1 1
github.com/matiasleandrokruk/fenix/internal/domain/eval/runner.go:152.66,153.21 1 6
github.com/matiasleandrokruk/fenix/internal/domain/eval/runner.go:153.21,155.3 1 0
github.com/matiasleandrokruk/fenix/internal/domain/eval/runner.go:157.2,160.27 3 6
github.com/matiasleandrokruk/fenix/internal/domain/eval/runner.go:160.27,163.20 3 6
github.com/matiasleandrokruk/fenix/internal/domain/eval/runner.go:163.20,165.4 1 5
github.com/matiasleandrokruk/fenix/internal/domain/eval/runner.go:166.3,166.23 1 6
github.com/matiasleandrokruk/fenix/internal/domain/eval/runner.go:166.23,168.4 1 0
github.com/matiasleandrokruk/fenix/internal/domain/eval/runner.go:171.2,171.68 1 6
github.com/matiasleandrokruk/fenix/internal/domain/eval/runner.go:175.54,185.2 3 6
github.com/matiasleandrokruk/fenix/internal/domain/eval/runner.go:188.68,191.25 3 6
github.com/matiasleandrokruk/fenix/internal/domain/eval/runner.go:191.25,193.3 1 6
github.com/matiasleandrokruk/fenix/internal/domain/eval/runner.go:194.2,201.3 2 6
github.com/matiasleandrokruk/fenix/internal/domain/eval/runner.go:205.63,208.30 3 6
github.com/matiasleandrokruk/fenix/internal/domain/eval/runner.go:208.30,209.51 1 6
github.com/matiasleandrokruk/fenix/internal/domain/eval/runner.go:209.51,211.4 1 5
github.com/matiasleandrokruk/fenix/internal/domain/eval/runner.go:213.2,213.16 1 6
github.com/matiasleandrokruk/fenix/internal/domain/eval/runner.go:217.55,221.40 1 6
github.com/matiasleandrokruk/fenix/internal/domain/eval/runner.go:221.40,223.3 1 5
github.com/matiasleandrokruk/fenix/internal/domain/eval/runner.go:224.2,224.17 1 1
github.com/matiasleandrokruk/fenix/internal/domain/eval/runner.go:228.106,241.2 1 6
github.com/matiasleandrokruk/fenix/internal/domain/eval/runner.go:244.50,246.68 2 3
github.com/matiasleandrokruk/fenix/internal/domain/eval/runner.go:246.68,248.3 1 0
github.com/matiasleandrokruk/fenix/internal/domain/eval/runner.go:249.2,250.70 2 3
github.com/matiasleandrokruk/fenix/internal/domain/eval/runner.go:250.70,252.3 1 0
github.com/matiasleandrokruk/fenix/internal/domain/eval/runner.go:253.2,266.28 2 3
github.com/matiasleandrokruk/fenix/internal/domain/eval/runner.go:266.28,268.3 1 3
github.com/matiasleandrokruk/fenix/internal/domain/eval/runner.go:269.2,269.17 1 3
github.com/matiasleandrokruk/fenix/internal/domain/eval/suite.go:67.48,69.2 1 14
github.com/matiasleandrokruk/fenix/internal/domain/eval/suite.go:73.89,77.16 3 11
github.com/matiasleandrokruk/fenix/internal/domain/eval/suite.go:77.16,79.3 1 0
github.com/matiasleandrokruk/fenix/internal/domain/eval/suite.go:80.2,81.16 2 11
github.com/matiasleandrokruk/fenix/internal/domain/eval/suite.go:81.16,83.3 1 0
github.com/matiasleandrokruk/fenix/internal/domain/eval/suite.go:85.2,93.16 2 11
github.com/matiasleandrokruk/fenix/internal/domain/eval/suite.go:93.16,95.3 1 0
github.com/matiasleandrokruk/fenix/internal/domain/eval/suite.go:97.2,97.24 1 11
github.com/matiasleandrokruk/fenix/internal/domain/eval/suite.go:102.93,106.16 2 10
github.com/matiasleandrokruk/fenix/internal/domain/eval/suite.go:106.16,108.3 1 2
github.com/matiasleandrokruk/fenix/internal/domain/eval/suite.go:109.2,109.24 1 8
github.com/matiasleandrokruk/fenix/internal/domain/eval/suite.go:114.88,116.16 2 2
github.com/matiasleandrokruk/fenix/internal/domain/eval/suite.go:116.16,118.3 1 0
github.com/matiasleandrokruk/fenix/internal/domain/eval/suite.go:119.2,120.27 2 2
github.com/matiasleandrokruk/fenix/internal/domain/eval/suite.go:120.27,122.22 2 3
github.com/matiasleandrokruk/fenix/internal/domain/eval/suite.go:122.22,124.4 1 0
github.com/matiasleandrokruk/fenix/internal/domain/eval/suite.go:125.3,125.33 1 3
github.com/matiasleandrokruk/fenix/internal/domain/eval/suite.go:127.2,127.20 1 2
github.com/matiasleandrokruk/fenix/internal/domain/eval/suite.go:132.79,134.16 2 1
github.com/matiasleandrokruk/fenix/internal/domain/eval/suite.go:134.16,136.3 1 0
github.com/matiasleandrokruk/fenix/internal/domain/eval/suite.go:137.2,138.16 2 1
github.com/matiasleandrokruk/fenix/internal/domain/eval/suite.go:138.16,140.3 1 0
github.com/matiasleandrokruk/fenix/internal/domain/eval/suite.go:141.2,148.4 1 1
github.com/matiasleandrokruk/fenix/internal/domain/eval/suite.go:153.82,157.2 1 1
github.com/matiasleandrokruk/fenix/internal/domain/eval/suite.go:160.56,162.67 2 22
github.com/matiasleandrokruk/fenix/internal/domain/eval/suite.go:162.67,164.3 1 0
github.com/matiasleandrokruk/fenix/internal/domain/eval/suite.go:165.2,166.69 2 22
github.com/matiasleandrokruk/fenix/internal/domain/eval/suite.go:166.69,168.3 1 0
github.com/matiasleandrokruk/fenix/internal/domain/eval/suite.go:169.2,178.8 1 22
github.com/matiasleandrokruk/fenix/internal/domain/auth/service.go:81.45,83.2 1 10
github.com/matiasleandrokruk/fenix/internal/domain/auth/service.go:86.74,88.2 1 1
github.com/matiasleandrokruk/fenix/internal/domain/auth/service.go:93.95,95.16 2 11
github.com/matiasleandrokruk/fenix/internal/domain/auth/service.go:95.16,97.3 1 0
github.com/matiasleandrokruk/fenix/internal/domain/auth/service.go:99.2,109.20 3 11
github.com/matiasleandrokruk/fenix/internal/domain/auth/service.go:109.20,111.3 1 1
github.com/matiasleandrokruk/fenix/internal/domain/auth/service.go:113.2,114.16 2 10
github.com/matiasleandrokruk/fenix/internal/domain/auth/service.go:114.16,117.3 2 0
github.com/matiasleandrokruk/fenix/internal/domain/auth/service.go:119.2,121.81 2 10
github.com/matiasleandrokruk/fenix/internal/domain/auth/service.go:136.89,141.16 4 11
github.com/matiasleandrokruk/fenix/internal/domain/auth/service.go:141.16,143.3 1 0
github.com/matiasleandrokruk/fenix/internal/domain/auth/service.go:144.2,150.16 3 11
github.com/matiasleandrokruk/fenix/internal/domain/auth/service.go:150.16,152.3 1 0
github.com/matiasleandrokruk/fenix/internal/domain/auth/service.go:154.2,158.16 2 11
github.com/matiasleandrokruk/fenix/internal/domain/auth/service.go:158.16,159.29 1 1
github.com/matiasleandrokruk/fenix/internal/domain/auth/service.go:159.29,161.4 1 1
github.com/matiasleandrokruk/fenix/internal/domain/auth/service.go:162.3,162.54 1 0
github.com/matiasleandrokruk/fenix/internal/domain/auth/service.go:165.2,165.20 1 10
github.com/matiasleandrokruk/fenix/internal/domain/auth/service.go:171.89,182.16 4 6
github.com/matiasleandrokruk/fenix/internal/domain/auth/service.go:182.16,186.3 2 2
github.com/matiasleandrokruk/fenix/internal/domain/auth/service.go:189.2,189.54 1 4
github.com/matiasleandrokruk/fenix/internal/domain/auth/service.go:189.54,192.3 2 0
github.com/matiasleandrokruk/fenix/internal/domain/auth/service.go:195.2,195.66 1 4
github.com/matiasleandrokruk/fenix/internal/domain/auth/service.go:195.66,198.3 2 2
github.com/matiasleandrokruk/fenix/internal/domain/auth/service.go:201.2,202.16 2 2
github.com/matiasleandrokruk/fenix/internal/domain/auth/service.go:202.16,205.3 2 0
github.com/matiasleandrokruk/fenix/internal/domain/auth/service.go:207.2,213.8 2 2
github.com/matiasleandrokruk/fenix/internal/domain/auth/service.go:224.28,225.9 1 107
github.com/matiasleandrokruk/fenix/internal/domain/auth/service.go:226.50,227.11 1 72
github.com/matiasleandrokruk/fenix/internal/domain/auth/service.go:228.28,229.16 1 24
github.com/matiasleandrokruk/fenix/internal/domain/auth/service.go:230.26,231.13 1 11
github.com/matiasleandrokruk/fenix/internal/domain/auth/service.go:232.10,233.12 1 0
github.com/matiasleandrokruk/fenix/internal/domain/auth/service.go:237.43,242.2 2 11
github.com/matiasleandrokruk/fenix/internal/domain/auth/service.go:246.40,247.16 1 1
github.com/matiasleandrokruk/fenix/internal/domain/auth/service.go:247.16,249.3 1 0
github.com/matiasleandrokruk/fenix/internal/domain/auth/service.go:250.2,250.66 1 1
github.com/matiasleandrokruk/fenix/internal/domain/auth/service.go:253.95,254.26 1 12
github.com/matiasleandrokruk/fenix/internal/domain/auth/service.go:254.26,256.3 1 11
github.com/matiasleandrokruk/fenix/internal/domain/auth/service.go:257.2,267.3 1 1
github.com/matiasleandrokruk/fenix/internal/domain/auth/service.go:270.103,271.26 1 4
github.com/matiasleandrokruk/fenix/internal/domain/auth/service.go:271.26,273.3 1 4
github.com/matiasleandrokruk/fenix/internal/domain/auth/service.go:274.2,284.3 1 0
github.com/matiasleandrokruk/fenix/internal/api/context.go:12.72,14.2 1 1
github.com/matiasleandrokruk/fenix/internal/api/context.go:17.58,19.23 2 3
github.com/matiasleandrokruk/fenix/internal/api/context.go:19.23,21.3 1 2
github.com/matiasleandrokruk/fenix/internal/api/context.go:22.2,22.18 1 1
github.com/matiasleandrokruk/fenix/internal/api/routes.go:45.37,48.2 2 2
github.com/matiasleandrokruk/fenix/internal/api/routes.go:54.66,58.16 4 9
github.com/matiasleandrokruk/fenix/internal/api/routes.go:58.16,60.3 1 0
github.com/matiasleandrokruk/fenix/internal/api/routes.go:61.2,62.16 2 9
github.com/matiasleandrokruk/fenix/internal/api/routes.go:62.16,64.3 1 0
github.com/matiasleandrokruk/fenix/internal/api/routes.go:67.2,76.45 6 9
github.com/matiasleandrokruk/fenix/internal/api/routes.go:76.45,77.74 1 9
github.com/matiasleandrokruk/fenix/internal/api/routes.go:77.74,80.4 2 16
github.com/matiasleandrokruk/fenix/internal/api/routes.go:86.2,97.38 7 9
github.com/matiasleandrokruk/fenix/internal/api/routes.go:97.38,100.3 2 9
github.com/matiasleandrokruk/fenix/internal/api/routes.go:106.2,106.40 1 9
github.com/matiasleandrokruk/fenix/internal/api/routes.go:106.40,153.43 43 9
github.com/matiasleandrokruk/fenix/internal/api/routes.go:153.43,160.4 6 9
github.com/matiasleandrokruk/fenix/internal/api/routes.go:162.3,162.43 1 9
github.com/matiasleandrokruk/fenix/internal/api/routes.go:162.43,168.4 5 9
github.com/matiasleandrokruk/fenix/internal/api/routes.go:169.3,169.40 1 9
github.com/matiasleandrokruk/fenix/internal/api/routes.go:169.40,175.4 5 9
github.com/matiasleandrokruk/fenix/internal/api/routes.go:177.3,177.40 1 9
github.com/matiasleandrokruk/fenix/internal/api/routes.go:177.40,183.4 5 9
github.com/matiasleandrokruk/fenix/internal/api/routes.go:185.3,185.40 1 9
github.com/matiasleandrokruk/fenix/internal/api/routes.go:185.40,191.4 5 9
github.com/matiasleandrokruk/fenix/internal/api/routes.go:193.3,193.44 1 9
github.com/matiasleandrokruk/fenix/internal/api/routes.go:193.44,203.4 9 9
github.com/matiasleandrokruk/fenix/internal/api/routes.go:205.3,205.45 1 9
github.com/matiasleandrokruk/fenix/internal/api/routes.go:205.45,211.4 5 9
github.com/matiasleandrokruk/fenix/internal/api/routes.go:213.3,213.40 1 9
github.com/matiasleandrokruk/fenix/internal/api/routes.go:213.40,219.4 5 9
github.com/matiasleandrokruk/fenix/internal/api/routes.go:221.3,221.46 1 9
github.com/matiasleandrokruk/fenix/internal/api/routes.go:221.46,226.4 4 9
github.com/matiasleandrokruk/fenix/internal/api/routes.go:228.3,228.43 1 9
github.com/matiasleandrokruk/fenix/internal/api/routes.go:228.43,231.4 2 9
github.com/matiasleandrokruk/fenix/internal/api/routes.go:233.3,233.44 1 9
github.com/matiasleandrokruk/fenix/internal/api/routes.go:233.44,245.4 11 9
github.com/matiasleandrokruk/fenix/internal/api/routes.go:247.3,247.42 1 9
github.com/matiasleandrokruk/fenix/internal/api/routes.go:247.42,250.4 2 9
github.com/matiasleandrokruk/fenix/internal/api/routes.go:253.3,253.42 1 9
github.com/matiasleandrokruk/fenix/internal/api/routes.go:253.42,260.4 6 9
github.com/matiasleandrokruk/fenix/internal/api/routes.go:263.3,263.40 1 9
github.com/matiasleandrokruk/fenix/internal/api/routes.go:263.40,267.4 3 9
github.com/matiasleandrokruk/fenix/internal/api/routes.go:269.3,291.44 15 9
github.com/matiasleandrokruk/fenix/internal/api/routes.go:291.44,296.4 4 9
github.com/matiasleandrokruk/fenix/internal/api/routes.go:298.3,298.44 1 9
github.com/matiasleandrokruk/fenix/internal/api/routes.go:298.44,301.4 2 9
github.com/matiasleandrokruk/fenix/internal/api/routes.go:303.3,303.46 1 9
github.com/matiasleandrokruk/fenix/internal/api/routes.go:303.46,310.4 6 9
github.com/matiasleandrokruk/fenix/internal/api/routes.go:313.3,313.48 1 9
github.com/matiasleandrokruk/fenix/internal/api/routes.go:313.48,321.4 7 9
github.com/matiasleandrokruk/fenix/internal/api/routes.go:324.3,327.45 4 9
github.com/matiasleandrokruk/fenix/internal/api/routes.go:327.45,328.42 1 9
github.com/matiasleandrokruk/fenix/internal/api/routes.go:328.42,332.5 3 9
github.com/matiasleandrokruk/fenix/internal/api/routes.go:333.4,335.43 3 9
github.com/matiasleandrokruk/fenix/internal/api/routes.go:338.3,338.42 1 9
github.com/matiasleandrokruk/fenix/internal/api/routes.go:338.42,342.4 3 9
github.com/matiasleandrokruk/fenix/internal/api/routes.go:345.3,410.13 18 9
github.com/matiasleandrokruk/fenix/internal/api/routes.go:410.13,411.125 1 9
github.com/matiasleandrokruk/fenix/internal/api/routes.go:411.125,413.5 1 0
github.com/matiasleandrokruk/fenix/internal/api/routes.go:417.3,420.41 3 9
github.com/matiasleandrokruk/fenix/internal/api/routes.go:420.41,432.4 11 9
github.com/matiasleandrokruk/fenix/internal/api/routes.go:435.2,435.10 1 9
github.com/matiasleandrokruk/fenix/internal/domain/scheduler/helpers.go:8.26,10.2 1 27
github.com/matiasleandrokruk/fenix/internal/domain/scheduler/helpers.go:12.41,14.2 1 50
github.com/matiasleandrokruk/fenix/internal/domain/scheduler/helpers.go:16.47,17.18 1 29
github.com/matiasleandrokruk/fenix/internal/domain/scheduler/helpers.go:17.18,19.3 1 27
github.com/matiasleandrokruk/fenix/internal/domain/scheduler/helpers.go:20.2,20.27 1 2
github.com/matiasleandrokruk/fenix/internal/domain/scheduler/helpers.go:23.49,25.2 1 117
github.com/matiasleandrokruk/fenix/internal/domain/scheduler/helpers.go:27.65,28.19 1 81
github.com/matiasleandrokruk/fenix/internal/domain/scheduler/helpers.go:28.19,30.3 1 1
github.com/matiasleandrokruk/fenix/internal/domain/scheduler/helpers.go:31.2,31.45 1 80
github.com/matiasleandrokruk/fenix/internal/domain/scheduler/payload.go:18.49,19.9 1 15
github.com/matiasleandrokruk/fenix/internal/domain/scheduler/payload.go:20.45,21.84 1 2
github.com/matiasleandrokruk/fenix/internal/domain/scheduler/payload.go:22.40,23.79 1 1
github.com/matiasleandrokruk/fenix/internal/domain/scheduler/payload.go:24.29,25.91 1 1
github.com/matiasleandrokruk/fenix/internal/domain/scheduler/payload.go:26.10,27.13 1 11
github.com/matiasleandrokruk/fenix/internal/domain/scheduler/payload.go:31.90,32.43 1 8
github.com/matiasleandrokruk/fenix/internal/domain/scheduler/payload.go:32.43,34.3 1 2
github.com/matiasleandrokruk/fenix/internal/domain/scheduler/payload.go:35.2,36.16 2 6
github.com/matiasleandrokruk/fenix/internal/domain/scheduler/payload.go:36.16,38.3 1 0
github.com/matiasleandrokruk/fenix/internal/domain/scheduler/payload.go:39.2,39.17 1 6
github.com/matiasleandrokruk/fenix/internal/domain/scheduler/payload.go:42.86,44.19 2 9
github.com/matiasleandrokruk/fenix/internal/domain/scheduler/payload.go:44.19,46.3 1 1
github.com/matiasleandrokruk/fenix/internal/domain/scheduler/payload.go:47.2,47.54 1 8
github.com/matiasleandrokruk/fenix/internal/domain/scheduler/payload.go:47.54,49.3 1 1
github.com/matiasleandrokruk/fenix/internal/domain/scheduler/payload.go:50.2,50.43 1 7
github.com/matiasleandrokruk/fenix/internal/domain/scheduler/payload.go:50.43,52.3 1 2
github.com/matiasleandrokruk/fenix/internal/domain/scheduler/payload.go:53.2,53.21 1 5
github.com/matiasleandrokruk/fenix/internal/domain/scheduler/repository.go:59.44,61.2 1 25
github.com/matiasleandrokruk/fenix/internal/domain/scheduler/repository.go:63.92,83.16 3 27
github.com/matiasleandrokruk/fenix/internal/domain/scheduler/repository.go:83.16,85.3 1 0
github.com/matiasleandrokruk/fenix/internal/domain/scheduler/repository.go:86.2,86.17 1 27
github.com/matiasleandrokruk/fenix/internal/domain/scheduler/repository.go:89.101,99.16 3 4
github.com/matiasleandrokruk/fenix/internal/domain/scheduler/repository.go:99.16,100.36 1 1
github.com/matiasleandrokruk/fenix/internal/domain/scheduler/repository.go:100.36,102.4 1 1
github.com/matiasleandrokruk/fenix/internal/domain/scheduler/repository.go:103.3,103.61 1 0
github.com/matiasleandrokruk/fenix/internal/domain/scheduler/repository.go:105.2,105.17 1 3
github.com/matiasleandrokruk/fenix/internal/domain/scheduler/repository.go:108.102,109.16 1 9
github.com/matiasleandrokruk/fenix/internal/domain/scheduler/repository.go:109.16,111.3 1 0
github.com/matiasleandrokruk/fenix/internal/domain/scheduler/repository.go:112.2,120.16 2 9
github.com/matiasleandrokruk/fenix/internal/domain/scheduler/repository.go:120.16,122.3 1 0
github.com/matiasleandrokruk/fenix/internal/domain/scheduler/repository.go:123.2,125.35 2 9
github.com/matiasleandrokruk/fenix/internal/domain/scheduler/repository.go:128.128,138.16 3 11
github.com/matiasleandrokruk/fenix/internal/domain/scheduler/repository.go:138.16,139.36 1 1
github.com/matiasleandrokruk/fenix/internal/domain/scheduler/repository.go:139.36,141.4 1 1
github.com/matiasleandrokruk/fenix/internal/domain/scheduler/repository.go:142.3,142.65 1 0
github.com/matiasleandrokruk/fenix/internal/domain/scheduler/repository.go:144.2,144.17 1 10
github.com/matiasleandrokruk/fenix/internal/domain/scheduler/repository.go:147.100,157.16 3 3
github.com/matiasleandrokruk/fenix/internal/domain/scheduler/repository.go:157.16,158.36 1 1
github.com/matiasleandrokruk/fenix/internal/domain/scheduler/repository.go:158.36,160.4 1 1
github.com/matiasleandrokruk/fenix/internal/domain/scheduler/repository.go:161.3,161.58 1 0
github.com/matiasleandrokruk/fenix/internal/domain/scheduler/repository.go:163.2,163.17 1 2
github.com/matiasleandrokruk/fenix/internal/domain/scheduler/repository.go:166.103,172.16 2 2
github.com/matiasleandrokruk/fenix/internal/domain/scheduler/repository.go:172.16,174.3 1 0
github.com/matiasleandrokruk/fenix/internal/domain/scheduler/repository.go:175.2,176.16 2 2
github.com/matiasleandrokruk/fenix/internal/domain/scheduler/repository.go:176.16,178.3 1 0
github.com/matiasleandrokruk/fenix/internal/domain/scheduler/repository.go:179.2,179.18 1 2
github.com/matiasleandrokruk/fenix/internal/domain/scheduler/repository.go:182.88,204.16 3 55
github.com/matiasleandrokruk/fenix/internal/domain/scheduler/repository.go:204.16,206.3 1 3
github.com/matiasleandrokruk/fenix/internal/domain/scheduler/repository.go:208.2,209.16 2 52
github.com/matiasleandrokruk/fenix/internal/domain/scheduler/repository.go:209.16,211.3 1 0
github.com/matiasleandrokruk/fenix/internal/domain/scheduler/repository.go:212.2,213.16 2 52
github.com/matiasleandrokruk/fenix/internal/domain/scheduler/repository.go:213.16,215.3 1 0
github.com/matiasleandrokruk/fenix/internal/domain/scheduler/repository.go:217.2,222.26 6 52
github.com/matiasleandrokruk/fenix/internal/domain/scheduler/repository.go:222.26,224.22 2 12
github.com/matiasleandrokruk/fenix/internal/domain/scheduler/repository.go:224.22,226.4 1 0
github.com/matiasleandrokruk/fenix/internal/domain/scheduler/repository.go:227.3,227.27 1 12
github.com/matiasleandrokruk/fenix/internal/domain/scheduler/repository.go:230.2,230.18 1 52
github.com/matiasleandrokruk/fenix/internal/domain/scheduler/repository.go:233.68,235.18 2 9
github.com/matiasleandrokruk/fenix/internal/domain/scheduler/repository.go:235.18,237.17 2 10
github.com/matiasleandrokruk/fenix/internal/domain/scheduler/repository.go:237.17,239.4 1 0
github.com/matiasleandrokruk/fenix/internal/domain/scheduler/repository.go:240.3,240.25 1 10
github.com/matiasleandrokruk/fenix/internal/domain/scheduler/repository.go:242.2,242.35 1 9
github.com/matiasleandrokruk/fenix/internal/domain/scheduler/repository.go:242.35,244.3 1 0
github.com/matiasleandrokruk/fenix/internal/domain/scheduler/repository.go:245.2,245.17 1 9
github.com/matiasleandrokruk/fenix/internal/domain/scheduler/service.go:41.44,44.27 1 11
github.com/matiasleandrokruk/fenix/internal/domain/scheduler/service.go:44.27,44.54 1 0
github.com/matiasleandrokruk/fenix/internal/domain/scheduler/service.go:45.24,45.56 1 0
github.com/matiasleandrokruk/fenix/internal/domain/scheduler/service.go:49.94,50.54 1 5
github.com/matiasleandrokruk/fenix/internal/domain/scheduler/service.go:50.54,52.3 1 1
github.com/matiasleandrokruk/fenix/internal/domain/scheduler/service.go:54.2,55.16 2 4
github.com/matiasleandrokruk/fenix/internal/domain/scheduler/service.go:55.16,57.3 1 1
github.com/matiasleandrokruk/fenix/internal/domain/scheduler/service.go:59.2,60.24 2 3
github.com/matiasleandrokruk/fenix/internal/domain/scheduler/service.go:60.24,62.3 1 1
github.com/matiasleandrokruk/fenix/internal/domain/scheduler/service.go:64.2,72.4 1 3
github.com/matiasleandrokruk/fenix/internal/domain/scheduler/service.go:75.79,76.42 1 6
github.com/matiasleandrokruk/fenix/internal/domain/scheduler/service.go:76.42,78.3 1 1
github.com/matiasleandrokruk/fenix/internal/domain/scheduler/service.go:80.2,80.39 1 5
github.com/matiasleandrokruk/fenix/internal/domain/scheduler/service.go:81.29,82.38 1 3
github.com/matiasleandrokruk/fenix/internal/domain/scheduler/service.go:83.23,84.47 1 1
github.com/matiasleandrokruk/fenix/internal/domain/scheduler/service.go:85.14,86.47 1 0
github.com/matiasleandrokruk/fenix/internal/domain/scheduler/service.go:87.10,88.52 1 1
github.com/matiasleandrokruk/fenix/internal/domain/scheduler/service.go:92.68,94.16 2 2
github.com/matiasleandrokruk/fenix/internal/domain/scheduler/service.go:94.16,96.3 1 0
github.com/matiasleandrokruk/fenix/internal/domain/scheduler/service.go:97.2,97.17 1 2
github.com/matiasleandrokruk/fenix/internal/domain/scheduler/service.go:100.82,102.16 2 5
github.com/matiasleandrokruk/fenix/internal/domain/scheduler/service.go:102.16,104.3 1 1
github.com/matiasleandrokruk/fenix/internal/domain/scheduler/service.go:105.2,105.17 1 4
github.com/matiasleandrokruk/fenix/internal/domain/scheduler/service.go:108.76,110.16 2 2
github.com/matiasleandrokruk/fenix/internal/domain/scheduler/service.go:110.16,112.3 1 0
github.com/matiasleandrokruk/fenix/internal/domain/scheduler/service.go:113.2,113.37 1 2
github.com/matiasleandrokruk/fenix/internal/domain/scheduler/service.go:116.74,118.16 2 1
github.com/matiasleandrokruk/fenix/internal/domain/scheduler/service.go:118.16,120.3 1 0
github.com/matiasleandrokruk/fenix/internal/domain/scheduler/service.go:121.2,121.42 1 1
github.com/matiasleandrokruk/fenix/internal/domain/scheduler/service.go:124.46,126.2 1 1
github.com/matiasleandrokruk/fenix/internal/domain/scheduler/service.go:128.97,129.23 1 3
github.com/matiasleandrokruk/fenix/internal/domain/scheduler/service.go:129.23,131.3 1 1
github.com/matiasleandrokruk/fenix/internal/domain/scheduler/service.go:132.2,132.17 1 2
github.com/matiasleandrokruk/fenix/internal/domain/scheduler/service.go:132.17,134.3 1 1
github.com/matiasleandrokruk/fenix/internal/domain/scheduler/service.go:135.2,135.47 1 1
github.com/matiasleandrokruk/fenix/internal/domain/scheduler/service.go:138.100,139.23 1 2
github.com/matiasleandrokruk/fenix/internal/domain/scheduler/service.go:139.23,141.3 1 0
github.com/matiasleandrokruk/fenix/internal/domain/scheduler/service.go:142.2,142.20 1 2
github.com/matiasleandrokruk/fenix/internal/domain/scheduler/service.go:142.20,144.3 1 1
github.com/matiasleandrokruk/fenix/internal/domain/scheduler/service.go:145.2,145.58 1 1
github.com/matiasleandrokruk/fenix/internal/domain/scheduler/service.go:148.59,149.9 1 7
github.com/matiasleandrokruk/fenix/internal/domain/scheduler/service.go:150.29,151.75 1 1
github.com/matiasleandrokruk/fenix/internal/domain/scheduler/service.go:152.25,153.73 1 1
github.com/matiasleandrokruk/fenix/internal/domain/scheduler/service.go:154.26,155.74 1 1
github.com/matiasleandrokruk/fenix/internal/domain/scheduler/service.go:156.10,157.13 1 4
github.com/matiasleandrokruk/fenix/internal/domain/scheduler/worker.go:29.62,35.36 1 7
github.com/matiasleandrokruk/fenix/internal/domain/scheduler/worker.go:35.36,35.63 1 1
github.com/matiasleandrokruk/fenix/internal/domain/scheduler/worker.go:36.65,37.11 1 0
github.com/matiasleandrokruk/fenix/internal/domain/scheduler/worker.go:38.22,39.21 1 0
github.com/matiasleandrokruk/fenix/internal/domain/scheduler/worker.go:40.29,41.15 1 0
github.com/matiasleandrokruk/fenix/internal/domain/scheduler/worker.go:47.51,48.37 1 3
github.com/matiasleandrokruk/fenix/internal/domain/scheduler/worker.go:48.37,50.3 1 2
github.com/matiasleandrokruk/fenix/internal/domain/scheduler/worker.go:51.2,52.32 2 1
github.com/matiasleandrokruk/fenix/internal/domain/scheduler/worker.go:55.62,56.6 1 1
github.com/matiasleandrokruk/fenix/internal/domain/scheduler/worker.go:56.6,57.73 1 1
github.com/matiasleandrokruk/fenix/internal/domain/scheduler/worker.go:57.73,59.4 1 0
github.com/matiasleandrokruk/fenix/internal/domain/scheduler/worker.go:60.3,60.56 1 1
github.com/matiasleandrokruk/fenix/internal/domain/scheduler/worker.go:60.56,62.4 1 1
github.com/matiasleandrokruk/fenix/internal/domain/scheduler/worker.go:66.54,68.16 2 7
github.com/matiasleandrokruk/fenix/internal/domain/scheduler/worker.go:68.16,70.3 1 0
github.com/matiasleandrokruk/fenix/internal/domain/scheduler/worker.go:71.2,71.20 1 7
github.com/matiasleandrokruk/fenix/internal/domain/scheduler/worker.go:71.20,73.3 1 1
github.com/matiasleandrokruk/fenix/internal/domain/scheduler/worker.go:75.2,75.36 1 6
github.com/matiasleandrokruk/fenix/internal/domain/scheduler/worker.go:78.35,79.19 1 10
github.com/matiasleandrokruk/fenix/internal/domain/scheduler/worker.go:79.19,81.3 1 1
github.com/matiasleandrokruk/fenix/internal/domain/scheduler/worker.go:82.2,82.22 1 9
github.com/matiasleandrokruk/fenix/internal/domain/scheduler/worker.go:82.22,84.3 1 1
github.com/matiasleandrokruk/fenix/internal/domain/scheduler/worker.go:85.2,85.12 1 8
github.com/matiasleandrokruk/fenix/internal/domain/scheduler/worker.go:88.36,89.27 1 1
github.com/matiasleandrokruk/fenix/internal/domain/scheduler/worker.go:89.27,91.3 1 1
github.com/matiasleandrokruk/fenix/internal/domain/scheduler/worker.go:92.2,92.25 1 1
github.com/matiasleandrokruk/fenix/internal/domain/scheduler/worker.go:92.25,94.3 1 1
github.com/matiasleandrokruk/fenix/internal/domain/scheduler/worker.go:97.81,98.37 1 7
github.com/matiasleandrokruk/fenix/internal/domain/scheduler/worker.go:98.37,100.3 1 0
github.com/matiasleandrokruk/fenix/internal/domain/scheduler/worker.go:101.2,102.16 2 7
github.com/matiasleandrokruk/fenix/internal/domain/scheduler/worker.go:102.16,104.3 1 0
[...]
github.com/matiasleandrokruk/fenix/internal/api/handlers/tool.go:64.29,66.3 1 1
github.com/matiasleandrokruk/fenix/internal/api/handlers/tool.go:68.2,70.103 3 1
github.com/matiasleandrokruk/fenix/internal/api/handlers/tool.go:73.74,74.81 1 6
github.com/matiasleandrokruk/fenix/internal/api/handlers/tool.go:74.81,76.3 1 1
github.com/matiasleandrokruk/fenix/internal/api/handlers/tool.go:78.2,79.16 2 5
github.com/matiasleandrokruk/fenix/internal/api/handlers/tool.go:79.16,82.3 2 0
github.com/matiasleandrokruk/fenix/internal/api/handlers/tool.go:84.2,85.9 2 5
github.com/matiasleandrokruk/fenix/internal/api/handlers/tool.go:85.9,87.3 1 2
github.com/matiasleandrokruk/fenix/internal/api/handlers/tool.go:88.2,98.16 3 3
github.com/matiasleandrokruk/fenix/internal/api/handlers/tool.go:98.16,101.3 2 0
github.com/matiasleandrokruk/fenix/internal/api/handlers/tool.go:103.2,105.53 3 3
github.com/matiasleandrokruk/fenix/internal/api/handlers/tool.go:108.74,109.81 1 2
github.com/matiasleandrokruk/fenix/internal/api/handlers/tool.go:109.81,111.3 1 0
github.com/matiasleandrokruk/fenix/internal/api/handlers/tool.go:113.2,114.9 2 2
github.com/matiasleandrokruk/fenix/internal/api/handlers/tool.go:114.9,116.3 1 0
github.com/matiasleandrokruk/fenix/internal/api/handlers/tool.go:118.2,119.14 2 2
github.com/matiasleandrokruk/fenix/internal/api/handlers/tool.go:119.14,122.3 2 0
github.com/matiasleandrokruk/fenix/internal/api/handlers/tool.go:124.2,125.9 2 2
github.com/matiasleandrokruk/fenix/internal/api/handlers/tool.go:125.9,127.3 1 0
github.com/matiasleandrokruk/fenix/internal/api/handlers/tool.go:129.2,137.16 2 2
github.com/matiasleandrokruk/fenix/internal/api/handlers/tool.go:137.16,140.3 2 1
github.com/matiasleandrokruk/fenix/internal/api/handlers/tool.go:142.2,142.41 1 1
github.com/matiasleandrokruk/fenix/internal/api/handlers/tool.go:145.76,147.2 1 2
github.com/matiasleandrokruk/fenix/internal/api/handlers/tool.go:149.78,151.2 1 1
github.com/matiasleandrokruk/fenix/internal/api/handlers/tool.go:153.74,155.2 1 3
github.com/matiasleandrokruk/fenix/internal/api/handlers/tool.go:157.107,158.67 1 3
github.com/matiasleandrokruk/fenix/internal/api/handlers/tool.go:158.67,160.3 1 0
github.com/matiasleandrokruk/fenix/internal/api/handlers/tool.go:162.2,163.9 2 3
github.com/matiasleandrokruk/fenix/internal/api/handlers/tool.go:163.9,165.3 1 0
github.com/matiasleandrokruk/fenix/internal/api/handlers/tool.go:167.2,168.14 2 3
github.com/matiasleandrokruk/fenix/internal/api/handlers/tool.go:168.14,171.3 2 0
github.com/matiasleandrokruk/fenix/internal/api/handlers/tool.go:173.2,174.16 2 3
github.com/matiasleandrokruk/fenix/internal/api/handlers/tool.go:174.16,177.3 2 1
github.com/matiasleandrokruk/fenix/internal/api/handlers/tool.go:179.2,179.41 1 2
github.com/matiasleandrokruk/fenix/internal/api/handlers/tool.go:182.90,184.73 2 7
github.com/matiasleandrokruk/fenix/internal/api/handlers/tool.go:184.73,187.3 2 1
github.com/matiasleandrokruk/fenix/internal/api/handlers/tool.go:188.2,188.20 1 6
github.com/matiasleandrokruk/fenix/internal/api/handlers/tool.go:188.20,191.3 2 1
github.com/matiasleandrokruk/fenix/internal/api/handlers/tool.go:192.2,192.18 1 5
github.com/matiasleandrokruk/fenix/internal/api/handlers/tool.go:195.55,196.9 1 6
github.com/matiasleandrokruk/fenix/internal/api/handlers/tool.go:197.18,198.9 1 0
github.com/matiasleandrokruk/fenix/internal/api/handlers/tool.go:199.54,200.66 1 3
github.com/matiasleandrokruk/fenix/internal/api/handlers/tool.go:201.53,202.52 1 2
github.com/matiasleandrokruk/fenix/internal/api/handlers/tool.go:203.10,204.52 1 1
github.com/matiasleandrokruk/fenix/internal/api/handlers/tool.go:208.59,209.74 1 3
github.com/matiasleandrokruk/fenix/internal/api/handlers/tool.go:209.74,211.3 1 3
github.com/matiasleandrokruk/fenix/internal/api/handlers/tool.go:212.2,212.12 1 0
github.com/matiasleandrokruk/fenix/internal/api/handlers/tool.go:215.61,227.2 1 7
github.com/matiasleandrokruk/fenix/internal/api/handlers/workflow.go:106.67,108.2 1 16
github.com/matiasleandrokruk/fenix/internal/api/handlers/workflow.go:110.105,112.2 1 1
github.com/matiasleandrokruk/fenix/internal/api/handlers/workflow.go:114.348,130.2 1 9
github.com/matiasleandrokruk/fenix/internal/api/handlers/workflow.go:132.74,133.79 1 2
github.com/matiasleandrokruk/fenix/internal/api/handlers/workflow.go:133.79,135.3 1 0
github.com/matiasleandrokruk/fenix/internal/api/handlers/workflow.go:137.2,138.9 2 2
github.com/matiasleandrokruk/fenix/internal/api/handlers/workflow.go:138.9,140.3 1 0
github.com/matiasleandrokruk/fenix/internal/api/handlers/workflow.go:142.2,143.33 2 2
github.com/matiasleandrokruk/fenix/internal/api/handlers/workflow.go:143.33,145.3 1 0
github.com/matiasleandrokruk/fenix/internal/api/handlers/workflow.go:147.2,149.18 3 2
github.com/matiasleandrokruk/fenix/internal/api/handlers/workflow.go:149.18,151.3 1 2
github.com/matiasleandrokruk/fenix/internal/api/handlers/workflow.go:153.2,162.16 2 2
github.com/matiasleandrokruk/fenix/internal/api/handlers/workflow.go:162.16,165.3 2 1
github.com/matiasleandrokruk/fenix/internal/api/handlers/workflow.go:167.2,168.72 2 1
github.com/matiasleandrokruk/fenix/internal/api/handlers/workflow.go:171.71,172.76 1 1
github.com/matiasleandrokruk/fenix/internal/api/handlers/workflow.go:172.76,174.3 1 0
github.com/matiasleandrokruk/fenix/internal/api/handlers/workflow.go:176.2,177.9 2 1
github.com/matiasleandrokruk/fenix/internal/api/handlers/workflow.go:177.9,179.3 1 0
github.com/matiasleandrokruk/fenix/internal/api/handlers/workflow.go:181.2,182.14 2 1
github.com/matiasleandrokruk/fenix/internal/api/handlers/workflow.go:182.14,185.3 2 0
github.com/matiasleandrokruk/fenix/internal/api/handlers/workflow.go:187.2,188.16 2 1
github.com/matiasleandrokruk/fenix/internal/api/handlers/workflow.go:188.16,191.3 2 1
github.com/matiasleandrokruk/fenix/internal/api/handlers/workflow.go:193.2,193.72 1 0
github.com/matiasleandrokruk/fenix/internal/api/handlers/workflow.go:196.72,197.77 1 2
github.com/matiasleandrokruk/fenix/internal/api/handlers/workflow.go:197.77,199.3 1 0
github.com/matiasleandrokruk/fenix/internal/api/handlers/workflow.go:201.2,202.9 2 2
github.com/matiasleandrokruk/fenix/internal/api/handlers/workflow.go:202.9,204.3 1 0
github.com/matiasleandrokruk/fenix/internal/api/handlers/workflow.go:206.2,207.16 2 2
github.com/matiasleandrokruk/fenix/internal/api/handlers/workflow.go:207.16,210.3 2 1
github.com/matiasleandrokruk/fenix/internal/api/handlers/workflow.go:212.2,213.16 2 1
github.com/matiasleandrokruk/fenix/internal/api/handlers/workflow.go:213.16,216.3 2 0
github.com/matiasleandrokruk/fenix/internal/api/handlers/workflow.go:218.2,219.31 2 1
github.com/matiasleandrokruk/fenix/internal/api/handlers/workflow.go:219.31,221.3 1 1
github.com/matiasleandrokruk/fenix/internal/api/handlers/workflow.go:222.2,222.57 1 1
github.com/matiasleandrokruk/fenix/internal/api/handlers/workflow.go:225.74,226.82 1 2
github.com/matiasleandrokruk/fenix/internal/api/handlers/workflow.go:226.82,228.3 1 0
github.com/matiasleandrokruk/fenix/internal/api/handlers/workflow.go:229.2,230.9 2 2
github.com/matiasleandrokruk/fenix/internal/api/handlers/workflow.go:230.9,232.3 1 0
github.com/matiasleandrokruk/fenix/internal/api/handlers/workflow.go:233.2,234.14 2 2
github.com/matiasleandrokruk/fenix/internal/api/handlers/workflow.go:234.14,237.3 2 0
github.com/matiasleandrokruk/fenix/internal/api/handlers/workflow.go:238.2,239.33 2 2
github.com/matiasleandrokruk/fenix/internal/api/handlers/workflow.go:239.33,241.3 1 0
github.com/matiasleandrokruk/fenix/internal/api/handlers/workflow.go:242.2,248.16 2 2
github.com/matiasleandrokruk/fenix/internal/api/handlers/workflow.go:248.16,251.3 2 1
github.com/matiasleandrokruk/fenix/internal/api/handlers/workflow.go:252.2,253.72 2 1
github.com/matiasleandrokruk/fenix/internal/api/handlers/workflow.go:256.80,257.76 1 1
github.com/matiasleandrokruk/fenix/internal/api/handlers/workflow.go:257.76,259.3 1 0
github.com/matiasleandrokruk/fenix/internal/api/handlers/workflow.go:261.2,262.9 2 1
github.com/matiasleandrokruk/fenix/internal/api/handlers/workflow.go:262.9,264.3 1 0
github.com/matiasleandrokruk/fenix/internal/api/handlers/workflow.go:266.2,267.14 2 1
github.com/matiasleandrokruk/fenix/internal/api/handlers/workflow.go:267.14,270.3 2 0
github.com/matiasleandrokruk/fenix/internal/api/handlers/workflow.go:272.2,273.16 2 1
github.com/matiasleandrokruk/fenix/internal/api/handlers/workflow.go:273.16,276.3 2 0
github.com/matiasleandrokruk/fenix/internal/api/handlers/workflow.go:278.2,279.31 2 1
github.com/matiasleandrokruk/fenix/internal/api/handlers/workflow.go:279.31,281.3 1 2
github.com/matiasleandrokruk/fenix/internal/api/handlers/workflow.go:282.2,282.57 1 1
github.com/matiasleandrokruk/fenix/internal/api/handlers/workflow.go:285.78,286.82 1 1
github.com/matiasleandrokruk/fenix/internal/api/handlers/workflow.go:286.82,288.3 1 0
github.com/matiasleandrokruk/fenix/internal/api/handlers/workflow.go:290.2,291.9 2 1
github.com/matiasleandrokruk/fenix/internal/api/handlers/workflow.go:291.9,293.3 1 0
github.com/matiasleandrokruk/fenix/internal/api/handlers/workflow.go:295.2,296.14 2 1
github.com/matiasleandrokruk/fenix/internal/api/handlers/workflow.go:296.14,299.3 2 0
github.com/matiasleandrokruk/fenix/internal/api/handlers/workflow.go:301.2,302.16 2 1
github.com/matiasleandrokruk/fenix/internal/api/handlers/workflow.go:302.16,305.3 2 0
github.com/matiasleandrokruk/fenix/internal/api/handlers/workflow.go:307.2,307.72 1 1
github.com/matiasleandrokruk/fenix/internal/api/handlers/workflow.go:310.76,311.82 1 1
github.com/matiasleandrokruk/fenix/internal/api/handlers/workflow.go:311.82,313.3 1 0
github.com/matiasleandrokruk/fenix/internal/api/handlers/workflow.go:315.2,316.9 2 1
github.com/matiasleandrokruk/fenix/internal/api/handlers/workflow.go:316.9,318.3 1 0
github.com/matiasleandrokruk/fenix/internal/api/handlers/workflow.go:320.2,321.14 2 1
github.com/matiasleandrokruk/fenix/internal/api/handlers/workflow.go:321.14,324.3 2 0
github.com/matiasleandrokruk/fenix/internal/api/handlers/workflow.go:326.2,327.16 2 1
github.com/matiasleandrokruk/fenix/internal/api/handlers/workflow.go:327.16,330.3 2 0
github.com/matiasleandrokruk/fenix/internal/api/handlers/workflow.go:331.2,332.72 2 1
github.com/matiasleandrokruk/fenix/internal/api/handlers/workflow.go:335.74,336.59 1 4
github.com/matiasleandrokruk/fenix/internal/api/handlers/workflow.go:336.59,338.3 1 4
github.com/matiasleandrokruk/fenix/internal/api/handlers/workflow.go:341.74,343.2 1 1
github.com/matiasleandrokruk/fenix/internal/api/handlers/workflow.go:345.74,346.79 1 4
github.com/matiasleandrokruk/fenix/internal/api/handlers/workflow.go:346.79,348.3 1 0
github.com/matiasleandrokruk/fenix/internal/api/handlers/workflow.go:349.2,350.9 2 4
github.com/matiasleandrokruk/fenix/internal/api/handlers/workflow.go:350.9,352.3 1 1
github.com/matiasleandrokruk/fenix/internal/api/handlers/workflow.go:353.2,354.9 2 3
github.com/matiasleandrokruk/fenix/internal/api/handlers/workflow.go:354.9,356.3 1 0
github.com/matiasleandrokruk/fenix/internal/api/handlers/workflow.go:357.2,357.74 1 3
github.com/matiasleandrokruk/fenix/internal/api/handlers/workflow.go:357.74,359.3 1 0
github.com/matiasleandrokruk/fenix/internal/api/handlers/workflow.go:360.2,360.31 1 3
github.com/matiasleandrokruk/fenix/internal/api/handlers/workflow.go:363.76,364.81 1 3
github.com/matiasleandrokruk/fenix/internal/api/handlers/workflow.go:364.81,366.3 1 0
github.com/matiasleandrokruk/fenix/internal/api/handlers/workflow.go:367.2,368.9 2 3
github.com/matiasleandrokruk/fenix/internal/api/handlers/workflow.go:368.9,370.3 1 0
github.com/matiasleandrokruk/fenix/internal/api/handlers/workflow.go:371.2,371.45 1 3
github.com/matiasleandrokruk/fenix/internal/api/handlers/workflow.go:371.45,373.3 1 1
github.com/matiasleandrokruk/fenix/internal/api/handlers/workflow.go:374.2,375.9 2 2
github.com/matiasleandrokruk/fenix/internal/api/handlers/workflow.go:375.9,377.3 1 0
github.com/matiasleandrokruk/fenix/internal/api/handlers/workflow.go:378.2,378.20 1 2
github.com/matiasleandrokruk/fenix/internal/api/handlers/workflow.go:378.20,381.3 2 1
github.com/matiasleandrokruk/fenix/internal/api/handlers/workflow.go:382.2,383.9 2 1
github.com/matiasleandrokruk/fenix/internal/api/handlers/workflow.go:383.9,385.3 1 0
github.com/matiasleandrokruk/fenix/internal/api/handlers/workflow.go:386.2,386.33 1 1
github.com/matiasleandrokruk/fenix/internal/api/handlers/workflow.go:389.75,390.80 1 3
github.com/matiasleandrokruk/fenix/internal/api/handlers/workflow.go:390.80,392.3 1 0
github.com/matiasleandrokruk/fenix/internal/api/handlers/workflow.go:393.2,394.9 2 3
github.com/matiasleandrokruk/fenix/internal/api/handlers/workflow.go:394.9,396.3 1 0
github.com/matiasleandrokruk/fenix/internal/api/handlers/workflow.go:397.2,397.30 1 3
github.com/matiasleandrokruk/fenix/internal/api/handlers/workflow.go:397.30,400.3 2 0
github.com/matiasleandrokruk/fenix/internal/api/handlers/workflow.go:401.2,402.14 2 3
github.com/matiasleandrokruk/fenix/internal/api/handlers/workflow.go:402.14,405.3 2 0
github.com/matiasleandrokruk/fenix/internal/api/handlers/workflow.go:406.2,407.52 2 3
github.com/matiasleandrokruk/fenix/internal/api/handlers/workflow.go:407.52,409.3 1 0
github.com/matiasleandrokruk/fenix/internal/api/handlers/workflow.go:410.2,411.10 2 3
github.com/matiasleandrokruk/fenix/internal/api/handlers/workflow.go:411.10,413.3 1 2
github.com/matiasleandrokruk/fenix/internal/api/handlers/workflow.go:414.2,417.4 2 1
github.com/matiasleandrokruk/fenix/internal/api/handlers/workflow.go:420.157,422.16 2 3
github.com/matiasleandrokruk/fenix/internal/api/handlers/workflow.go:422.16,425.3 2 0
github.com/matiasleandrokruk/fenix/internal/api/handlers/workflow.go:426.2,426.61 1 3
github.com/matiasleandrokruk/fenix/internal/api/handlers/workflow.go:426.61,429.3 2 2
github.com/matiasleandrokruk/fenix/internal/api/handlers/workflow.go:430.2,431.16 2 1
github.com/matiasleandrokruk/fenix/internal/api/handlers/workflow.go:431.16,434.3 2 0
github.com/matiasleandrokruk/fenix/internal/api/handlers/workflow.go:435.2,435.18 1 1
github.com/matiasleandrokruk/fenix/internal/api/handlers/workflow.go:438.137,440.9 2 8
github.com/matiasleandrokruk/fenix/internal/api/handlers/workflow.go:440.9,442.3 1 0
github.com/matiasleandrokruk/fenix/internal/api/handlers/workflow.go:443.2,444.14 2 8
github.com/matiasleandrokruk/fenix/internal/api/handlers/workflow.go:444.14,447.3 2 0
github.com/matiasleandrokruk/fenix/internal/api/handlers/workflow.go:448.2,449.16 2 8
github.com/matiasleandrokruk/fenix/internal/api/handlers/workflow.go:449.16,452.3 2 1
github.com/matiasleandrokruk/fenix/internal/api/handlers/workflow.go:453.2,453.36 1 7
github.com/matiasleandrokruk/fenix/internal/api/handlers/workflow.go:456.148,458.16 2 6
github.com/matiasleandrokruk/fenix/internal/api/handlers/workflow.go:458.16,461.3 2 0
github.com/matiasleandrokruk/fenix/internal/api/handlers/workflow.go:462.2,462.21 1 6
github.com/matiasleandrokruk/fenix/internal/api/handlers/workflow.go:465.191,466.65 1 4
github.com/matiasleandrokruk/fenix/internal/api/handlers/workflow.go:466.65,468.3 1 2
github.com/matiasleandrokruk/fenix/internal/api/handlers/workflow.go:469.2,469.89 1 2
github.com/matiasleandrokruk/fenix/internal/api/handlers/workflow.go:469.89,472.3 2 0
github.com/matiasleandrokruk/fenix/internal/api/handlers/workflow.go:473.2,473.13 1 2
github.com/matiasleandrokruk/fenix/internal/api/handlers/workflow.go:476.95,477.49 1 4
github.com/matiasleandrokruk/fenix/internal/api/handlers/workflow.go:477.49,479.3 1 3
github.com/matiasleandrokruk/fenix/internal/api/handlers/workflow.go:480.2,481.14 2 1
github.com/matiasleandrokruk/fenix/internal/api/handlers/workflow.go:484.157,486.16 2 2
github.com/matiasleandrokruk/fenix/internal/api/handlers/workflow.go:486.16,489.3 2 0
github.com/matiasleandrokruk/fenix/internal/api/handlers/workflow.go:490.2,491.18 2 2
github.com/matiasleandrokruk/fenix/internal/api/handlers/workflow.go:494.94,497.2 2 4
github.com/matiasleandrokruk/fenix/internal/api/handlers/workflow.go:499.96,502.2 2 2
github.com/matiasleandrokruk/fenix/internal/api/handlers/workflow.go:504.107,507.2 2 2
github.com/matiasleandrokruk/fenix/internal/api/handlers/workflow.go:509.54,511.2 1 5
github.com/matiasleandrokruk/fenix/internal/api/handlers/workflow.go:513.72,514.68 1 6
github.com/matiasleandrokruk/fenix/internal/api/handlers/workflow.go:514.68,516.3 1 2
github.com/matiasleandrokruk/fenix/internal/api/handlers/workflow.go:517.2,517.48 1 4
github.com/matiasleandrokruk/fenix/internal/api/handlers/workflow.go:517.48,519.3 1 2
github.com/matiasleandrokruk/fenix/internal/api/handlers/workflow.go:520.2,520.12 1 2
github.com/matiasleandrokruk/fenix/internal/api/handlers/workflow.go:523.162,527.18 4 2
github.com/matiasleandrokruk/fenix/internal/api/handlers/workflow.go:527.18,529.3 1 1
github.com/matiasleandrokruk/fenix/internal/api/handlers/workflow.go:530.2,544.4 1 2
github.com/matiasleandrokruk/fenix/internal/api/handlers/workflow.go:547.90,549.51 2 4
github.com/matiasleandrokruk/fenix/internal/api/handlers/workflow.go:549.51,551.3 1 1
github.com/matiasleandrokruk/fenix/internal/api/handlers/workflow.go:552.2,552.60 1 4
github.com/matiasleandrokruk/fenix/internal/api/handlers/workflow.go:552.60,554.17 2 3
github.com/matiasleandrokruk/fenix/internal/api/handlers/workflow.go:555.125,556.26 1 1
github.com/matiasleandrokruk/fenix/internal/api/handlers/workflow.go:557.11,558.55 1 2
github.com/matiasleandrokruk/fenix/internal/api/handlers/workflow.go:561.2,561.19 1 2
github.com/matiasleandrokruk/fenix/internal/api/handlers/workflow.go:564.59,565.9 1 8
github.com/matiasleandrokruk/fenix/internal/api/handlers/workflow.go:566.58,567.59 1 3
github.com/matiasleandrokruk/fenix/internal/api/handlers/workflow.go:568.62,569.61 1 2
github.com/matiasleandrokruk/fenix/internal/api/handlers/workflow.go:575.60,576.50 1 2
github.com/matiasleandrokruk/fenix/internal/api/handlers/workflow.go:577.10,578.61 1 1
github.com/matiasleandrokruk/fenix/internal/api/handlers/workflow.go:582.66,583.9 1 4
github.com/matiasleandrokruk/fenix/internal/api/handlers/workflow.go:584.104,585.59 1 2
github.com/matiasleandrokruk/fenix/internal/api/handlers/workflow.go:587.47,588.61 1 2
github.com/matiasleandrokruk/fenix/internal/api/handlers/workflow.go:589.10,590.61 1 0
github.com/matiasleandrokruk/fenix/internal/api/handlers/workflow.go:594.114,595.43 1 4
github.com/matiasleandrokruk/fenix/internal/api/handlers/workflow.go:595.43,597.3 1 1
github.com/matiasleandrokruk/fenix/internal/api/handlers/workflow.go:598.2,598.34 1 3
github.com/matiasleandrokruk/fenix/internal/api/handlers/workflow.go:601.71,602.19 1 6
github.com/matiasleandrokruk/fenix/internal/api/handlers/workflow.go:602.19,604.3 1 4
github.com/matiasleandrokruk/fenix/internal/api/handlers/workflow.go:605.2,605.12 1 2
github.com/matiasleandrokruk/fenix/internal/api/handlers/workflow.go:612.122,613.95 1 2
github.com/matiasleandrokruk/fenix/internal/api/handlers/workflow.go:613.95,615.3 1 1
github.com/matiasleandrokruk/fenix/internal/api/handlers/workflow.go:616.2,616.24 1 1
github.com/matiasleandrokruk/fenix/internal/api/handlers/workflow.go:619.152,620.209 1 3
github.com/matiasleandrokruk/fenix/internal/api/handlers/workflow.go:620.209,622.3 1 0
github.com/matiasleandrokruk/fenix/internal/api/handlers/workflow.go:623.2,623.24 1 3
github.com/matiasleandrokruk/fenix/internal/api/handlers/workflow.go:626.72,627.15 1 11
github.com/matiasleandrokruk/fenix/internal/api/handlers/workflow.go:627.15,629.3 1 1
github.com/matiasleandrokruk/fenix/internal/api/handlers/workflow.go:631.2,646.3 1 10
github.com/matiasleandrokruk/fenix/internal/api/handlers/workflow.go:649.59,650.18 1 12
github.com/matiasleandrokruk/fenix/internal/api/handlers/workflow.go:650.18,652.3 1 10
github.com/matiasleandrokruk/fenix/internal/api/handlers/workflow.go:653.2,654.19 2 2
